TN:
SF:app.js
FNF:0
FNH:0
DA:4,7
DA:5,7
DA:6,7
DA:7,7
DA:8,7
DA:9,7
DA:10,7
DA:12,7
DA:13,7
DA:14,7
DA:16,7
DA:17,7
DA:19,7
LF:13
LH:13
BRF:0
BRH:0
end_of_record
TN:
SF:config\mongoose.js
FN:10,(anonymous_0)
FNF:1
FNH:1
FNDA:7,(anonymous_0)
DA:1,7
DA:4,7
DA:5,0
DA:7,7
DA:10,7
DA:11,7
DA:12,0
DA:14,7
LF:8
LH:6
BRDA:4,0,0,0
BRDA:4,0,1,7
BRDA:11,1,0,0
BRDA:11,1,1,7
BRF:4
BRH:2
end_of_record
TN:
SF:controllers\announcmentController.js
FN:7,(anonymous_0)
FN:35,(anonymous_1)
FN:43,(anonymous_2)
FN:64,(anonymous_3)
FN:80,(anonymous_4)
FN:117,(anonymous_5)
FN:125,(anonymous_6)
FNF:7
FNH:6
FNDA:3,(anonymous_0)
FNDA:2,(anonymous_1)
FNDA:2,(anonymous_2)
FNDA:4,(anonymous_3)
FNDA:2,(anonymous_4)
FNDA:0,(anonymous_5)
FNDA:2,(anonymous_6)
DA:1,7
DA:3,7
DA:4,7
DA:8,3
DA:9,3
DA:15,3
DA:16,3
DA:17,1
DA:26,1
DA:29,1
DA:31,2
DA:32,0
DA:34,2
DA:35,2
DA:36,2
DA:38,2
DA:44,2
DA:45,2
DA:46,2
DA:47,2
DA:51,2
DA:53,0
DA:57,0
DA:60,0
DA:65,4
DA:66,4
DA:67,4
DA:70,4
DA:71,2
DA:73,2
DA:76,2
DA:81,2
DA:86,2
DA:88,2
DA:89,2
DA:95,2
DA:96,1
DA:108,1
DA:110,1
DA:113,1
DA:114,1
DA:116,0
DA:117,0
DA:118,0
DA:120,0
DA:126,2
DA:127,2
DA:129,2
DA:130,2
DA:133,2
DA:134,1
DA:146,1
DA:148,1
DA:151,1
DA:152,1
DA:157,7
LF:56
LH:48
BRDA:31,0,0,0
BRDA:31,0,1,2
BRDA:46,1,0,2
BRDA:46,1,1,0
BRDA:70,2,0,2
BRDA:70,2,1,2
BRDA:95,3,0,1
BRDA:95,3,1,1
BRDA:113,4,0,1
BRDA:113,4,1,0
BRDA:133,5,0,1
BRDA:133,5,1,1
BRF:12
BRH:9
end_of_record
TN:
SF:controllers\aspirationController.js
FN:7,(anonymous_0)
FN:24,(anonymous_1)
FN:32,(anonymous_2)
FN:49,(anonymous_3)
FN:57,(anonymous_4)
FN:97,(anonymous_5)
FNF:6
FNH:4
FNDA:1,(anonymous_0)
FNDA:0,(anonymous_1)
FNDA:2,(anonymous_2)
FNDA:0,(anonymous_3)
FNDA:6,(anonymous_4)
FNDA:3,(anonymous_5)
DA:1,7
DA:2,7
DA:3,7
DA:8,1
DA:9,1
DA:11,1
DA:12,1
DA:13,0
DA:14,0
DA:16,1
DA:17,1
DA:20,0
DA:21,0
DA:23,0
DA:24,0
DA:25,0
DA:27,0
DA:33,2
DA:34,2
DA:35,2
DA:36,2
DA:37,1
DA:39,1
DA:45,1
DA:46,1
DA:48,0
DA:49,0
DA:50,0
DA:52,0
DA:58,6
DA:60,6
DA:66,6
DA:67,6
DA:68,5
DA:69,5
DA:70,2
DA:79,1
DA:88,1
DA:91,1
DA:93,5
DA:94,2
DA:96,3
DA:97,3
DA:98,3
DA:100,3
DA:108,7
LF:46
LH:34
BRDA:12,0,0,0
BRDA:12,0,1,1
BRDA:20,1,0,0
BRDA:20,1,1,0
BRDA:36,2,0,1
BRDA:36,2,1,1
BRDA:45,3,0,1
BRDA:45,3,1,0
BRDA:93,4,0,2
BRDA:93,4,1,3
BRF:10
BRH:6
end_of_record
TN:
SF:controllers\categoriesController.js
FN:4,(anonymous_0)
FN:12,(anonymous_1)
FN:28,(anonymous_2)
FN:35,(anonymous_3)
FN:51,(anonymous_4)
FN:77,(anonymous_5)
FNF:6
FNH:1
FNDA:1,(anonymous_0)
FNDA:0,(anonymous_1)
FNDA:0,(anonymous_2)
FNDA:0,(anonymous_3)
FNDA:0,(anonymous_4)
FNDA:0,(anonymous_5)
DA:1,7
DA:5,1
DA:6,1
DA:7,1
DA:9,0
DA:13,0
DA:15,0
DA:16,0
DA:17,0
DA:21,0
DA:22,0
DA:24,0
DA:25,0
DA:27,0
DA:28,0
DA:29,0
DA:31,0
DA:36,0
DA:37,0
DA:38,0
DA:39,0
DA:40,0
DA:42,0
DA:48,0
DA:52,0
DA:54,0
DA:55,0
DA:56,0
DA:60,0
DA:65,0
DA:66,0
DA:68,0
DA:74,0
DA:78,0
DA:79,0
DA:80,0
DA:81,0
DA:83,0
DA:89,0
DA:93,7
LF:40
LH:5
BRDA:24,0,0,0
BRDA:24,0,1,0
BRDA:39,1,0,0
BRDA:39,1,1,0
BRDA:65,2,0,0
BRDA:65,2,1,0
BRDA:80,3,0,0
BRDA:80,3,1,0
BRF:8
BRH:0
end_of_record
TN:
SF:controllers\dinasController.js
FN:6,(anonymous_0)
FN:28,(anonymous_1)
FN:36,(anonymous_2)
FN:74,(anonymous_3)
FNF:4
FNH:4
FNDA:5,(anonymous_0)
FNDA:4,(anonymous_1)
FNDA:31,(anonymous_2)
FNDA:1,(anonymous_3)
DA:1,7
DA:2,7
DA:3,7
DA:7,5
DA:14,5
DA:15,5
DA:16,5
DA:17,0
DA:19,5
DA:20,1
DA:21,1
DA:24,4
DA:25,0
DA:27,4
DA:28,4
DA:29,4
DA:31,4
DA:37,31
DA:41,31
DA:42,31
DA:45,31
DA:46,30
DA:50,30
DA:51,29
DA:55,29
DA:61,1
DA:64,1
DA:67,2
DA:68,2
DA:70,2
DA:75,1
DA:76,1
DA:77,1
DA:79,0
DA:84,7
LF:35
LH:32
BRDA:11,0,0,5
BRDA:11,0,1,5
BRDA:16,1,0,0
BRDA:16,1,1,5
BRDA:24,2,0,0
BRDA:24,2,1,4
BRDA:45,3,0,30
BRDA:45,3,1,1
BRDA:50,4,0,29
BRDA:50,4,1,1
BRDA:67,5,0,2
BRDA:67,5,1,0
BRF:12
BRH:9
end_of_record
TN:
SF:controllers\notificationController.js
FN:4,(anonymous_0)
FNF:1
FNH:1
FNDA:1,(anonymous_0)
DA:1,7
DA:5,1
DA:6,1
DA:7,1
DA:8,1
DA:10,0
DA:11,0
DA:16,7
LF:8
LH:6
BRF:0
BRH:0
end_of_record
TN:
SF:controllers\reportController.js
FN:10,(anonymous_0)
FN:23,(anonymous_1)
FN:40,(anonymous_2)
FN:58,(anonymous_3)
FN:112,(anonymous_4)
FN:119,(anonymous_5)
FN:174,(anonymous_6)
FN:231,(anonymous_7)
FN:259,(anonymous_8)
FN:276,(anonymous_9)
FN:343,(anonymous_10)
FNF:11
FNH:11
FNDA:1,(anonymous_0)
FNDA:2,(anonymous_1)
FNDA:1,(anonymous_2)
FNDA:5,(anonymous_3)
FNDA:4,(anonymous_4)
FNDA:2,(anonymous_5)
FNDA:2,(anonymous_6)
FNDA:1,(anonymous_7)
FNDA:1,(anonymous_8)
FNDA:1,(anonymous_9)
FNDA:1,(anonymous_10)
DA:1,7
DA:3,7
DA:4,7
DA:5,7
DA:6,7
DA:11,1
DA:12,1
DA:13,1
DA:17,1
DA:19,0
DA:24,2
DA:25,2
DA:26,2
DA:30,2
DA:31,1
DA:33,1
DA:36,1
DA:41,1
DA:42,1
DA:46,1
DA:47,1
DA:49,0
DA:55,0
DA:59,5
DA:60,5
DA:73,5
DA:74,5
DA:75,5
DA:76,5
DA:77,5
DA:79,1
DA:88,1
DA:97,1
DA:106,1
DA:108,4
DA:109,0
DA:111,4
DA:112,4
DA:113,4
DA:115,4
DA:121,2
DA:122,2
DA:123,2
DA:124,1
DA:125,1
DA:129,1
DA:140,1
DA:151,1
DA:162,1
DA:164,1
DA:170,0
DA:171,0
DA:176,2
DA:177,2
DA:178,2
DA:179,1
DA:180,1
DA:184,1
DA:195,1
DA:206,1
DA:217,1
DA:219,1
DA:225,0
DA:226,0
DA:232,1
DA:233,1
DA:234,1
DA:235,1
DA:236,0
DA:240,0
DA:241,1
DA:242,0
DA:246,0
DA:248,1
DA:252,1
DA:255,0
DA:260,1
DA:261,1
DA:262,1
DA:266,1
DA:267,1
DA:269,0
DA:272,0
DA:277,1
DA:278,1
DA:279,1
DA:280,0
DA:282,1
DA:287,1
DA:288,1
DA:289,1
DA:290,1
DA:291,1
DA:292,1
DA:295,1
DA:297,1
DA:309,1
DA:321,1
DA:334,1
DA:336,0
DA:339,0
DA:344,1
DA:345,1
DA:346,1
DA:347,1
DA:348,1
DA:360,1
DA:372,1
DA:384,1
DA:386,0
DA:389,0
DA:390,0
DA:395,7
LF:113
LH:92
BRDA:30,0,0,1
BRDA:30,0,1,1
BRDA:46,1,0,1
BRDA:46,1,1,0
BRDA:108,2,0,0
BRDA:108,2,1,4
BRDA:123,3,0,1
BRDA:123,3,1,1
BRDA:178,4,0,1
BRDA:178,4,1,1
BRDA:235,5,0,0
BRDA:235,5,1,1
BRDA:241,6,0,0
BRDA:241,6,1,1
BRDA:266,7,0,1
BRDA:266,7,1,0
BRDA:279,8,0,0
BRDA:279,8,1,1
BRDA:289,9,0,1
BRDA:289,9,1,0
BRDA:347,10,0,1
BRDA:347,10,1,0
BRF:22
BRH:14
end_of_record
TN:
SF:controllers\userController.js
FN:8,(anonymous_0)
FN:39,(anonymous_1)
FN:49,(anonymous_2)
FN:75,(anonymous_3)
FN:84,(anonymous_4)
FN:88,(anonymous_5)
FN:105,(anonymous_6)
FN:114,(anonymous_7)
FN:119,(anonymous_8)
FNF:9
FNH:3
FNDA:8,(anonymous_0)
FNDA:6,(anonymous_1)
FNDA:27,(anonymous_2)
FNDA:0,(anonymous_3)
FNDA:0,(anonymous_4)
FNDA:0,(anonymous_5)
FNDA:0,(anonymous_6)
FNDA:0,(anonymous_7)
FNDA:0,(anonymous_8)
DA:1,7
DA:3,7
DA:4,7
DA:5,7
DA:9,8
DA:10,8
DA:19,8
DA:20,8
DA:21,8
DA:22,1
DA:24,7
DA:25,1
DA:27,6
DA:28,1
DA:32,7
DA:33,2
DA:38,5
DA:39,5
DA:40,6
DA:42,5
DA:50,27
DA:51,27
DA:52,27
DA:53,25
DA:54,25
DA:55,24
DA:59,24
DA:61,24
DA:63,1
DA:66,0
DA:69,2
DA:72,3
DA:76,0
DA:77,0
DA:78,0
DA:79,0
DA:85,0
DA:86,0
DA:89,0
DA:90,0
DA:92,0
DA:93,0
DA:94,0
DA:97,0
DA:98,0
DA:106,0
DA:111,0
DA:112,0
DA:115,0
DA:120,0
DA:121,0
DA:122,0
DA:123,0
DA:124,0
DA:127,0
DA:128,0
DA:129,0
DA:133,0
DA:137,0
DA:140,0
DA:143,0
DA:146,0
DA:147,0
DA:151,7
LF:64
LH:32
BRDA:21,0,0,1
BRDA:21,0,1,7
BRDA:24,1,0,1
BRDA:24,1,1,6
BRDA:32,2,0,2
BRDA:32,2,1,5
BRDA:52,3,0,25
BRDA:52,3,1,2
BRDA:53,4,0,25
BRDA:53,4,1,0
BRDA:54,5,0,24
BRDA:54,5,1,1
BRDA:89,6,0,0
BRDA:89,6,1,0
BRDA:123,7,0,0
BRDA:123,7,1,0
BRDA:127,8,0,0
BRDA:127,8,1,0
BRDA:128,9,0,0
BRDA:128,9,1,0
BRF:20
BRH:11
end_of_record
TN:
SF:helpers\bcrypt.js
FN:3,comparePassword
FN:6,hashPassword
FNF:2
FNH:2
FNDA:55,comparePassword
FNDA:8,hashPassword
DA:1,7
DA:4,55
DA:7,8
DA:10,7
LF:4
LH:4
BRF:0
BRH:0
end_of_record
TN:
SF:helpers\jwt.js
FN:3,(anonymous_0)
FN:8,(anonymous_1)
FN:13,(anonymous_2)
FN:20,(anonymous_3)
FNF:4
FNH:3
FNDA:64,(anonymous_0)
FNDA:67,(anonymous_1)
FNDA:8,(anonymous_2)
FNDA:0,(anonymous_3)
DA:1,7
DA:3,7
DA:4,64
DA:5,64
DA:8,7
DA:9,67
DA:10,62
DA:13,7
DA:14,8
DA:17,8
DA:20,7
DA:21,0
DA:22,0
DA:25,7
LF:14
LH:12
BRF:0
BRH:0
end_of_record
TN:
SF:middlewares\auth.js
FN:6,dinasAuth
FN:34,Userauth
FN:60,authEmailUser
FN:81,authZDinas
FNF:4
FNH:4
FNDA:27,dinasAuth
FNDA:45,Userauth
FNDA:27,authEmailUser
FNDA:9,authZDinas
DA:1,7
DA:2,7
DA:3,7
DA:4,7
DA:7,27
DA:9,27
DA:10,27
DA:11,27
DA:12,27
DA:16,27
DA:17,20
DA:22,20
DA:24,7
DA:27,0
DA:30,7
DA:35,45
DA:36,45
DA:37,45
DA:38,40
DA:39,35
DA:42,35
DA:43,27
DA:48,27
DA:50,8
DA:53,5
DA:56,18
DA:61,27
DA:63,27
DA:64,27
DA:66,27
DA:67,0
DA:69,27
DA:70,0
DA:72,27
DA:76,0
DA:82,9
DA:83,9
DA:84,9
DA:85,9
DA:86,9
DA:87,5
DA:88,3
DA:90,2
DA:93,4
DA:96,6
DA:100,7
LF:46
LH:42
BRDA:10,0,0,27
BRDA:10,0,1,0
BRDA:16,1,0,20
BRDA:16,1,1,7
BRDA:37,2,0,40
BRDA:37,2,1,5
BRDA:42,3,0,27
BRDA:42,3,1,8
BRDA:66,4,0,0
BRDA:66,4,1,27
BRDA:69,5,0,0
BRDA:69,5,1,27
BRDA:86,6,0,5
BRDA:86,6,1,4
BRDA:87,7,0,3
BRDA:87,7,1,2
BRF:16
BRH:13
end_of_record
TN:
SF:middlewares\errorHandler.js
FN:1,errorHandler
FNF:1
FNH:1
FNDA:53,errorHandler
DA:2,53
DA:3,53
DA:5,0
DA:6,0
DA:8,5
DA:9,5
DA:11,15
DA:12,15
DA:14,5
DA:15,5
DA:17,5
DA:18,5
DA:20,4
DA:21,4
DA:23,2
DA:24,2
DA:26,0
DA:29,0
DA:31,5
DA:32,5
DA:34,2
DA:35,2
DA:37,0
DA:41,0
DA:43,1
DA:44,1
DA:46,1
DA:47,1
DA:49,5
DA:50,5
DA:52,0
DA:53,0
DA:55,3
DA:56,3
DA:58,0
DA:61,7
LF:36
LH:27
BRDA:3,0,0,0
BRDA:3,0,1,5
BRDA:3,0,2,15
BRDA:3,0,3,5
BRDA:3,0,4,5
BRDA:3,0,5,4
BRDA:3,0,6,2
BRDA:3,0,7,0
BRDA:3,0,8,5
BRDA:3,0,9,2
BRDA:3,0,10,0
BRDA:3,0,11,1
BRDA:3,0,12,1
BRDA:3,0,13,5
BRDA:3,0,14,0
BRDA:3,0,15,3
BRDA:3,0,16,0
BRF:17
BRH:12
end_of_record
TN:
SF:models\announcment.js
FNF:0
FNH:0
DA:1,7
DA:2,7
DA:4,7
DA:22,7
DA:24,7
LF:5
LH:5
BRF:0
BRH:0
end_of_record
TN:
SF:models\aspiration.js
FNF:0
FNH:0
DA:1,7
DA:2,7
DA:4,7
DA:27,7
DA:29,7
LF:5
LH:5
BRF:0
BRH:0
end_of_record
TN:
SF:models\categories.js
FNF:0
FNH:0
DA:1,7
DA:3,7
DA:14,7
DA:15,7
LF:4
LH:4
BRF:0
BRH:0
end_of_record
TN:
SF:models\dinas.js
FN:14,(anonymous_0)
FN:43,(anonymous_1)
FN:46,(anonymous_2)
FN:60,(anonymous_3)
FNF:4
FNH:4
FNDA:9,(anonymous_0)
FNDA:6,(anonymous_1)
FNDA:12,(anonymous_2)
FNDA:21,(anonymous_3)
DA:1,7
DA:2,7
DA:3,7
DA:5,7
DA:15,9
DA:16,1
DA:43,7
DA:44,6
DA:46,6
DA:47,12
DA:50,6
DA:51,6
DA:53,6
DA:54,6
DA:56,6
DA:59,7
DA:60,21
DA:63,7
DA:65,7
LF:19
LH:19
BRDA:15,0,0,1
BRDA:15,0,1,8
BRF:2
BRH:2
end_of_record
TN:
SF:models\notification.js
FNF:0
FNH:0
DA:1,7
DA:3,7
DA:15,7
DA:17,7
LF:4
LH:4
BRF:0
BRH:0
end_of_record
TN:
SF:models\report.js
FN:60,(anonymous_0)
FNF:1
FNH:1
FNDA:3,(anonymous_0)
DA:1,7
DA:2,7
DA:3,7
DA:4,7
DA:6,7
DA:60,7
DA:61,3
DA:62,1
DA:64,1
DA:69,1
DA:73,1
DA:78,1
DA:81,3
DA:84,7
DA:86,7
LF:15
LH:15
BRDA:61,0,0,1
BRDA:61,0,1,2
BRDA:69,1,0,1
BRDA:69,1,1,0
BRF:4
BRH:3
end_of_record
TN:
SF:models\user.js
FN:18,(anonymous_0)
FN:51,(anonymous_1)
FN:80,(anonymous_2)
FNF:3
FNH:3
FNDA:10,(anonymous_0)
FNDA:8,(anonymous_1)
FNDA:1,(anonymous_2)
DA:1,7
DA:2,7
DA:3,7
DA:4,7
DA:5,7
DA:6,7
DA:7,7
DA:9,7
DA:19,10
DA:20,1
DA:51,7
DA:52,8
DA:53,8
DA:54,8
DA:57,8
DA:63,8
DA:65,8
DA:73,8
DA:80,8
DA:82,1
DA:83,0
DA:85,1
DA:88,8
DA:91,7
DA:92,7
LF:25
LH:24
BRDA:19,0,0,1
BRDA:19,0,1,9
BRDA:53,1,0,0
BRDA:53,1,1,8
BRDA:82,2,0,0
BRDA:82,2,1,1
BRF:6
BRH:4
end_of_record
TN:
SF:routers\announcment.js
FNF:0
FNH:0
DA:1,7
DA:2,7
DA:3,7
DA:5,7
DA:7,7
DA:8,7
DA:10,7
LF:7
LH:7
BRF:0
BRH:0
end_of_record
TN:
SF:routers\aspiration.js
FNF:0
FNH:0
DA:1,7
DA:2,7
DA:3,7
DA:5,7
DA:7,7
DA:9,7
DA:11,7
DA:13,7
LF:8
LH:8
BRF:0
BRH:0
end_of_record
TN:
SF:routers\categories.js
FNF:0
FNH:0
DA:1,7
DA:2,7
DA:3,7
DA:5,7
DA:6,7
DA:8,7
LF:6
LH:6
BRF:0
BRH:0
end_of_record
TN:
SF:routers\index.js
FNF:0
FNH:0
DA:1,7
DA:2,7
DA:3,7
DA:4,7
DA:5,7
DA:6,7
DA:7,7
DA:8,7
DA:10,7
DA:11,7
DA:12,7
DA:13,7
DA:14,7
DA:15,7
DA:16,7
DA:18,7
LF:16
LH:16
BRF:0
BRH:0
end_of_record
TN:
SF:routers\notifications.js
FNF:0
FNH:0
DA:1,7
DA:2,7
DA:3,7
DA:5,7
DA:6,7
DA:8,7
LF:6
LH:6
BRF:0
BRH:0
end_of_record
TN:
SF:routers\reportUser.js
FNF:0
FNH:0
DA:1,7
DA:2,7
DA:3,7
DA:5,7
DA:6,7
DA:7,7
DA:9,7
DA:10,7
DA:11,7
DA:12,7
DA:14,7
LF:11
LH:11
BRF:0
BRH:0
end_of_record
TN:
SF:routers\user.js
FNF:0
FNH:0
DA:1,7
DA:2,7
DA:4,7
DA:5,7
DA:6,7
DA:7,7
DA:9,7
LF:7
LH:7
BRF:0
BRH:0
end_of_record
TN:
SF:routers\dinas\announcment.js
FNF:0
FNH:0
DA:1,7
DA:2,7
DA:4,7
DA:6,7
DA:8,7
DA:10,7
DA:12,7
DA:14,7
LF:8
LH:8
BRF:0
BRH:0
end_of_record
TN:
SF:routers\dinas\aspirations.js
FNF:0
FNH:0
DA:1,7
DA:3,7
DA:5,7
DA:7,7
DA:9,7
LF:5
LH:5
BRF:0
BRH:0
end_of_record
TN:
SF:routers\dinas\categories.js
FNF:0
FNH:0
DA:1,7
DA:2,7
DA:4,7
DA:5,7
DA:6,7
DA:7,7
DA:8,7
DA:10,7
LF:8
LH:8
BRF:0
BRH:0
end_of_record
TN:
SF:routers\dinas\dinas.js
FNF:0
FNH:0
DA:1,7
DA:2,7
DA:3,7
DA:4,7
DA:5,7
DA:6,7
DA:7,7
DA:9,7
DA:11,7
DA:13,7
DA:15,7
DA:16,7
DA:17,7
DA:18,7
DA:20,7
LF:15
LH:15
BRF:0
BRH:0
end_of_record
TN:
SF:routers\dinas\report.js
FNF:0
FNH:0
DA:1,7
DA:2,7
DA:3,7
DA:5,7
DA:7,7
DA:9,7
DA:11,7
DA:17,7
LF:8
LH:8
BRF:0
BRH:0
end_of_record
