{"/home/asra/hacktiv8/phase3/Final-Project-H8/SayangiKotamu/server/app.js": {"path":"/home/asra/hacktiv8/phase3/Final-Project-H8/SayangiKotamu/server/app.js","statementMap":{"0":{"start":{"line":4,"column":0},"end":{"line":4,"column":27}},"1":{"start":{"line":5,"column":16},"end":{"line":5,"column":34}},"2":{"start":{"line":6,"column":16},"end":{"line":6,"column":36}},"3":{"start":{"line":7,"column":13},"end":{"line":7,"column":28}},"4":{"start":{"line":8,"column":21},"end":{"line":8,"column":58}},"5":{"start":{"line":9,"column":12},"end":{"line":9,"column":21}},"6":{"start":{"line":10,"column":0},"end":{"line":10,"column":29}},"7":{"start":{"line":12,"column":0},"end":{"line":12,"column":16}},"8":{"start":{"line":13,"column":0},"end":{"line":13,"column":48}},"9":{"start":{"line":14,"column":0},"end":{"line":14,"column":24}},"10":{"start":{"line":16,"column":0},"end":{"line":16,"column":22}},"11":{"start":{"line":17,"column":0},"end":{"line":17,"column":22}},"12":{"start":{"line":19,"column":0},"end":{"line":19,"column":21}}},"fnMap":{},"branchMap":{},"s":{"0":3,"1":3,"2":3,"3":3,"4":3,"5":3,"6":3,"7":3,"8":3,"9":3,"10":3,"11":3,"12":3},"f":{},"b":{},"_coverageSchema":"1a1c01bbd47fc00a2c39e90264f33305004495a9","hash":"fa49e32cc6ea439036f7e63cee46b773a9ed9c7f"}
,"/home/asra/hacktiv8/phase3/Final-Project-H8/SayangiKotamu/server/config/mongoose.js": {"path":"/home/asra/hacktiv8/phase3/Final-Project-H8/SayangiKotamu/server/config/mongoose.js","statementMap":{"0":{"start":{"line":1,"column":17},"end":{"line":1,"column":36}},"1":{"start":{"line":4,"column":0},"end":{"line":8,"column":1}},"2":{"start":{"line":5,"column":2},"end":{"line":5,"column":49}},"3":{"start":{"line":7,"column":2},"end":{"line":7,"column":54}},"4":{"start":{"line":10,"column":0},"end":{"line":16,"column":2}},"5":{"start":{"line":11,"column":2},"end":{"line":15,"column":3}},"6":{"start":{"line":12,"column":4},"end":{"line":12,"column":37}},"7":{"start":{"line":14,"column":4},"end":{"line":14,"column":35}}},"fnMap":{"0":{"name":"(anonymous_0)","decl":{"start":{"line":10,"column":21},"end":{"line":10,"column":22}},"loc":{"start":{"line":10,"column":28},"end":{"line":16,"column":1}},"line":10}},"branchMap":{"0":{"loc":{"start":{"line":4,"column":0},"end":{"line":8,"column":1}},"type":"if","locations":[{"start":{"line":4,"column":0},"end":{"line":8,"column":1}},{"start":{"line":4,"column":0},"end":{"line":8,"column":1}}],"line":4},"1":{"loc":{"start":{"line":11,"column":2},"end":{"line":15,"column":3}},"type":"if","locations":[{"start":{"line":11,"column":2},"end":{"line":15,"column":3}},{"start":{"line":11,"column":2},"end":{"line":15,"column":3}}],"line":11}},"s":{"0":3,"1":3,"2":0,"3":3,"4":3,"5":3,"6":0,"7":3},"f":{"0":3},"b":{"0":[0,3],"1":[0,3]},"_coverageSchema":"1a1c01bbd47fc00a2c39e90264f33305004495a9","hash":"a23ee2c3e616a61205afcd6434eae17d3f4e7779"}
,"/home/asra/hacktiv8/phase3/Final-Project-H8/SayangiKotamu/server/controllers/announcmentController.js": {"path":"/home/asra/hacktiv8/phase3/Final-Project-H8/SayangiKotamu/server/controllers/announcmentController.js","statementMap":{"0":{"start":{"line":1,"column":21},"end":{"line":1,"column":36}},"1":{"start":{"line":3,"column":20},"end":{"line":3,"column":52}},"2":{"start":{"line":4,"column":14},"end":{"line":4,"column":40}},"3":{"start":{"line":8,"column":19},"end":{"line":8,"column":27}},"4":{"start":{"line":9,"column":20},"end":{"line":14,"column":5}},"5":{"start":{"line":15,"column":4},"end":{"line":40,"column":5}},"6":{"start":{"line":16,"column":32},"end":{"line":16,"column":65}},"7":{"start":{"line":17,"column":6},"end":{"line":25,"column":8}},"8":{"start":{"line":26,"column":31},"end":{"line":28,"column":26}},"9":{"start":{"line":29,"column":6},"end":{"line":29,"column":45}},"10":{"start":{"line":31,"column":6},"end":{"line":39,"column":7}},"11":{"start":{"line":32,"column":8},"end":{"line":32,"column":18}},"12":{"start":{"line":34,"column":24},"end":{"line":34,"column":49}},"13":{"start":{"line":35,"column":27},"end":{"line":37,"column":10}},"14":{"start":{"line":36,"column":10},"end":{"line":36,"column":28}},"15":{"start":{"line":38,"column":8},"end":{"line":38,"column":54}},"16":{"start":{"line":44,"column":25},"end":{"line":44,"column":33}},"17":{"start":{"line":45,"column":4},"end":{"line":59,"column":5}},"18":{"start":{"line":46,"column":6},"end":{"line":56,"column":7}},"19":{"start":{"line":47,"column":35},"end":{"line":47,"column":77}},"20":{"start":{"line":49,"column":8},"end":{"line":49,"column":49}},"21":{"start":{"line":51,"column":35},"end":{"line":53,"column":28}},"22":{"start":{"line":55,"column":8},"end":{"line":55,"column":49}},"23":{"start":{"line":58,"column":6},"end":{"line":58,"column":16}},"24":{"start":{"line":63,"column":19},"end":{"line":63,"column":29}},"25":{"start":{"line":64,"column":4},"end":{"line":75,"column":5}},"26":{"start":{"line":65,"column":32},"end":{"line":67,"column":7}},"27":{"start":{"line":68,"column":6},"end":{"line":72,"column":7}},"28":{"start":{"line":69,"column":8},"end":{"line":69,"column":48}},"29":{"start":{"line":71,"column":8},"end":{"line":71,"column":46}},"30":{"start":{"line":74,"column":6},"end":{"line":74,"column":16}},"31":{"start":{"line":79,"column":20},"end":{"line":83,"column":5}},"32":{"start":{"line":84,"column":19},"end":{"line":84,"column":29}},"33":{"start":{"line":86,"column":4},"end":{"line":120,"column":5}},"34":{"start":{"line":87,"column":30},"end":{"line":91,"column":25}},"35":{"start":{"line":93,"column":6},"end":{"line":109,"column":7}},"36":{"start":{"line":94,"column":8},"end":{"line":105,"column":10}},"37":{"start":{"line":106,"column":8},"end":{"line":106,"column":46}},"38":{"start":{"line":108,"column":8},"end":{"line":108,"column":46}},"39":{"start":{"line":111,"column":6},"end":{"line":119,"column":7}},"40":{"start":{"line":112,"column":8},"end":{"line":112,"column":18}},"41":{"start":{"line":114,"column":24},"end":{"line":114,"column":49}},"42":{"start":{"line":115,"column":27},"end":{"line":117,"column":10}},"43":{"start":{"line":116,"column":10},"end":{"line":116,"column":28}},"44":{"start":{"line":118,"column":8},"end":{"line":118,"column":54}},"45":{"start":{"line":124,"column":19},"end":{"line":124,"column":29}},"46":{"start":{"line":125,"column":27},"end":{"line":125,"column":35}},"47":{"start":{"line":127,"column":4},"end":{"line":151,"column":5}},"48":{"start":{"line":128,"column":32},"end":{"line":130,"column":8}},"49":{"start":{"line":131,"column":6},"end":{"line":147,"column":7}},"50":{"start":{"line":132,"column":8},"end":{"line":143,"column":10}},"51":{"start":{"line":144,"column":8},"end":{"line":144,"column":48}},"52":{"start":{"line":146,"column":8},"end":{"line":146,"column":46}},"53":{"start":{"line":149,"column":6},"end":{"line":149,"column":23}},"54":{"start":{"line":150,"column":6},"end":{"line":150,"column":16}},"55":{"start":{"line":155,"column":0},"end":{"line":155,"column":39}}},"fnMap":{"0":{"name":"(anonymous_0)","decl":{"start":{"line":7,"column":2},"end":{"line":7,"column":3}},"loc":{"start":{"line":7,"column":38},"end":{"line":41,"column":3}},"line":7},"1":{"name":"(anonymous_1)","decl":{"start":{"line":35,"column":39},"end":{"line":35,"column":40}},"loc":{"start":{"line":35,"column":47},"end":{"line":37,"column":9}},"line":35},"2":{"name":"(anonymous_2)","decl":{"start":{"line":43,"column":2},"end":{"line":43,"column":3}},"loc":{"start":{"line":43,"column":38},"end":{"line":60,"column":3}},"line":43},"3":{"name":"(anonymous_3)","decl":{"start":{"line":62,"column":2},"end":{"line":62,"column":3}},"loc":{"start":{"line":62,"column":39},"end":{"line":76,"column":3}},"line":62},"4":{"name":"(anonymous_4)","decl":{"start":{"line":78,"column":2},"end":{"line":78,"column":3}},"loc":{"start":{"line":78,"column":36},"end":{"line":121,"column":3}},"line":78},"5":{"name":"(anonymous_5)","decl":{"start":{"line":115,"column":39},"end":{"line":115,"column":40}},"loc":{"start":{"line":115,"column":47},"end":{"line":117,"column":9}},"line":115},"6":{"name":"(anonymous_6)","decl":{"start":{"line":123,"column":2},"end":{"line":123,"column":3}},"loc":{"start":{"line":123,"column":38},"end":{"line":152,"column":3}},"line":123}},"branchMap":{"0":{"loc":{"start":{"line":31,"column":6},"end":{"line":39,"column":7}},"type":"if","locations":[{"start":{"line":31,"column":6},"end":{"line":39,"column":7}},{"start":{"line":31,"column":6},"end":{"line":39,"column":7}}],"line":31},"1":{"loc":{"start":{"line":46,"column":6},"end":{"line":56,"column":7}},"type":"if","locations":[{"start":{"line":46,"column":6},"end":{"line":56,"column":7}},{"start":{"line":46,"column":6},"end":{"line":56,"column":7}}],"line":46},"2":{"loc":{"start":{"line":68,"column":6},"end":{"line":72,"column":7}},"type":"if","locations":[{"start":{"line":68,"column":6},"end":{"line":72,"column":7}},{"start":{"line":68,"column":6},"end":{"line":72,"column":7}}],"line":68},"3":{"loc":{"start":{"line":93,"column":6},"end":{"line":109,"column":7}},"type":"if","locations":[{"start":{"line":93,"column":6},"end":{"line":109,"column":7}},{"start":{"line":93,"column":6},"end":{"line":109,"column":7}}],"line":93},"4":{"loc":{"start":{"line":111,"column":6},"end":{"line":119,"column":7}},"type":"if","locations":[{"start":{"line":111,"column":6},"end":{"line":119,"column":7}},{"start":{"line":111,"column":6},"end":{"line":119,"column":7}}],"line":111},"5":{"loc":{"start":{"line":131,"column":6},"end":{"line":147,"column":7}},"type":"if","locations":[{"start":{"line":131,"column":6},"end":{"line":147,"column":7}},{"start":{"line":131,"column":6},"end":{"line":147,"column":7}}],"line":131}},"s":{"0":3,"1":3,"2":3,"3":0,"4":0,"5":0,"6":0,"7":0,"8":0,"9":0,"10":0,"11":0,"12":0,"13":0,"14":0,"15":0,"16":0,"17":0,"18":0,"19":0,"20":0,"21":0,"22":0,"23":0,"24":0,"25":0,"26":0,"27":0,"28":0,"29":0,"30":0,"31":0,"32":0,"33":0,"34":0,"35":0,"36":0,"37":0,"38":0,"39":0,"40":0,"41":0,"42":0,"43":0,"44":0,"45":0,"46":0,"47":0,"48":0,"49":0,"50":0,"51":0,"52":0,"53":0,"54":0,"55":3},"f":{"0":0,"1":0,"2":0,"3":0,"4":0,"5":0,"6":0},"b":{"0":[0,0],"1":[0,0],"2":[0,0],"3":[0,0],"4":[0,0],"5":[0,0]},"_coverageSchema":"1a1c01bbd47fc00a2c39e90264f33305004495a9","hash":"77f4e598f346a41eeff5c81ee591b95d8f45c19a"}
,"/home/asra/hacktiv8/phase3/Final-Project-H8/SayangiKotamu/server/controllers/aspirationController.js": {"path":"/home/asra/hacktiv8/phase3/Final-Project-H8/SayangiKotamu/server/controllers/aspirationController.js","statementMap":{"0":{"start":{"line":1,"column":19},"end":{"line":1,"column":50}},"1":{"start":{"line":2,"column":14},"end":{"line":2,"column":40}},"2":{"start":{"line":3,"column":13},"end":{"line":3,"column":38}},"3":{"start":{"line":8,"column":25},"end":{"line":8,"column":33}},"4":{"start":{"line":9,"column":4},"end":{"line":9,"column":26}},"5":{"start":{"line":11,"column":4},"end":{"line":29,"column":5}},"6":{"start":{"line":12,"column":6},"end":{"line":18,"column":7}},"7":{"start":{"line":13,"column":31},"end":{"line":13,"column":67}},"8":{"start":{"line":14,"column":8},"end":{"line":14,"column":45}},"9":{"start":{"line":16,"column":31},"end":{"line":16,"column":66}},"10":{"start":{"line":17,"column":8},"end":{"line":17,"column":45}},"11":{"start":{"line":20,"column":6},"end":{"line":28,"column":7}},"12":{"start":{"line":21,"column":8},"end":{"line":21,"column":18}},"13":{"start":{"line":23,"column":24},"end":{"line":23,"column":49}},"14":{"start":{"line":24,"column":27},"end":{"line":26,"column":10}},"15":{"start":{"line":25,"column":10},"end":{"line":25,"column":28}},"16":{"start":{"line":27,"column":8},"end":{"line":27,"column":54}},"17":{"start":{"line":33,"column":19},"end":{"line":33,"column":29}},"18":{"start":{"line":35,"column":4},"end":{"line":48,"column":5}},"19":{"start":{"line":36,"column":28},"end":{"line":36,"column":65}},"20":{"start":{"line":37,"column":6},"end":{"line":37,"column":42}},"21":{"start":{"line":39,"column":6},"end":{"line":47,"column":7}},"22":{"start":{"line":40,"column":8},"end":{"line":40,"column":18}},"23":{"start":{"line":42,"column":24},"end":{"line":42,"column":49}},"24":{"start":{"line":43,"column":27},"end":{"line":45,"column":10}},"25":{"start":{"line":44,"column":10},"end":{"line":44,"column":28}},"26":{"start":{"line":46,"column":8},"end":{"line":46,"column":54}},"27":{"start":{"line":52,"column":19},"end":{"line":52,"column":27}},"28":{"start":{"line":54,"column":20},"end":{"line":59,"column":5}},"29":{"start":{"line":60,"column":4},"end":{"line":96,"column":5}},"30":{"start":{"line":61,"column":20},"end":{"line":61,"column":64}},"31":{"start":{"line":62,"column":6},"end":{"line":62,"column":28}},"32":{"start":{"line":63,"column":31},"end":{"line":63,"column":63}},"33":{"start":{"line":64,"column":6},"end":{"line":72,"column":8}},"34":{"start":{"line":73,"column":6},"end":{"line":81,"column":8}},"35":{"start":{"line":82,"column":30},"end":{"line":84,"column":8}},"36":{"start":{"line":85,"column":6},"end":{"line":85,"column":44}},"37":{"start":{"line":87,"column":6},"end":{"line":95,"column":7}},"38":{"start":{"line":88,"column":8},"end":{"line":88,"column":18}},"39":{"start":{"line":90,"column":24},"end":{"line":90,"column":49}},"40":{"start":{"line":91,"column":27},"end":{"line":93,"column":10}},"41":{"start":{"line":92,"column":10},"end":{"line":92,"column":28}},"42":{"start":{"line":94,"column":8},"end":{"line":94,"column":54}},"43":{"start":{"line":102,"column":0},"end":{"line":102,"column":38}}},"fnMap":{"0":{"name":"(anonymous_0)","decl":{"start":{"line":7,"column":2},"end":{"line":7,"column":3}},"loc":{"start":{"line":7,"column":38},"end":{"line":30,"column":3}},"line":7},"1":{"name":"(anonymous_1)","decl":{"start":{"line":24,"column":39},"end":{"line":24,"column":40}},"loc":{"start":{"line":24,"column":47},"end":{"line":26,"column":9}},"line":24},"2":{"name":"(anonymous_2)","decl":{"start":{"line":32,"column":2},"end":{"line":32,"column":3}},"loc":{"start":{"line":32,"column":39},"end":{"line":49,"column":3}},"line":32},"3":{"name":"(anonymous_3)","decl":{"start":{"line":43,"column":39},"end":{"line":43,"column":40}},"loc":{"start":{"line":43,"column":47},"end":{"line":45,"column":9}},"line":43},"4":{"name":"(anonymous_4)","decl":{"start":{"line":51,"column":2},"end":{"line":51,"column":3}},"loc":{"start":{"line":51,"column":38},"end":{"line":97,"column":3}},"line":51},"5":{"name":"(anonymous_5)","decl":{"start":{"line":91,"column":39},"end":{"line":91,"column":40}},"loc":{"start":{"line":91,"column":47},"end":{"line":93,"column":9}},"line":91}},"branchMap":{"0":{"loc":{"start":{"line":12,"column":6},"end":{"line":18,"column":7}},"type":"if","locations":[{"start":{"line":12,"column":6},"end":{"line":18,"column":7}},{"start":{"line":12,"column":6},"end":{"line":18,"column":7}}],"line":12},"1":{"loc":{"start":{"line":20,"column":6},"end":{"line":28,"column":7}},"type":"if","locations":[{"start":{"line":20,"column":6},"end":{"line":28,"column":7}},{"start":{"line":20,"column":6},"end":{"line":28,"column":7}}],"line":20},"2":{"loc":{"start":{"line":39,"column":6},"end":{"line":47,"column":7}},"type":"if","locations":[{"start":{"line":39,"column":6},"end":{"line":47,"column":7}},{"start":{"line":39,"column":6},"end":{"line":47,"column":7}}],"line":39},"3":{"loc":{"start":{"line":87,"column":6},"end":{"line":95,"column":7}},"type":"if","locations":[{"start":{"line":87,"column":6},"end":{"line":95,"column":7}},{"start":{"line":87,"column":6},"end":{"line":95,"column":7}}],"line":87}},"s":{"0":3,"1":3,"2":3,"3":0,"4":0,"5":0,"6":0,"7":0,"8":0,"9":0,"10":0,"11":0,"12":0,"13":0,"14":0,"15":0,"16":0,"17":0,"18":0,"19":0,"20":0,"21":0,"22":0,"23":0,"24":0,"25":0,"26":0,"27":0,"28":0,"29":0,"30":0,"31":0,"32":0,"33":0,"34":0,"35":0,"36":0,"37":0,"38":0,"39":0,"40":0,"41":0,"42":0,"43":3},"f":{"0":0,"1":0,"2":0,"3":0,"4":0,"5":0},"b":{"0":[0,0],"1":[0,0],"2":[0,0],"3":[0,0]},"_coverageSchema":"1a1c01bbd47fc00a2c39e90264f33305004495a9","hash":"910c12d7351baf0ae03cefb714384690bde8821b"}
,"/home/asra/hacktiv8/phase3/Final-Project-H8/SayangiKotamu/server/controllers/categoriesController.js": {"path":"/home/asra/hacktiv8/phase3/Final-Project-H8/SayangiKotamu/server/controllers/categoriesController.js","statementMap":{"0":{"start":{"line":1,"column":19},"end":{"line":1,"column":50}},"1":{"start":{"line":5,"column":4},"end":{"line":11,"column":5}},"2":{"start":{"line":6,"column":17},"end":{"line":6,"column":40}},"3":{"start":{"line":7,"column":6},"end":{"line":7,"column":33}},"4":{"start":{"line":9,"column":6},"end":{"line":9,"column":23}},"5":{"start":{"line":10,"column":6},"end":{"line":10,"column":16}},"6":{"start":{"line":14,"column":21},"end":{"line":14,"column":29}},"7":{"start":{"line":16,"column":17},"end":{"line":16,"column":53}},"8":{"start":{"line":17,"column":4},"end":{"line":34,"column":5}},"9":{"start":{"line":18,"column":26},"end":{"line":21,"column":7}},"10":{"start":{"line":22,"column":17},"end":{"line":22,"column":55}},"11":{"start":{"line":23,"column":6},"end":{"line":23,"column":64}},"12":{"start":{"line":25,"column":6},"end":{"line":33,"column":7}},"13":{"start":{"line":26,"column":8},"end":{"line":26,"column":18}},"14":{"start":{"line":28,"column":24},"end":{"line":28,"column":49}},"15":{"start":{"line":29,"column":27},"end":{"line":31,"column":10}},"16":{"start":{"line":30,"column":10},"end":{"line":30,"column":28}},"17":{"start":{"line":32,"column":8},"end":{"line":32,"column":54}},"18":{"start":{"line":37,"column":19},"end":{"line":37,"column":29}},"19":{"start":{"line":38,"column":4},"end":{"line":50,"column":5}},"20":{"start":{"line":39,"column":28},"end":{"line":39,"column":65}},"21":{"start":{"line":40,"column":6},"end":{"line":47,"column":7}},"22":{"start":{"line":41,"column":8},"end":{"line":41,"column":44}},"23":{"start":{"line":43,"column":8},"end":{"line":46,"column":11}},"24":{"start":{"line":49,"column":6},"end":{"line":49,"column":16}},"25":{"start":{"line":53,"column":21},"end":{"line":53,"column":29}},"26":{"start":{"line":55,"column":17},"end":{"line":55,"column":53}},"27":{"start":{"line":56,"column":4},"end":{"line":76,"column":5}},"28":{"start":{"line":57,"column":29},"end":{"line":60,"column":7}},"29":{"start":{"line":61,"column":17},"end":{"line":65,"column":7}},"30":{"start":{"line":66,"column":6},"end":{"line":73,"column":7}},"31":{"start":{"line":67,"column":8},"end":{"line":67,"column":35}},"32":{"start":{"line":69,"column":8},"end":{"line":72,"column":11}},"33":{"start":{"line":75,"column":6},"end":{"line":75,"column":23}},"34":{"start":{"line":79,"column":4},"end":{"line":91,"column":5}},"35":{"start":{"line":80,"column":17},"end":{"line":80,"column":74}},"36":{"start":{"line":81,"column":6},"end":{"line":88,"column":7}},"37":{"start":{"line":82,"column":8},"end":{"line":82,"column":35}},"38":{"start":{"line":84,"column":8},"end":{"line":87,"column":11}},"39":{"start":{"line":90,"column":6},"end":{"line":90,"column":16}},"40":{"start":{"line":94,"column":0},"end":{"line":94,"column":38}}},"fnMap":{"0":{"name":"(anonymous_0)","decl":{"start":{"line":4,"column":2},"end":{"line":4,"column":3}},"loc":{"start":{"line":4,"column":39},"end":{"line":12,"column":3}},"line":4},"1":{"name":"(anonymous_1)","decl":{"start":{"line":13,"column":2},"end":{"line":13,"column":3}},"loc":{"start":{"line":13,"column":45},"end":{"line":35,"column":3}},"line":13},"2":{"name":"(anonymous_2)","decl":{"start":{"line":29,"column":39},"end":{"line":29,"column":40}},"loc":{"start":{"line":29,"column":47},"end":{"line":31,"column":9}},"line":29},"3":{"name":"(anonymous_3)","decl":{"start":{"line":36,"column":2},"end":{"line":36,"column":3}},"loc":{"start":{"line":36,"column":39},"end":{"line":51,"column":3}},"line":36},"4":{"name":"(anonymous_4)","decl":{"start":{"line":52,"column":2},"end":{"line":52,"column":3}},"loc":{"start":{"line":52,"column":46},"end":{"line":77,"column":3}},"line":52},"5":{"name":"(anonymous_5)","decl":{"start":{"line":78,"column":2},"end":{"line":78,"column":3}},"loc":{"start":{"line":78,"column":48},"end":{"line":92,"column":3}},"line":78}},"branchMap":{"0":{"loc":{"start":{"line":25,"column":6},"end":{"line":33,"column":7}},"type":"if","locations":[{"start":{"line":25,"column":6},"end":{"line":33,"column":7}},{"start":{"line":25,"column":6},"end":{"line":33,"column":7}}],"line":25},"1":{"loc":{"start":{"line":40,"column":6},"end":{"line":47,"column":7}},"type":"if","locations":[{"start":{"line":40,"column":6},"end":{"line":47,"column":7}},{"start":{"line":40,"column":6},"end":{"line":47,"column":7}}],"line":40},"2":{"loc":{"start":{"line":66,"column":6},"end":{"line":73,"column":7}},"type":"if","locations":[{"start":{"line":66,"column":6},"end":{"line":73,"column":7}},{"start":{"line":66,"column":6},"end":{"line":73,"column":7}}],"line":66},"3":{"loc":{"start":{"line":81,"column":6},"end":{"line":88,"column":7}},"type":"if","locations":[{"start":{"line":81,"column":6},"end":{"line":88,"column":7}},{"start":{"line":81,"column":6},"end":{"line":88,"column":7}}],"line":81}},"s":{"0":3,"1":0,"2":0,"3":0,"4":0,"5":0,"6":0,"7":0,"8":0,"9":0,"10":0,"11":0,"12":0,"13":0,"14":0,"15":0,"16":0,"17":0,"18":0,"19":0,"20":0,"21":0,"22":0,"23":0,"24":0,"25":0,"26":0,"27":0,"28":0,"29":0,"30":0,"31":0,"32":0,"33":0,"34":0,"35":0,"36":0,"37":0,"38":0,"39":0,"40":3},"f":{"0":0,"1":0,"2":0,"3":0,"4":0,"5":0},"b":{"0":[0,0],"1":[0,0],"2":[0,0],"3":[0,0]},"_coverageSchema":"1a1c01bbd47fc00a2c39e90264f33305004495a9","hash":"2af82ad32b94fdec96cf2c242bf11f4d06447c4a"}
,"/home/asra/hacktiv8/phase3/Final-Project-H8/SayangiKotamu/server/controllers/dinasController.js": {"path":"/home/asra/hacktiv8/phase3/Final-Project-H8/SayangiKotamu/server/controllers/dinasController.js","statementMap":{"0":{"start":{"line":1,"column":14},"end":{"line":1,"column":40}},"1":{"start":{"line":2,"column":20},"end":{"line":2,"column":45}},"2":{"start":{"line":3,"column":28},"end":{"line":3,"column":56}},"3":{"start":{"line":7,"column":20},"end":{"line":12,"column":5}},"4":{"start":{"line":14,"column":4},"end":{"line":33,"column":5}},"5":{"start":{"line":15,"column":25},"end":{"line":15,"column":70}},"6":{"start":{"line":16,"column":6},"end":{"line":22,"column":7}},"7":{"start":{"line":17,"column":8},"end":{"line":17,"column":44}},"8":{"start":{"line":19,"column":28},"end":{"line":19,"column":55}},"9":{"start":{"line":20,"column":27},"end":{"line":20,"column":72}},"10":{"start":{"line":21,"column":8},"end":{"line":21,"column":41}},"11":{"start":{"line":24,"column":6},"end":{"line":32,"column":7}},"12":{"start":{"line":25,"column":8},"end":{"line":25,"column":18}},"13":{"start":{"line":27,"column":24},"end":{"line":27,"column":49}},"14":{"start":{"line":28,"column":27},"end":{"line":30,"column":10}},"15":{"start":{"line":29,"column":10},"end":{"line":29,"column":28}},"16":{"start":{"line":31,"column":8},"end":{"line":31,"column":54}},"17":{"start":{"line":37,"column":20},"end":{"line":40,"column":5}},"18":{"start":{"line":41,"column":4},"end":{"line":71,"column":5}},"19":{"start":{"line":42,"column":25},"end":{"line":44,"column":7}},"20":{"start":{"line":45,"column":6},"end":{"line":65,"column":7}},"21":{"start":{"line":46,"column":33},"end":{"line":49,"column":9}},"22":{"start":{"line":50,"column":8},"end":{"line":62,"column":9}},"23":{"start":{"line":51,"column":30},"end":{"line":54,"column":12}},"24":{"start":{"line":55,"column":10},"end":{"line":59,"column":13}},"25":{"start":{"line":61,"column":10},"end":{"line":61,"column":47}},"26":{"start":{"line":64,"column":8},"end":{"line":64,"column":45}},"27":{"start":{"line":67,"column":6},"end":{"line":69,"column":7}},"28":{"start":{"line":68,"column":8},"end":{"line":68,"column":18}},"29":{"start":{"line":70,"column":6},"end":{"line":70,"column":23}},"30":{"start":{"line":75,"column":4},"end":{"line":80,"column":5}},"31":{"start":{"line":76,"column":17},"end":{"line":76,"column":35}},"32":{"start":{"line":77,"column":6},"end":{"line":77,"column":33}},"33":{"start":{"line":79,"column":6},"end":{"line":79,"column":17}},"34":{"start":{"line":84,"column":0},"end":{"line":84,"column":33}}},"fnMap":{"0":{"name":"(anonymous_0)","decl":{"start":{"line":6,"column":2},"end":{"line":6,"column":3}},"loc":{"start":{"line":6,"column":40},"end":{"line":34,"column":3}},"line":6},"1":{"name":"(anonymous_1)","decl":{"start":{"line":28,"column":39},"end":{"line":28,"column":40}},"loc":{"start":{"line":28,"column":47},"end":{"line":30,"column":9}},"line":28},"2":{"name":"(anonymous_2)","decl":{"start":{"line":36,"column":2},"end":{"line":36,"column":3}},"loc":{"start":{"line":36,"column":37},"end":{"line":72,"column":3}},"line":36},"3":{"name":"(anonymous_3)","decl":{"start":{"line":74,"column":2},"end":{"line":74,"column":3}},"loc":{"start":{"line":74,"column":45},"end":{"line":81,"column":3}},"line":74}},"branchMap":{"0":{"loc":{"start":{"line":11,"column":12},"end":{"line":11,"column":36}},"type":"binary-expr","locations":[{"start":{"line":11,"column":12},"end":{"line":11,"column":25}},{"start":{"line":11,"column":29},"end":{"line":11,"column":36}}],"line":11},"1":{"loc":{"start":{"line":16,"column":6},"end":{"line":22,"column":7}},"type":"if","locations":[{"start":{"line":16,"column":6},"end":{"line":22,"column":7}},{"start":{"line":16,"column":6},"end":{"line":22,"column":7}}],"line":16},"2":{"loc":{"start":{"line":24,"column":6},"end":{"line":32,"column":7}},"type":"if","locations":[{"start":{"line":24,"column":6},"end":{"line":32,"column":7}},{"start":{"line":24,"column":6},"end":{"line":32,"column":7}}],"line":24},"3":{"loc":{"start":{"line":45,"column":6},"end":{"line":65,"column":7}},"type":"if","locations":[{"start":{"line":45,"column":6},"end":{"line":65,"column":7}},{"start":{"line":45,"column":6},"end":{"line":65,"column":7}}],"line":45},"4":{"loc":{"start":{"line":50,"column":8},"end":{"line":62,"column":9}},"type":"if","locations":[{"start":{"line":50,"column":8},"end":{"line":62,"column":9}},{"start":{"line":50,"column":8},"end":{"line":62,"column":9}}],"line":50},"5":{"loc":{"start":{"line":67,"column":6},"end":{"line":69,"column":7}},"type":"if","locations":[{"start":{"line":67,"column":6},"end":{"line":69,"column":7}},{"start":{"line":67,"column":6},"end":{"line":69,"column":7}}],"line":67}},"s":{"0":3,"1":3,"2":3,"3":5,"4":5,"5":5,"6":5,"7":0,"8":5,"9":1,"10":1,"11":4,"12":0,"13":4,"14":4,"15":4,"16":4,"17":13,"18":13,"19":13,"20":13,"21":12,"22":12,"23":11,"24":11,"25":1,"26":1,"27":2,"28":2,"29":2,"30":1,"31":1,"32":1,"33":0,"34":3},"f":{"0":5,"1":4,"2":13,"3":1},"b":{"0":[5,5],"1":[0,5],"2":[0,4],"3":[12,1],"4":[11,1],"5":[2,0]},"_coverageSchema":"1a1c01bbd47fc00a2c39e90264f33305004495a9","hash":"d51f3d1bbd2f53e4d601ce8d46900cdf8337fb99"}
,"/home/asra/hacktiv8/phase3/Final-Project-H8/SayangiKotamu/server/controllers/notificationController.js": {"path":"/home/asra/hacktiv8/phase3/Final-Project-H8/SayangiKotamu/server/controllers/notificationController.js","statementMap":{"0":{"start":{"line":1,"column":21},"end":{"line":1,"column":54}},"1":{"start":{"line":5,"column":19},"end":{"line":5,"column":27}},"2":{"start":{"line":6,"column":4},"end":{"line":12,"column":5}},"3":{"start":{"line":7,"column":31},"end":{"line":7,"column":68}},"4":{"start":{"line":8,"column":6},"end":{"line":8,"column":45}},"5":{"start":{"line":10,"column":6},"end":{"line":10,"column":23}},"6":{"start":{"line":11,"column":6},"end":{"line":11,"column":16}},"7":{"start":{"line":16,"column":0},"end":{"line":16,"column":40}}},"fnMap":{"0":{"name":"(anonymous_0)","decl":{"start":{"line":4,"column":2},"end":{"line":4,"column":3}},"loc":{"start":{"line":4,"column":38},"end":{"line":13,"column":3}},"line":4}},"branchMap":{},"s":{"0":3,"1":0,"2":0,"3":0,"4":0,"5":0,"6":0,"7":3},"f":{"0":0},"b":{},"_coverageSchema":"1a1c01bbd47fc00a2c39e90264f33305004495a9","hash":"ef11479662963ec17a9ef170d73ab39794581619"}
,"/home/asra/hacktiv8/phase3/Final-Project-H8/SayangiKotamu/server/controllers/reportController.js": {"path":"/home/asra/hacktiv8/phase3/Final-Project-H8/SayangiKotamu/server/controllers/reportController.js","statementMap":{"0":{"start":{"line":1,"column":21},"end":{"line":1,"column":36}},"1":{"start":{"line":3,"column":19},"end":{"line":3,"column":50}},"2":{"start":{"line":4,"column":15},"end":{"line":4,"column":42}},"3":{"start":{"line":5,"column":14},"end":{"line":5,"column":40}},"4":{"start":{"line":6,"column":13},"end":{"line":6,"column":38}},"5":{"start":{"line":11,"column":4},"end":{"line":11,"column":26}},"6":{"start":{"line":12,"column":4},"end":{"line":20,"column":5}},"7":{"start":{"line":13,"column":17},"end":{"line":16,"column":29}},"8":{"start":{"line":17,"column":6},"end":{"line":17,"column":33}},"9":{"start":{"line":19,"column":6},"end":{"line":19,"column":18}},"10":{"start":{"line":24,"column":19},"end":{"line":24,"column":29}},"11":{"start":{"line":25,"column":4},"end":{"line":37,"column":5}},"12":{"start":{"line":26,"column":26},"end":{"line":29,"column":29}},"13":{"start":{"line":30,"column":6},"end":{"line":34,"column":7}},"14":{"start":{"line":31,"column":8},"end":{"line":31,"column":42}},"15":{"start":{"line":33,"column":8},"end":{"line":33,"column":41}},"16":{"start":{"line":36,"column":6},"end":{"line":36,"column":16}},"17":{"start":{"line":41,"column":4},"end":{"line":56,"column":5}},"18":{"start":{"line":42,"column":19},"end":{"line":45,"column":29}},"19":{"start":{"line":46,"column":6},"end":{"line":53,"column":7}},"20":{"start":{"line":47,"column":8},"end":{"line":47,"column":35}},"21":{"start":{"line":49,"column":8},"end":{"line":52,"column":11}},"22":{"start":{"line":55,"column":6},"end":{"line":55,"column":34}},"23":{"start":{"line":59,"column":4},"end":{"line":117,"column":5}},"24":{"start":{"line":60,"column":22},"end":{"line":72,"column":7}},"25":{"start":{"line":73,"column":23},"end":{"line":73,"column":75}},"26":{"start":{"line":74,"column":6},"end":{"line":74,"column":38}},"27":{"start":{"line":75,"column":18},"end":{"line":75,"column":62}},"28":{"start":{"line":76,"column":6},"end":{"line":76,"column":30}},"29":{"start":{"line":77,"column":17},"end":{"line":77,"column":47}},"30":{"start":{"line":79,"column":6},"end":{"line":87,"column":8}},"31":{"start":{"line":88,"column":6},"end":{"line":96,"column":8}},"32":{"start":{"line":97,"column":6},"end":{"line":105,"column":8}},"33":{"start":{"line":106,"column":6},"end":{"line":106,"column":60}},"34":{"start":{"line":108,"column":6},"end":{"line":116,"column":7}},"35":{"start":{"line":109,"column":8},"end":{"line":109,"column":20}},"36":{"start":{"line":111,"column":24},"end":{"line":111,"column":51}},"37":{"start":{"line":112,"column":27},"end":{"line":114,"column":10}},"38":{"start":{"line":113,"column":10},"end":{"line":113,"column":28}},"39":{"start":{"line":115,"column":8},"end":{"line":115,"column":54}},"40":{"start":{"line":121,"column":4},"end":{"line":172,"column":5}},"41":{"start":{"line":122,"column":17},"end":{"line":122,"column":61}},"42":{"start":{"line":123,"column":6},"end":{"line":168,"column":7}},"43":{"start":{"line":124,"column":22},"end":{"line":124,"column":37}},"44":{"start":{"line":125,"column":19},"end":{"line":128,"column":9}},"45":{"start":{"line":129,"column":8},"end":{"line":139,"column":10}},"46":{"start":{"line":140,"column":8},"end":{"line":150,"column":10}},"47":{"start":{"line":151,"column":8},"end":{"line":161,"column":10}},"48":{"start":{"line":162,"column":8},"end":{"line":162,"column":35}},"49":{"start":{"line":164,"column":8},"end":{"line":167,"column":11}},"50":{"start":{"line":170,"column":6},"end":{"line":170,"column":25}},"51":{"start":{"line":171,"column":6},"end":{"line":171,"column":18}},"52":{"start":{"line":176,"column":4},"end":{"line":227,"column":5}},"53":{"start":{"line":177,"column":17},"end":{"line":177,"column":61}},"54":{"start":{"line":178,"column":6},"end":{"line":223,"column":7}},"55":{"start":{"line":179,"column":22},"end":{"line":179,"column":39}},"56":{"start":{"line":180,"column":19},"end":{"line":183,"column":9}},"57":{"start":{"line":184,"column":8},"end":{"line":194,"column":10}},"58":{"start":{"line":195,"column":8},"end":{"line":205,"column":10}},"59":{"start":{"line":206,"column":8},"end":{"line":216,"column":10}},"60":{"start":{"line":217,"column":8},"end":{"line":217,"column":35}},"61":{"start":{"line":219,"column":8},"end":{"line":222,"column":11}},"62":{"start":{"line":225,"column":6},"end":{"line":225,"column":25}},"63":{"start":{"line":226,"column":6},"end":{"line":226,"column":18}},"64":{"start":{"line":232,"column":32},"end":{"line":232,"column":40}},"65":{"start":{"line":233,"column":33},"end":{"line":233,"column":42}},"66":{"start":{"line":234,"column":4},"end":{"line":256,"column":5}},"67":{"start":{"line":235,"column":6},"end":{"line":253,"column":7}},"68":{"start":{"line":236,"column":27},"end":{"line":239,"column":31}},"69":{"start":{"line":240,"column":8},"end":{"line":240,"column":41}},"70":{"start":{"line":241,"column":13},"end":{"line":253,"column":7}},"71":{"start":{"line":242,"column":27},"end":{"line":245,"column":31}},"72":{"start":{"line":246,"column":8},"end":{"line":246,"column":41}},"73":{"start":{"line":248,"column":27},"end":{"line":251,"column":31}},"74":{"start":{"line":252,"column":8},"end":{"line":252,"column":41}},"75":{"start":{"line":255,"column":6},"end":{"line":255,"column":16}},"76":{"start":{"line":260,"column":19},"end":{"line":260,"column":29}},"77":{"start":{"line":261,"column":4},"end":{"line":273,"column":5}},"78":{"start":{"line":262,"column":26},"end":{"line":265,"column":29}},"79":{"start":{"line":266,"column":6},"end":{"line":270,"column":7}},"80":{"start":{"line":267,"column":8},"end":{"line":267,"column":42}},"81":{"start":{"line":269,"column":8},"end":{"line":269,"column":41}},"82":{"start":{"line":272,"column":6},"end":{"line":272,"column":16}},"83":{"start":{"line":277,"column":19},"end":{"line":277,"column":29}},"84":{"start":{"line":278,"column":23},"end":{"line":278,"column":27}},"85":{"start":{"line":279,"column":4},"end":{"line":281,"column":5}},"86":{"start":{"line":280,"column":6},"end":{"line":280,"column":32}},"87":{"start":{"line":282,"column":20},"end":{"line":286,"column":5}},"88":{"start":{"line":287,"column":4},"end":{"line":340,"column":5}},"89":{"start":{"line":288,"column":26},"end":{"line":288,"column":59}},"90":{"start":{"line":289,"column":6},"end":{"line":337,"column":7}},"91":{"start":{"line":290,"column":8},"end":{"line":290,"column":40}},"92":{"start":{"line":291,"column":8},"end":{"line":291,"column":42}},"93":{"start":{"line":292,"column":8},"end":{"line":294,"column":11}},"94":{"start":{"line":295,"column":30},"end":{"line":295,"column":63}},"95":{"start":{"line":297,"column":8},"end":{"line":308,"column":10}},"96":{"start":{"line":309,"column":8},"end":{"line":320,"column":10}},"97":{"start":{"line":321,"column":8},"end":{"line":332,"column":10}},"98":{"start":{"line":334,"column":8},"end":{"line":334,"column":44}},"99":{"start":{"line":336,"column":8},"end":{"line":336,"column":41}},"100":{"start":{"line":339,"column":6},"end":{"line":339,"column":16}},"101":{"start":{"line":344,"column":19},"end":{"line":344,"column":29}},"102":{"start":{"line":345,"column":4},"end":{"line":391,"column":5}},"103":{"start":{"line":346,"column":26},"end":{"line":346,"column":68}},"104":{"start":{"line":347,"column":6},"end":{"line":387,"column":7}},"105":{"start":{"line":348,"column":8},"end":{"line":359,"column":10}},"106":{"start":{"line":360,"column":8},"end":{"line":371,"column":10}},"107":{"start":{"line":372,"column":8},"end":{"line":383,"column":10}},"108":{"start":{"line":384,"column":8},"end":{"line":384,"column":42}},"109":{"start":{"line":386,"column":8},"end":{"line":386,"column":41}},"110":{"start":{"line":389,"column":6},"end":{"line":389,"column":16}},"111":{"start":{"line":390,"column":6},"end":{"line":390,"column":23}},"112":{"start":{"line":395,"column":0},"end":{"line":395,"column":34}}},"fnMap":{"0":{"name":"(anonymous_0)","decl":{"start":{"line":10,"column":2},"end":{"line":10,"column":3}},"loc":{"start":{"line":10,"column":39},"end":{"line":21,"column":3}},"line":10},"1":{"name":"(anonymous_1)","decl":{"start":{"line":23,"column":2},"end":{"line":23,"column":3}},"loc":{"start":{"line":23,"column":39},"end":{"line":38,"column":3}},"line":23},"2":{"name":"(anonymous_2)","decl":{"start":{"line":40,"column":2},"end":{"line":40,"column":3}},"loc":{"start":{"line":40,"column":46},"end":{"line":57,"column":3}},"line":40},"3":{"name":"(anonymous_3)","decl":{"start":{"line":58,"column":2},"end":{"line":58,"column":3}},"loc":{"start":{"line":58,"column":41},"end":{"line":118,"column":3}},"line":58},"4":{"name":"(anonymous_4)","decl":{"start":{"line":112,"column":39},"end":{"line":112,"column":40}},"loc":{"start":{"line":112,"column":47},"end":{"line":114,"column":9}},"line":112},"5":{"name":"(anonymous_5)","decl":{"start":{"line":119,"column":2},"end":{"line":119,"column":3}},"loc":{"start":{"line":119,"column":48},"end":{"line":173,"column":3}},"line":119},"6":{"name":"(anonymous_6)","decl":{"start":{"line":174,"column":2},"end":{"line":174,"column":3}},"loc":{"start":{"line":174,"column":50},"end":{"line":228,"column":3}},"line":174},"7":{"name":"(anonymous_7)","decl":{"start":{"line":231,"column":2},"end":{"line":231,"column":3}},"loc":{"start":{"line":231,"column":50},"end":{"line":257,"column":3}},"line":231},"8":{"name":"(anonymous_8)","decl":{"start":{"line":259,"column":2},"end":{"line":259,"column":3}},"loc":{"start":{"line":259,"column":50},"end":{"line":274,"column":3}},"line":259},"9":{"name":"(anonymous_9)","decl":{"start":{"line":276,"column":2},"end":{"line":276,"column":3}},"loc":{"start":{"line":276,"column":44},"end":{"line":341,"column":3}},"line":276},"10":{"name":"(anonymous_10)","decl":{"start":{"line":343,"column":2},"end":{"line":343,"column":3}},"loc":{"start":{"line":343,"column":49},"end":{"line":392,"column":3}},"line":343}},"branchMap":{"0":{"loc":{"start":{"line":30,"column":6},"end":{"line":34,"column":7}},"type":"if","locations":[{"start":{"line":30,"column":6},"end":{"line":34,"column":7}},{"start":{"line":30,"column":6},"end":{"line":34,"column":7}}],"line":30},"1":{"loc":{"start":{"line":46,"column":6},"end":{"line":53,"column":7}},"type":"if","locations":[{"start":{"line":46,"column":6},"end":{"line":53,"column":7}},{"start":{"line":46,"column":6},"end":{"line":53,"column":7}}],"line":46},"2":{"loc":{"start":{"line":108,"column":6},"end":{"line":116,"column":7}},"type":"if","locations":[{"start":{"line":108,"column":6},"end":{"line":116,"column":7}},{"start":{"line":108,"column":6},"end":{"line":116,"column":7}}],"line":108},"3":{"loc":{"start":{"line":123,"column":6},"end":{"line":168,"column":7}},"type":"if","locations":[{"start":{"line":123,"column":6},"end":{"line":168,"column":7}},{"start":{"line":123,"column":6},"end":{"line":168,"column":7}}],"line":123},"4":{"loc":{"start":{"line":178,"column":6},"end":{"line":223,"column":7}},"type":"if","locations":[{"start":{"line":178,"column":6},"end":{"line":223,"column":7}},{"start":{"line":178,"column":6},"end":{"line":223,"column":7}}],"line":178},"5":{"loc":{"start":{"line":235,"column":6},"end":{"line":253,"column":7}},"type":"if","locations":[{"start":{"line":235,"column":6},"end":{"line":253,"column":7}},{"start":{"line":235,"column":6},"end":{"line":253,"column":7}}],"line":235},"6":{"loc":{"start":{"line":241,"column":13},"end":{"line":253,"column":7}},"type":"if","locations":[{"start":{"line":241,"column":13},"end":{"line":253,"column":7}},{"start":{"line":241,"column":13},"end":{"line":253,"column":7}}],"line":241},"7":{"loc":{"start":{"line":266,"column":6},"end":{"line":270,"column":7}},"type":"if","locations":[{"start":{"line":266,"column":6},"end":{"line":270,"column":7}},{"start":{"line":266,"column":6},"end":{"line":270,"column":7}}],"line":266},"8":{"loc":{"start":{"line":279,"column":4},"end":{"line":281,"column":5}},"type":"if","locations":[{"start":{"line":279,"column":4},"end":{"line":281,"column":5}},{"start":{"line":279,"column":4},"end":{"line":281,"column":5}}],"line":279},"9":{"loc":{"start":{"line":289,"column":6},"end":{"line":337,"column":7}},"type":"if","locations":[{"start":{"line":289,"column":6},"end":{"line":337,"column":7}},{"start":{"line":289,"column":6},"end":{"line":337,"column":7}}],"line":289},"10":{"loc":{"start":{"line":347,"column":6},"end":{"line":387,"column":7}},"type":"if","locations":[{"start":{"line":347,"column":6},"end":{"line":387,"column":7}},{"start":{"line":347,"column":6},"end":{"line":387,"column":7}}],"line":347}},"s":{"0":3,"1":3,"2":3,"3":3,"4":3,"5":1,"6":1,"7":1,"8":1,"9":0,"10":2,"11":2,"12":2,"13":2,"14":1,"15":1,"16":1,"17":1,"18":1,"19":1,"20":1,"21":0,"22":0,"23":5,"24":5,"25":5,"26":5,"27":5,"28":5,"29":5,"30":1,"31":1,"32":1,"33":1,"34":4,"35":0,"36":4,"37":4,"38":4,"39":4,"40":2,"41":2,"42":2,"43":1,"44":1,"45":1,"46":1,"47":1,"48":1,"49":1,"50":0,"51":0,"52":2,"53":2,"54":2,"55":1,"56":1,"57":1,"58":1,"59":1,"60":1,"61":1,"62":0,"63":0,"64":1,"65":1,"66":1,"67":1,"68":0,"69":0,"70":1,"71":0,"72":0,"73":1,"74":1,"75":0,"76":1,"77":1,"78":1,"79":1,"80":1,"81":0,"82":0,"83":1,"84":1,"85":1,"86":0,"87":1,"88":1,"89":1,"90":1,"91":1,"92":1,"93":1,"94":1,"95":1,"96":1,"97":1,"98":1,"99":0,"100":0,"101":1,"102":1,"103":1,"104":1,"105":1,"106":1,"107":1,"108":1,"109":0,"110":0,"111":0,"112":3},"f":{"0":1,"1":2,"2":1,"3":5,"4":4,"5":2,"6":2,"7":1,"8":1,"9":1,"10":1},"b":{"0":[1,1],"1":[1,0],"2":[0,4],"3":[1,1],"4":[1,1],"5":[0,1],"6":[0,1],"7":[1,0],"8":[0,1],"9":[1,0],"10":[1,0]},"_coverageSchema":"1a1c01bbd47fc00a2c39e90264f33305004495a9","hash":"5fece3f503295d6f2690188ab14f809695acbf0e"}
,"/home/asra/hacktiv8/phase3/Final-Project-H8/SayangiKotamu/server/controllers/userController.js": {"path":"/home/asra/hacktiv8/phase3/Final-Project-H8/SayangiKotamu/server/controllers/userController.js","statementMap":{"0":{"start":{"line":1,"column":13},"end":{"line":1,"column":38}},"1":{"start":{"line":3,"column":44},"end":{"line":3,"column":69}},"2":{"start":{"line":4,"column":28},"end":{"line":4,"column":56}},"3":{"start":{"line":5,"column":25},"end":{"line":5,"column":55}},"4":{"start":{"line":9,"column":4},"end":{"line":47,"column":5}},"5":{"start":{"line":10,"column":20},"end":{"line":18,"column":7}},"6":{"start":{"line":19,"column":25},"end":{"line":19,"column":69}},"7":{"start":{"line":20,"column":23},"end":{"line":20,"column":63}},"8":{"start":{"line":21,"column":6},"end":{"line":30,"column":7}},"9":{"start":{"line":22,"column":8},"end":{"line":22,"column":42}},"10":{"start":{"line":24,"column":8},"end":{"line":29,"column":9}},"11":{"start":{"line":25,"column":10},"end":{"line":25,"column":44}},"12":{"start":{"line":27,"column":21},"end":{"line":27,"column":47}},"13":{"start":{"line":28,"column":10},"end":{"line":28,"column":69}},"14":{"start":{"line":32,"column":6},"end":{"line":46,"column":7}},"15":{"start":{"line":33,"column":8},"end":{"line":36,"column":11}},"16":{"start":{"line":38,"column":24},"end":{"line":38,"column":49}},"17":{"start":{"line":39,"column":27},"end":{"line":41,"column":10}},"18":{"start":{"line":40,"column":10},"end":{"line":40,"column":28}},"19":{"start":{"line":42,"column":8},"end":{"line":45,"column":11}},"20":{"start":{"line":50,"column":4},"end":{"line":73,"column":5}},"21":{"start":{"line":51,"column":19},"end":{"line":51,"column":64}},"22":{"start":{"line":52,"column":6},"end":{"line":70,"column":7}},"23":{"start":{"line":53,"column":8},"end":{"line":67,"column":9}},"24":{"start":{"line":54,"column":10},"end":{"line":64,"column":11}},"25":{"start":{"line":55,"column":26},"end":{"line":58,"column":13}},"26":{"start":{"line":59,"column":31},"end":{"line":59,"column":47}},"27":{"start":{"line":61,"column":12},"end":{"line":61,"column":51}},"28":{"start":{"line":63,"column":12},"end":{"line":63,"column":49}},"29":{"start":{"line":66,"column":10},"end":{"line":66,"column":44}},"30":{"start":{"line":69,"column":8},"end":{"line":69,"column":45}},"31":{"start":{"line":72,"column":6},"end":{"line":72,"column":16}},"32":{"start":{"line":76,"column":18},"end":{"line":76,"column":22}},"33":{"start":{"line":77,"column":25},"end":{"line":77,"column":33}},"34":{"start":{"line":78,"column":19},"end":{"line":78,"column":65}},"35":{"start":{"line":79,"column":4},"end":{"line":115,"column":9}},"36":{"start":{"line":85,"column":8},"end":{"line":85,"column":36}},"37":{"start":{"line":86,"column":8},"end":{"line":86,"column":41}},"38":{"start":{"line":89,"column":8},"end":{"line":102,"column":9}},"39":{"start":{"line":90,"column":10},"end":{"line":90,"column":43}},"40":{"start":{"line":92,"column":27},"end":{"line":92,"column":39}},"41":{"start":{"line":93,"column":24},"end":{"line":93,"column":37}},"42":{"start":{"line":94,"column":23},"end":{"line":94,"column":32}},"43":{"start":{"line":96,"column":27},"end":{"line":96,"column":74}},"44":{"start":{"line":97,"column":10},"end":{"line":101,"column":13}},"45":{"start":{"line":105,"column":22},"end":{"line":109,"column":9}},"46":{"start":{"line":110,"column":27},"end":{"line":110,"column":43}},"47":{"start":{"line":111,"column":8},"end":{"line":111,"column":47}},"48":{"start":{"line":114,"column":8},"end":{"line":114,"column":18}},"49":{"start":{"line":119,"column":22},"end":{"line":119,"column":32}},"50":{"start":{"line":120,"column":4},"end":{"line":145,"column":5}},"51":{"start":{"line":121,"column":28},"end":{"line":121,"column":63}},"52":{"start":{"line":122,"column":6},"end":{"line":141,"column":7}},"53":{"start":{"line":123,"column":30},"end":{"line":125,"column":10}},"54":{"start":{"line":126,"column":8},"end":{"line":138,"column":9}},"55":{"start":{"line":127,"column":10},"end":{"line":135,"column":11}},"56":{"start":{"line":128,"column":33},"end":{"line":131,"column":13}},"57":{"start":{"line":132,"column":12},"end":{"line":132,"column":79}},"58":{"start":{"line":134,"column":12},"end":{"line":134,"column":43}},"59":{"start":{"line":137,"column":10},"end":{"line":137,"column":46}},"60":{"start":{"line":140,"column":8},"end":{"line":140,"column":44}},"61":{"start":{"line":143,"column":6},"end":{"line":143,"column":16}},"62":{"start":{"line":144,"column":6},"end":{"line":144,"column":23}},"63":{"start":{"line":148,"column":0},"end":{"line":148,"column":32}}},"fnMap":{"0":{"name":"(anonymous_0)","decl":{"start":{"line":8,"column":2},"end":{"line":8,"column":3}},"loc":{"start":{"line":8,"column":40},"end":{"line":48,"column":3}},"line":8},"1":{"name":"(anonymous_1)","decl":{"start":{"line":39,"column":39},"end":{"line":39,"column":40}},"loc":{"start":{"line":39,"column":47},"end":{"line":41,"column":9}},"line":39},"2":{"name":"(anonymous_2)","decl":{"start":{"line":49,"column":2},"end":{"line":49,"column":3}},"loc":{"start":{"line":49,"column":37},"end":{"line":74,"column":3}},"line":49},"3":{"name":"(anonymous_3)","decl":{"start":{"line":75,"column":2},"end":{"line":75,"column":3}},"loc":{"start":{"line":75,"column":37},"end":{"line":116,"column":3}},"line":75},"4":{"name":"(anonymous_4)","decl":{"start":{"line":84,"column":12},"end":{"line":84,"column":13}},"loc":{"start":{"line":84,"column":22},"end":{"line":87,"column":7}},"line":84},"5":{"name":"(anonymous_5)","decl":{"start":{"line":88,"column":12},"end":{"line":88,"column":13}},"loc":{"start":{"line":88,"column":22},"end":{"line":103,"column":7}},"line":88},"6":{"name":"(anonymous_6)","decl":{"start":{"line":104,"column":12},"end":{"line":104,"column":13}},"loc":{"start":{"line":104,"column":22},"end":{"line":112,"column":7}},"line":104},"7":{"name":"(anonymous_7)","decl":{"start":{"line":113,"column":13},"end":{"line":113,"column":14}},"loc":{"start":{"line":113,"column":22},"end":{"line":115,"column":7}},"line":113},"8":{"name":"(anonymous_8)","decl":{"start":{"line":118,"column":2},"end":{"line":118,"column":3}},"loc":{"start":{"line":118,"column":45},"end":{"line":146,"column":3}},"line":118}},"branchMap":{"0":{"loc":{"start":{"line":21,"column":6},"end":{"line":30,"column":7}},"type":"if","locations":[{"start":{"line":21,"column":6},"end":{"line":30,"column":7}},{"start":{"line":21,"column":6},"end":{"line":30,"column":7}}],"line":21},"1":{"loc":{"start":{"line":24,"column":8},"end":{"line":29,"column":9}},"type":"if","locations":[{"start":{"line":24,"column":8},"end":{"line":29,"column":9}},{"start":{"line":24,"column":8},"end":{"line":29,"column":9}}],"line":24},"2":{"loc":{"start":{"line":32,"column":6},"end":{"line":46,"column":7}},"type":"if","locations":[{"start":{"line":32,"column":6},"end":{"line":46,"column":7}},{"start":{"line":32,"column":6},"end":{"line":46,"column":7}}],"line":32},"3":{"loc":{"start":{"line":52,"column":6},"end":{"line":70,"column":7}},"type":"if","locations":[{"start":{"line":52,"column":6},"end":{"line":70,"column":7}},{"start":{"line":52,"column":6},"end":{"line":70,"column":7}}],"line":52},"4":{"loc":{"start":{"line":53,"column":8},"end":{"line":67,"column":9}},"type":"if","locations":[{"start":{"line":53,"column":8},"end":{"line":67,"column":9}},{"start":{"line":53,"column":8},"end":{"line":67,"column":9}}],"line":53},"5":{"loc":{"start":{"line":54,"column":10},"end":{"line":64,"column":11}},"type":"if","locations":[{"start":{"line":54,"column":10},"end":{"line":64,"column":11}},{"start":{"line":54,"column":10},"end":{"line":64,"column":11}}],"line":54},"6":{"loc":{"start":{"line":89,"column":8},"end":{"line":102,"column":9}},"type":"if","locations":[{"start":{"line":89,"column":8},"end":{"line":102,"column":9}},{"start":{"line":89,"column":8},"end":{"line":102,"column":9}}],"line":89},"7":{"loc":{"start":{"line":122,"column":6},"end":{"line":141,"column":7}},"type":"if","locations":[{"start":{"line":122,"column":6},"end":{"line":141,"column":7}},{"start":{"line":122,"column":6},"end":{"line":141,"column":7}}],"line":122},"8":{"loc":{"start":{"line":126,"column":8},"end":{"line":138,"column":9}},"type":"if","locations":[{"start":{"line":126,"column":8},"end":{"line":138,"column":9}},{"start":{"line":126,"column":8},"end":{"line":138,"column":9}}],"line":126},"9":{"loc":{"start":{"line":127,"column":10},"end":{"line":135,"column":11}},"type":"if","locations":[{"start":{"line":127,"column":10},"end":{"line":135,"column":11}},{"start":{"line":127,"column":10},"end":{"line":135,"column":11}}],"line":127}},"s":{"0":3,"1":3,"2":3,"3":3,"4":8,"5":8,"6":8,"7":8,"8":8,"9":1,"10":7,"11":1,"12":6,"13":1,"14":7,"15":2,"16":5,"17":5,"18":6,"19":5,"20":16,"21":16,"22":16,"23":15,"24":15,"25":14,"26":14,"27":14,"28":1,"29":0,"30":1,"31":2,"32":0,"33":0,"34":0,"35":0,"36":0,"37":0,"38":0,"39":0,"40":0,"41":0,"42":0,"43":0,"44":0,"45":0,"46":0,"47":0,"48":0,"49":0,"50":0,"51":0,"52":0,"53":0,"54":0,"55":0,"56":0,"57":0,"58":0,"59":0,"60":0,"61":0,"62":0,"63":3},"f":{"0":8,"1":6,"2":16,"3":0,"4":0,"5":0,"6":0,"7":0,"8":0},"b":{"0":[1,7],"1":[1,6],"2":[2,5],"3":[15,1],"4":[15,0],"5":[14,1],"6":[0,0],"7":[0,0],"8":[0,0],"9":[0,0]},"_coverageSchema":"1a1c01bbd47fc00a2c39e90264f33305004495a9","hash":"f5ef0850a3aaa3ac03eae9d71048a0574b04e02b"}
,"/home/asra/hacktiv8/phase3/Final-Project-H8/SayangiKotamu/server/helpers/bcrypt.js": {"path":"/home/asra/hacktiv8/phase3/Final-Project-H8/SayangiKotamu/server/helpers/bcrypt.js","statementMap":{"0":{"start":{"line":1,"column":15},"end":{"line":1,"column":34}},"1":{"start":{"line":4,"column":2},"end":{"line":4,"column":52}},"2":{"start":{"line":7,"column":2},"end":{"line":7,"column":59}},"3":{"start":{"line":10,"column":0},"end":{"line":10,"column":51}}},"fnMap":{"0":{"name":"comparePassword","decl":{"start":{"line":3,"column":9},"end":{"line":3,"column":24}},"loc":{"start":{"line":3,"column":49},"end":{"line":5,"column":1}},"line":3},"1":{"name":"hashPassword","decl":{"start":{"line":6,"column":9},"end":{"line":6,"column":21}},"loc":{"start":{"line":6,"column":32},"end":{"line":8,"column":1}},"line":6}},"branchMap":{},"s":{"0":3,"1":27,"2":4,"3":3},"f":{"0":27,"1":4},"b":{},"_coverageSchema":"1a1c01bbd47fc00a2c39e90264f33305004495a9","hash":"ce98e05fcbece8e0bc6adb1d05e2984c48d7afb8"}
,"/home/asra/hacktiv8/phase3/Final-Project-H8/SayangiKotamu/server/helpers/jwt.js": {"path":"/home/asra/hacktiv8/phase3/Final-Project-H8/SayangiKotamu/server/helpers/jwt.js","statementMap":{"0":{"start":{"line":1,"column":12},"end":{"line":1,"column":35}},"1":{"start":{"line":3,"column":16},"end":{"line":6,"column":1}},"2":{"start":{"line":4,"column":20},"end":{"line":4,"column":61}},"3":{"start":{"line":5,"column":2},"end":{"line":5,"column":21}},"4":{"start":{"line":8,"column":18},"end":{"line":11,"column":1}},"5":{"start":{"line":9,"column":18},"end":{"line":9,"column":66}},"6":{"start":{"line":10,"column":2},"end":{"line":10,"column":17}},"7":{"start":{"line":13,"column":29},"end":{"line":18,"column":1}},"8":{"start":{"line":14,"column":20},"end":{"line":16,"column":4}},"9":{"start":{"line":17,"column":2},"end":{"line":17,"column":21}},"10":{"start":{"line":20,"column":31},"end":{"line":23,"column":1}},"11":{"start":{"line":21,"column":18},"end":{"line":21,"column":74}},"12":{"start":{"line":22,"column":2},"end":{"line":22,"column":17}},"13":{"start":{"line":25,"column":0},"end":{"line":30,"column":2}}},"fnMap":{"0":{"name":"(anonymous_0)","decl":{"start":{"line":3,"column":16},"end":{"line":3,"column":17}},"loc":{"start":{"line":3,"column":29},"end":{"line":6,"column":1}},"line":3},"1":{"name":"(anonymous_1)","decl":{"start":{"line":8,"column":18},"end":{"line":8,"column":19}},"loc":{"start":{"line":8,"column":36},"end":{"line":11,"column":1}},"line":8},"2":{"name":"(anonymous_2)","decl":{"start":{"line":13,"column":29},"end":{"line":13,"column":30}},"loc":{"start":{"line":13,"column":42},"end":{"line":18,"column":1}},"line":13},"3":{"name":"(anonymous_3)","decl":{"start":{"line":20,"column":31},"end":{"line":20,"column":32}},"loc":{"start":{"line":20,"column":49},"end":{"line":23,"column":1}},"line":20}},"branchMap":{},"s":{"0":3,"1":3,"2":25,"3":25,"4":3,"5":23,"6":23,"7":3,"8":4,"9":4,"10":3,"11":0,"12":0,"13":3},"f":{"0":25,"1":23,"2":4,"3":0},"b":{},"_coverageSchema":"1a1c01bbd47fc00a2c39e90264f33305004495a9","hash":"27abd69bbb25c4f4a546841a4eb92ea370752ef2"}
,"/home/asra/hacktiv8/phase3/Final-Project-H8/SayangiKotamu/server/middlewares/auth.js": {"path":"/home/asra/hacktiv8/phase3/Final-Project-H8/SayangiKotamu/server/middlewares/auth.js","statementMap":{"0":{"start":{"line":1,"column":22},"end":{"line":1,"column":47}},"1":{"start":{"line":2,"column":14},"end":{"line":2,"column":40}},"2":{"start":{"line":3,"column":15},"end":{"line":3,"column":42}},"3":{"start":{"line":4,"column":13},"end":{"line":4,"column":38}},"4":{"start":{"line":7,"column":40},"end":{"line":7,"column":51}},"5":{"start":{"line":9,"column":2},"end":{"line":31,"column":3}},"6":{"start":{"line":10,"column":4},"end":{"line":28,"column":5}},"7":{"start":{"line":11,"column":33},"end":{"line":11,"column":55}},"8":{"start":{"line":12,"column":25},"end":{"line":14,"column":8}},"9":{"start":{"line":16,"column":6},"end":{"line":25,"column":7}},"10":{"start":{"line":17,"column":8},"end":{"line":21,"column":10}},"11":{"start":{"line":22,"column":8},"end":{"line":22,"column":15}},"12":{"start":{"line":24,"column":8},"end":{"line":24,"column":40}},"13":{"start":{"line":27,"column":6},"end":{"line":27,"column":38}},"14":{"start":{"line":30,"column":4},"end":{"line":30,"column":14}},"15":{"start":{"line":35,"column":27},"end":{"line":35,"column":38}},"16":{"start":{"line":36,"column":2},"end":{"line":57,"column":3}},"17":{"start":{"line":37,"column":4},"end":{"line":54,"column":5}},"18":{"start":{"line":38,"column":22},"end":{"line":38,"column":45}},"19":{"start":{"line":39,"column":25},"end":{"line":41,"column":8}},"20":{"start":{"line":42,"column":6},"end":{"line":51,"column":7}},"21":{"start":{"line":43,"column":8},"end":{"line":47,"column":10}},"22":{"start":{"line":48,"column":8},"end":{"line":48,"column":15}},"23":{"start":{"line":50,"column":8},"end":{"line":50,"column":40}},"24":{"start":{"line":53,"column":6},"end":{"line":53,"column":38}},"25":{"start":{"line":56,"column":4},"end":{"line":56,"column":16}},"26":{"start":{"line":61,"column":38},"end":{"line":61,"column":46}},"27":{"start":{"line":63,"column":2},"end":{"line":77,"column":3}},"28":{"start":{"line":64,"column":22},"end":{"line":64,"column":58}},"29":{"start":{"line":66,"column":4},"end":{"line":74,"column":5}},"30":{"start":{"line":67,"column":6},"end":{"line":67,"column":38}},"31":{"start":{"line":69,"column":6},"end":{"line":73,"column":7}},"32":{"start":{"line":70,"column":8},"end":{"line":70,"column":42}},"33":{"start":{"line":72,"column":8},"end":{"line":72,"column":15}},"34":{"start":{"line":76,"column":4},"end":{"line":76,"column":14}},"35":{"start":{"line":82,"column":17},"end":{"line":82,"column":27}},"36":{"start":{"line":83,"column":38},"end":{"line":83,"column":46}},"37":{"start":{"line":84,"column":2},"end":{"line":97,"column":3}},"38":{"start":{"line":85,"column":24},"end":{"line":85,"column":57}},"39":{"start":{"line":86,"column":4},"end":{"line":94,"column":5}},"40":{"start":{"line":87,"column":6},"end":{"line":91,"column":7}},"41":{"start":{"line":88,"column":8},"end":{"line":88,"column":15}},"42":{"start":{"line":90,"column":8},"end":{"line":90,"column":41}},"43":{"start":{"line":93,"column":6},"end":{"line":93,"column":39}},"44":{"start":{"line":96,"column":4},"end":{"line":96,"column":14}},"45":{"start":{"line":100,"column":0},"end":{"line":100,"column":68}}},"fnMap":{"0":{"name":"dinasAuth","decl":{"start":{"line":6,"column":15},"end":{"line":6,"column":24}},"loc":{"start":{"line":6,"column":41},"end":{"line":32,"column":1}},"line":6},"1":{"name":"Userauth","decl":{"start":{"line":34,"column":15},"end":{"line":34,"column":23}},"loc":{"start":{"line":34,"column":40},"end":{"line":58,"column":1}},"line":34},"2":{"name":"authEmailUser","decl":{"start":{"line":60,"column":15},"end":{"line":60,"column":28}},"loc":{"start":{"line":60,"column":45},"end":{"line":78,"column":1}},"line":60},"3":{"name":"authZDinas","decl":{"start":{"line":81,"column":15},"end":{"line":81,"column":25}},"loc":{"start":{"line":81,"column":42},"end":{"line":98,"column":1}},"line":81}},"branchMap":{"0":{"loc":{"start":{"line":10,"column":4},"end":{"line":28,"column":5}},"type":"if","locations":[{"start":{"line":10,"column":4},"end":{"line":28,"column":5}},{"start":{"line":10,"column":4},"end":{"line":28,"column":5}}],"line":10},"1":{"loc":{"start":{"line":16,"column":6},"end":{"line":25,"column":7}},"type":"if","locations":[{"start":{"line":16,"column":6},"end":{"line":25,"column":7}},{"start":{"line":16,"column":6},"end":{"line":25,"column":7}}],"line":16},"2":{"loc":{"start":{"line":37,"column":4},"end":{"line":54,"column":5}},"type":"if","locations":[{"start":{"line":37,"column":4},"end":{"line":54,"column":5}},{"start":{"line":37,"column":4},"end":{"line":54,"column":5}}],"line":37},"3":{"loc":{"start":{"line":42,"column":6},"end":{"line":51,"column":7}},"type":"if","locations":[{"start":{"line":42,"column":6},"end":{"line":51,"column":7}},{"start":{"line":42,"column":6},"end":{"line":51,"column":7}}],"line":42},"4":{"loc":{"start":{"line":66,"column":4},"end":{"line":74,"column":5}},"type":"if","locations":[{"start":{"line":66,"column":4},"end":{"line":74,"column":5}},{"start":{"line":66,"column":4},"end":{"line":74,"column":5}}],"line":66},"5":{"loc":{"start":{"line":69,"column":6},"end":{"line":73,"column":7}},"type":"if","locations":[{"start":{"line":69,"column":6},"end":{"line":73,"column":7}},{"start":{"line":69,"column":6},"end":{"line":73,"column":7}}],"line":69},"6":{"loc":{"start":{"line":86,"column":4},"end":{"line":94,"column":5}},"type":"if","locations":[{"start":{"line":86,"column":4},"end":{"line":94,"column":5}},{"start":{"line":86,"column":4},"end":{"line":94,"column":5}}],"line":86},"7":{"loc":{"start":{"line":87,"column":6},"end":{"line":91,"column":7}},"type":"if","locations":[{"start":{"line":87,"column":6},"end":{"line":91,"column":7}},{"start":{"line":87,"column":6},"end":{"line":91,"column":7}}],"line":87}},"s":{"0":3,"1":3,"2":3,"3":3,"4":10,"5":10,"6":10,"7":10,"8":10,"9":10,"10":10,"11":10,"12":0,"13":0,"14":0,"15":13,"16":13,"17":13,"18":13,"19":13,"20":13,"21":13,"22":13,"23":0,"24":0,"25":0,"26":13,"27":13,"28":13,"29":13,"30":0,"31":13,"32":0,"33":13,"34":0,"35":9,"36":9,"37":9,"38":9,"39":9,"40":5,"41":3,"42":2,"43":4,"44":6,"45":3},"f":{"0":10,"1":13,"2":13,"3":9},"b":{"0":[10,0],"1":[10,0],"2":[13,0],"3":[13,0],"4":[0,13],"5":[0,13],"6":[5,4],"7":[3,2]},"_coverageSchema":"1a1c01bbd47fc00a2c39e90264f33305004495a9","hash":"0afededc7e21dece78206e5a7bd0d25fa765cb3f"}
,"/home/asra/hacktiv8/phase3/Final-Project-H8/SayangiKotamu/server/middlewares/errorHandler.js": {"path":"/home/asra/hacktiv8/phase3/Final-Project-H8/SayangiKotamu/server/middlewares/errorHandler.js","statementMap":{"0":{"start":{"line":2,"column":2},"end":{"line":2,"column":24}},"1":{"start":{"line":3,"column":2},"end":{"line":58,"column":3}},"2":{"start":{"line":5,"column":6},"end":{"line":5,"column":71}},"3":{"start":{"line":6,"column":6},"end":{"line":6,"column":12}},"4":{"start":{"line":8,"column":6},"end":{"line":8,"column":69}},"5":{"start":{"line":9,"column":6},"end":{"line":9,"column":12}},"6":{"start":{"line":11,"column":6},"end":{"line":11,"column":62}},"7":{"start":{"line":12,"column":6},"end":{"line":12,"column":12}},"8":{"start":{"line":14,"column":6},"end":{"line":14,"column":72}},"9":{"start":{"line":15,"column":6},"end":{"line":15,"column":12}},"10":{"start":{"line":17,"column":6},"end":{"line":17,"column":60}},"11":{"start":{"line":18,"column":6},"end":{"line":18,"column":12}},"12":{"start":{"line":20,"column":6},"end":{"line":20,"column":65}},"13":{"start":{"line":21,"column":6},"end":{"line":21,"column":12}},"14":{"start":{"line":23,"column":6},"end":{"line":23,"column":73}},"15":{"start":{"line":24,"column":6},"end":{"line":24,"column":12}},"16":{"start":{"line":26,"column":6},"end":{"line":26,"column":80}},"17":{"start":{"line":27,"column":6},"end":{"line":27,"column":12}},"18":{"start":{"line":29,"column":6},"end":{"line":29,"column":64}},"19":{"start":{"line":30,"column":6},"end":{"line":30,"column":12}},"20":{"start":{"line":32,"column":6},"end":{"line":32,"column":77}},"21":{"start":{"line":33,"column":6},"end":{"line":33,"column":12}},"22":{"start":{"line":35,"column":6},"end":{"line":37,"column":9}},"23":{"start":{"line":38,"column":6},"end":{"line":38,"column":12}},"24":{"start":{"line":42,"column":6},"end":{"line":42,"column":69}},"25":{"start":{"line":43,"column":6},"end":{"line":43,"column":12}},"26":{"start":{"line":45,"column":6},"end":{"line":45,"column":53}},"27":{"start":{"line":46,"column":6},"end":{"line":46,"column":12}},"28":{"start":{"line":48,"column":6},"end":{"line":48,"column":53}},"29":{"start":{"line":49,"column":6},"end":{"line":49,"column":12}},"30":{"start":{"line":51,"column":6},"end":{"line":51,"column":53}},"31":{"start":{"line":52,"column":6},"end":{"line":52,"column":12}},"32":{"start":{"line":54,"column":6},"end":{"line":54,"column":53}},"33":{"start":{"line":55,"column":6},"end":{"line":55,"column":12}},"34":{"start":{"line":57,"column":6},"end":{"line":57,"column":65}},"35":{"start":{"line":60,"column":0},"end":{"line":60,"column":30}}},"fnMap":{"0":{"name":"errorHandler","decl":{"start":{"line":1,"column":9},"end":{"line":1,"column":21}},"loc":{"start":{"line":1,"column":43},"end":{"line":59,"column":1}},"line":1}},"branchMap":{"0":{"loc":{"start":{"line":3,"column":2},"end":{"line":58,"column":3}},"type":"switch","locations":[{"start":{"line":4,"column":4},"end":{"line":6,"column":12}},{"start":{"line":7,"column":4},"end":{"line":9,"column":12}},{"start":{"line":10,"column":4},"end":{"line":12,"column":12}},{"start":{"line":13,"column":4},"end":{"line":15,"column":12}},{"start":{"line":16,"column":4},"end":{"line":18,"column":12}},{"start":{"line":19,"column":4},"end":{"line":21,"column":12}},{"start":{"line":22,"column":4},"end":{"line":24,"column":12}},{"start":{"line":25,"column":4},"end":{"line":27,"column":12}},{"start":{"line":28,"column":4},"end":{"line":30,"column":12}},{"start":{"line":31,"column":4},"end":{"line":33,"column":12}},{"start":{"line":34,"column":4},"end":{"line":38,"column":12}},{"start":{"line":41,"column":4},"end":{"line":43,"column":12}},{"start":{"line":44,"column":4},"end":{"line":46,"column":12}},{"start":{"line":47,"column":4},"end":{"line":49,"column":12}},{"start":{"line":50,"column":4},"end":{"line":52,"column":12}},{"start":{"line":53,"column":4},"end":{"line":55,"column":12}},{"start":{"line":56,"column":4},"end":{"line":57,"column":65}}],"line":3}},"s":{"0":20,"1":20,"2":0,"3":0,"4":4,"5":4,"6":0,"7":0,"8":0,"9":0,"10":5,"11":5,"12":0,"13":0,"14":0,"15":0,"16":0,"17":0,"18":0,"19":0,"20":2,"21":2,"22":0,"23":0,"24":1,"25":1,"26":1,"27":1,"28":5,"29":5,"30":0,"31":0,"32":2,"33":2,"34":0,"35":3},"f":{"0":20},"b":{"0":[0,4,0,0,5,0,0,0,0,2,0,1,1,5,0,2,0]},"_coverageSchema":"1a1c01bbd47fc00a2c39e90264f33305004495a9","hash":"e813840da963cb21d07e1c0faf8fe283ba20ccdd"}
,"/home/asra/hacktiv8/phase3/Final-Project-H8/SayangiKotamu/server/models/announcment.js": {"path":"/home/asra/hacktiv8/phase3/Final-Project-H8/SayangiKotamu/server/models/announcment.js","statementMap":{"0":{"start":{"line":1,"column":17},"end":{"line":1,"column":36}},"1":{"start":{"line":2,"column":18},"end":{"line":2,"column":38}},"2":{"start":{"line":4,"column":26},"end":{"line":20,"column":2}},"3":{"start":{"line":22,"column":20},"end":{"line":22,"column":68}},"4":{"start":{"line":24,"column":0},"end":{"line":24,"column":29}}},"fnMap":{},"branchMap":{},"s":{"0":3,"1":3,"2":3,"3":3,"4":3},"f":{},"b":{},"_coverageSchema":"1a1c01bbd47fc00a2c39e90264f33305004495a9","hash":"0dc9ad19ec87eaa1183b4de13c5bd95174492164"}
,"/home/asra/hacktiv8/phase3/Final-Project-H8/SayangiKotamu/server/models/aspiration.js": {"path":"/home/asra/hacktiv8/phase3/Final-Project-H8/SayangiKotamu/server/models/aspiration.js","statementMap":{"0":{"start":{"line":1,"column":17},"end":{"line":1,"column":36}},"1":{"start":{"line":2,"column":18},"end":{"line":2,"column":38}},"2":{"start":{"line":4,"column":25},"end":{"line":25,"column":2}},"3":{"start":{"line":27,"column":19},"end":{"line":27,"column":65}},"4":{"start":{"line":29,"column":0},"end":{"line":29,"column":28}}},"fnMap":{},"branchMap":{},"s":{"0":3,"1":3,"2":3,"3":3,"4":3},"f":{},"b":{},"_coverageSchema":"1a1c01bbd47fc00a2c39e90264f33305004495a9","hash":"99f959c705461c29b500a0b383642aa8f0599475"}
,"/home/asra/hacktiv8/phase3/Final-Project-H8/SayangiKotamu/server/models/categories.js": {"path":"/home/asra/hacktiv8/phase3/Final-Project-H8/SayangiKotamu/server/models/categories.js","statementMap":{"0":{"start":{"line":1,"column":17},"end":{"line":1,"column":36}},"1":{"start":{"line":3,"column":25},"end":{"line":12,"column":2}},"2":{"start":{"line":14,"column":19},"end":{"line":14,"column":65}},"3":{"start":{"line":15,"column":0},"end":{"line":15,"column":28}}},"fnMap":{},"branchMap":{},"s":{"0":3,"1":3,"2":3,"3":3},"f":{},"b":{},"_coverageSchema":"1a1c01bbd47fc00a2c39e90264f33305004495a9","hash":"9a175fe1805483e6ecc0e5c375f312a0480c9152"}
,"/home/asra/hacktiv8/phase3/Final-Project-H8/SayangiKotamu/server/models/dinas.js": {"path":"/home/asra/hacktiv8/phase3/Final-Project-H8/SayangiKotamu/server/models/dinas.js","statementMap":{"0":{"start":{"line":1,"column":17},"end":{"line":1,"column":36}},"1":{"start":{"line":2,"column":18},"end":{"line":2,"column":38}},"2":{"start":{"line":3,"column":21},"end":{"line":3,"column":40}},"3":{"start":{"line":5,"column":20},"end":{"line":40,"column":2}},"4":{"start":{"line":15,"column":6},"end":{"line":17,"column":7}},"5":{"start":{"line":16,"column":8},"end":{"line":16,"column":44}},"6":{"start":{"line":43,"column":0},"end":{"line":57,"column":3}},"7":{"start":{"line":44,"column":16},"end":{"line":44,"column":20}},"8":{"start":{"line":46,"column":21},"end":{"line":48,"column":4}},"9":{"start":{"line":47,"column":4},"end":{"line":47,"column":53}},"10":{"start":{"line":50,"column":14},"end":{"line":50,"column":45}},"11":{"start":{"line":51,"column":2},"end":{"line":51,"column":18}},"12":{"start":{"line":53,"column":22},"end":{"line":53,"column":46}},"13":{"start":{"line":54,"column":2},"end":{"line":54,"column":31}},"14":{"start":{"line":56,"column":2},"end":{"line":56,"column":9}},"15":{"start":{"line":59,"column":0},"end":{"line":61,"column":3}},"16":{"start":{"line":60,"column":59},"end":{"line":60,"column":63}},"17":{"start":{"line":63,"column":14},"end":{"line":63,"column":50}},"18":{"start":{"line":65,"column":0},"end":{"line":65,"column":23}}},"fnMap":{"0":{"name":"(anonymous_0)","decl":{"start":{"line":14,"column":4},"end":{"line":14,"column":5}},"loc":{"start":{"line":14,"column":20},"end":{"line":18,"column":5}},"line":14},"1":{"name":"(anonymous_1)","decl":{"start":{"line":43,"column":24},"end":{"line":43,"column":25}},"loc":{"start":{"line":43,"column":46},"end":{"line":57,"column":1}},"line":43},"2":{"name":"(anonymous_2)","decl":{"start":{"line":46,"column":47},"end":{"line":46,"column":48}},"loc":{"start":{"line":46,"column":55},"end":{"line":48,"column":3}},"line":46},"3":{"name":"(anonymous_3)","decl":{"start":{"line":60,"column":13},"end":{"line":60,"column":14}},"loc":{"start":{"line":60,"column":59},"end":{"line":60,"column":63}},"line":60}},"branchMap":{"0":{"loc":{"start":{"line":15,"column":6},"end":{"line":17,"column":7}},"type":"if","locations":[{"start":{"line":15,"column":6},"end":{"line":17,"column":7}},{"start":{"line":15,"column":6},"end":{"line":17,"column":7}}],"line":15}},"s":{"0":3,"1":3,"2":3,"3":3,"4":7,"5":1,"6":3,"7":4,"8":4,"9":8,"10":4,"11":4,"12":4,"13":4,"14":4,"15":3,"16":15,"17":3,"18":3},"f":{"0":7,"1":4,"2":8,"3":15},"b":{"0":[1,6]},"_coverageSchema":"1a1c01bbd47fc00a2c39e90264f33305004495a9","hash":"bf2c5cfe009118a94a2ff3e3cf2d5e685b6d4f03"}
,"/home/asra/hacktiv8/phase3/Final-Project-H8/SayangiKotamu/server/models/notification.js": {"path":"/home/asra/hacktiv8/phase3/Final-Project-H8/SayangiKotamu/server/models/notification.js","statementMap":{"0":{"start":{"line":1,"column":17},"end":{"line":1,"column":36}},"1":{"start":{"line":3,"column":27},"end":{"line":13,"column":2}},"2":{"start":{"line":15,"column":21},"end":{"line":15,"column":71}},"3":{"start":{"line":17,"column":0},"end":{"line":17,"column":30}}},"fnMap":{},"branchMap":{},"s":{"0":3,"1":3,"2":3,"3":3},"f":{},"b":{},"_coverageSchema":"1a1c01bbd47fc00a2c39e90264f33305004495a9","hash":"6087e1d0c876f9882e7919b3b93b8ee099158c02"}
,"/home/asra/hacktiv8/phase3/Final-Project-H8/SayangiKotamu/server/models/report.js": {"path":"/home/asra/hacktiv8/phase3/Final-Project-H8/SayangiKotamu/server/models/report.js","statementMap":{"0":{"start":{"line":1,"column":17},"end":{"line":1,"column":36}},"1":{"start":{"line":2,"column":18},"end":{"line":2,"column":38}},"2":{"start":{"line":3,"column":21},"end":{"line":3,"column":54}},"3":{"start":{"line":4,"column":14},"end":{"line":4,"column":40}},"4":{"start":{"line":6,"column":21},"end":{"line":57,"column":2}},"5":{"start":{"line":60,"column":0},"end":{"line":82,"column":3}},"6":{"start":{"line":61,"column":2},"end":{"line":79,"column":3}},"7":{"start":{"line":62,"column":26},"end":{"line":62,"column":42}},"8":{"start":{"line":64,"column":23},"end":{"line":66,"column":29}},"9":{"start":{"line":69,"column":6},"end":{"line":71,"column":35}},"10":{"start":{"line":73,"column":20},"end":{"line":77,"column":5}},"11":{"start":{"line":78,"column":4},"end":{"line":78,"column":39}},"12":{"start":{"line":81,"column":2},"end":{"line":81,"column":9}},"13":{"start":{"line":84,"column":15},"end":{"line":84,"column":53}},"14":{"start":{"line":86,"column":0},"end":{"line":86,"column":24}}},"fnMap":{"0":{"name":"(anonymous_0)","decl":{"start":{"line":60,"column":30},"end":{"line":60,"column":31}},"loc":{"start":{"line":60,"column":52},"end":{"line":82,"column":1}},"line":60}},"branchMap":{"0":{"loc":{"start":{"line":61,"column":2},"end":{"line":79,"column":3}},"type":"if","locations":[{"start":{"line":61,"column":2},"end":{"line":79,"column":3}},{"start":{"line":61,"column":2},"end":{"line":79,"column":3}}],"line":61},"1":{"loc":{"start":{"line":69,"column":6},"end":{"line":71,"column":35}},"type":"cond-expr","locations":[{"start":{"line":70,"column":10},"end":{"line":70,"column":28}},{"start":{"line":71,"column":10},"end":{"line":71,"column":35}}],"line":69}},"s":{"0":3,"1":3,"2":3,"3":3,"4":3,"5":3,"6":3,"7":1,"8":1,"9":1,"10":1,"11":1,"12":3,"13":3,"14":3},"f":{"0":3},"b":{"0":[1,2],"1":[1,0]},"_coverageSchema":"1a1c01bbd47fc00a2c39e90264f33305004495a9","hash":"0bd48a0135f68355efe25e41ef3c270c6ba61914"}
,"/home/asra/hacktiv8/phase3/Final-Project-H8/SayangiKotamu/server/models/user.js": {"path":"/home/asra/hacktiv8/phase3/Final-Project-H8/SayangiKotamu/server/models/user.js","statementMap":{"0":{"start":{"line":1,"column":12},"end":{"line":1,"column":35}},"1":{"start":{"line":2,"column":19},"end":{"line":2,"column":40}},"2":{"start":{"line":3,"column":21},"end":{"line":3,"column":36}},"3":{"start":{"line":4,"column":17},"end":{"line":4,"column":36}},"4":{"start":{"line":5,"column":18},"end":{"line":5,"column":38}},"5":{"start":{"line":6,"column":25},"end":{"line":6,"column":53}},"6":{"start":{"line":7,"column":33},"end":{"line":7,"column":58}},"7":{"start":{"line":9,"column":19},"end":{"line":49,"column":2}},"8":{"start":{"line":19,"column":6},"end":{"line":21,"column":7}},"9":{"start":{"line":20,"column":8},"end":{"line":20,"column":44}},"10":{"start":{"line":51,"column":0},"end":{"line":89,"column":3}},"11":{"start":{"line":52,"column":15},"end":{"line":52,"column":19}},"12":{"start":{"line":53,"column":2},"end":{"line":53,"column":50}},"13":{"start":{"line":53,"column":36},"end":{"line":53,"column":50}},"14":{"start":{"line":54,"column":2},"end":{"line":54,"column":46}},"15":{"start":{"line":57,"column":21},"end":{"line":61,"column":4}},"16":{"start":{"line":63,"column":2},"end":{"line":63,"column":39}},"17":{"start":{"line":65,"column":20},"end":{"line":71,"column":4}},"18":{"start":{"line":73,"column":20},"end":{"line":78,"column":3}},"19":{"start":{"line":80,"column":2},"end":{"line":87,"column":5}},"20":{"start":{"line":82,"column":4},"end":{"line":86,"column":5}},"21":{"start":{"line":83,"column":6},"end":{"line":83,"column":27}},"22":{"start":{"line":85,"column":6},"end":{"line":85,"column":32}},"23":{"start":{"line":88,"column":2},"end":{"line":88,"column":9}},"24":{"start":{"line":91,"column":13},"end":{"line":91,"column":47}},"25":{"start":{"line":92,"column":0},"end":{"line":92,"column":22}}},"fnMap":{"0":{"name":"(anonymous_0)","decl":{"start":{"line":18,"column":4},"end":{"line":18,"column":5}},"loc":{"start":{"line":18,"column":20},"end":{"line":22,"column":5}},"line":18},"1":{"name":"(anonymous_1)","decl":{"start":{"line":51,"column":23},"end":{"line":51,"column":24}},"loc":{"start":{"line":51,"column":39},"end":{"line":89,"column":1}},"line":51},"2":{"name":"(anonymous_2)","decl":{"start":{"line":80,"column":36},"end":{"line":80,"column":37}},"loc":{"start":{"line":80,"column":57},"end":{"line":87,"column":3}},"line":80}},"branchMap":{"0":{"loc":{"start":{"line":19,"column":6},"end":{"line":21,"column":7}},"type":"if","locations":[{"start":{"line":19,"column":6},"end":{"line":21,"column":7}},{"start":{"line":19,"column":6},"end":{"line":21,"column":7}}],"line":19},"1":{"loc":{"start":{"line":53,"column":2},"end":{"line":53,"column":50}},"type":"if","locations":[{"start":{"line":53,"column":2},"end":{"line":53,"column":50}},{"start":{"line":53,"column":2},"end":{"line":53,"column":50}}],"line":53},"2":{"loc":{"start":{"line":82,"column":4},"end":{"line":86,"column":5}},"type":"if","locations":[{"start":{"line":82,"column":4},"end":{"line":86,"column":5}},{"start":{"line":82,"column":4},"end":{"line":86,"column":5}}],"line":82}},"s":{"0":3,"1":3,"2":3,"3":3,"4":3,"5":3,"6":3,"7":3,"8":6,"9":1,"10":3,"11":4,"12":4,"13":0,"14":4,"15":4,"16":4,"17":4,"18":4,"19":4,"20":2,"21":0,"22":2,"23":4,"24":3,"25":3},"f":{"0":6,"1":4,"2":2},"b":{"0":[1,5],"1":[0,4],"2":[0,2]},"_coverageSchema":"1a1c01bbd47fc00a2c39e90264f33305004495a9","hash":"f36b8fff536ad7191f3a61b9ba52ad1c89de0f86"}
,"/home/asra/hacktiv8/phase3/Final-Project-H8/SayangiKotamu/server/routers/announcment.js": {"path":"/home/asra/hacktiv8/phase3/Final-Project-H8/SayangiKotamu/server/routers/announcment.js","statementMap":{"0":{"start":{"line":1,"column":15},"end":{"line":1,"column":42}},"1":{"start":{"line":2,"column":30},"end":{"line":2,"column":77}},"2":{"start":{"line":3,"column":36},"end":{"line":3,"column":66}},"3":{"start":{"line":5,"column":0},"end":{"line":5,"column":36}},"4":{"start":{"line":7,"column":0},"end":{"line":7,"column":46}},"5":{"start":{"line":8,"column":0},"end":{"line":8,"column":50}},"6":{"start":{"line":10,"column":0},"end":{"line":10,"column":24}}},"fnMap":{},"branchMap":{},"s":{"0":3,"1":3,"2":3,"3":3,"4":3,"5":3,"6":3},"f":{},"b":{},"_coverageSchema":"1a1c01bbd47fc00a2c39e90264f33305004495a9","hash":"58528b2ddf6c1d1f6b110cea35638d224750f08d"}
,"/home/asra/hacktiv8/phase3/Final-Project-H8/SayangiKotamu/server/routers/aspiration.js": {"path":"/home/asra/hacktiv8/phase3/Final-Project-H8/SayangiKotamu/server/routers/aspiration.js","statementMap":{"0":{"start":{"line":1,"column":15},"end":{"line":1,"column":42}},"1":{"start":{"line":2,"column":29},"end":{"line":2,"column":75}},"2":{"start":{"line":3,"column":36},"end":{"line":3,"column":66}},"3":{"start":{"line":5,"column":0},"end":{"line":5,"column":36}},"4":{"start":{"line":7,"column":0},"end":{"line":7,"column":45}},"5":{"start":{"line":9,"column":0},"end":{"line":9,"column":49}},"6":{"start":{"line":11,"column":0},"end":{"line":11,"column":52}},"7":{"start":{"line":13,"column":0},"end":{"line":13,"column":24}}},"fnMap":{},"branchMap":{},"s":{"0":3,"1":3,"2":3,"3":3,"4":3,"5":3,"6":3,"7":3},"f":{},"b":{},"_coverageSchema":"1a1c01bbd47fc00a2c39e90264f33305004495a9","hash":"846d8948c9c535c9692201a781f0fd1db03c0f93"}
,"/home/asra/hacktiv8/phase3/Final-Project-H8/SayangiKotamu/server/routers/categories.js": {"path":"/home/asra/hacktiv8/phase3/Final-Project-H8/SayangiKotamu/server/routers/categories.js","statementMap":{"0":{"start":{"line":1,"column":16},"end":{"line":1,"column":43}},"1":{"start":{"line":2,"column":29},"end":{"line":2,"column":75}},"2":{"start":{"line":3,"column":36},"end":{"line":3,"column":66}},"3":{"start":{"line":5,"column":0},"end":{"line":5,"column":37}},"4":{"start":{"line":6,"column":0},"end":{"line":6,"column":47}},"5":{"start":{"line":8,"column":0},"end":{"line":8,"column":25}}},"fnMap":{},"branchMap":{},"s":{"0":3,"1":3,"2":3,"3":3,"4":3,"5":3},"f":{},"b":{},"_coverageSchema":"1a1c01bbd47fc00a2c39e90264f33305004495a9","hash":"7820b5ac407145c1413b28b40286cb6b5a6fd711"}
,"/home/asra/hacktiv8/phase3/Final-Project-H8/SayangiKotamu/server/routers/index.js": {"path":"/home/asra/hacktiv8/phase3/Final-Project-H8/SayangiKotamu/server/routers/index.js","statementMap":{"0":{"start":{"line":1,"column":16},"end":{"line":1,"column":43}},"1":{"start":{"line":2,"column":20},"end":{"line":2,"column":37}},"2":{"start":{"line":3,"column":26},"end":{"line":3,"column":49}},"3":{"start":{"line":4,"column":21},"end":{"line":4,"column":45}},"4":{"start":{"line":5,"column":26},"end":{"line":5,"column":49}},"5":{"start":{"line":6,"column":29},"end":{"line":6,"column":55}},"6":{"start":{"line":7,"column":27},"end":{"line":7,"column":51}},"7":{"start":{"line":8,"column":24},"end":{"line":8,"column":47}},"8":{"start":{"line":10,"column":0},"end":{"line":10,"column":30}},"9":{"start":{"line":11,"column":0},"end":{"line":11,"column":46}},"10":{"start":{"line":12,"column":0},"end":{"line":12,"column":36}},"11":{"start":{"line":13,"column":0},"end":{"line":13,"column":47}},"12":{"start":{"line":14,"column":0},"end":{"line":14,"column":52}},"13":{"start":{"line":15,"column":0},"end":{"line":15,"column":49}},"14":{"start":{"line":16,"column":0},"end":{"line":16,"column":44}},"15":{"start":{"line":18,"column":0},"end":{"line":18,"column":25}}},"fnMap":{},"branchMap":{},"s":{"0":3,"1":3,"2":3,"3":3,"4":3,"5":3,"6":3,"7":3,"8":3,"9":3,"10":3,"11":3,"12":3,"13":3,"14":3,"15":3},"f":{},"b":{},"_coverageSchema":"1a1c01bbd47fc00a2c39e90264f33305004495a9","hash":"a1e6912ad180ed7921a185fe8bdb8cf593f8e12b"}
,"/home/asra/hacktiv8/phase3/Final-Project-H8/SayangiKotamu/server/routers/notifications.js": {"path":"/home/asra/hacktiv8/phase3/Final-Project-H8/SayangiKotamu/server/routers/notifications.js","statementMap":{"0":{"start":{"line":1,"column":15},"end":{"line":1,"column":42}},"1":{"start":{"line":2,"column":31},"end":{"line":2,"column":79}},"2":{"start":{"line":3,"column":36},"end":{"line":3,"column":66}},"3":{"start":{"line":5,"column":0},"end":{"line":5,"column":36}},"4":{"start":{"line":6,"column":0},"end":{"line":6,"column":47}},"5":{"start":{"line":8,"column":0},"end":{"line":8,"column":24}}},"fnMap":{},"branchMap":{},"s":{"0":3,"1":3,"2":3,"3":3,"4":3,"5":3},"f":{},"b":{},"_coverageSchema":"1a1c01bbd47fc00a2c39e90264f33305004495a9","hash":"deaa3581d84fb2d6bb4f22d6a0761fbf0292a03e"}
,"/home/asra/hacktiv8/phase3/Final-Project-H8/SayangiKotamu/server/routers/reportUser.js": {"path":"/home/asra/hacktiv8/phase3/Final-Project-H8/SayangiKotamu/server/routers/reportUser.js","statementMap":{"0":{"start":{"line":1,"column":16},"end":{"line":1,"column":43}},"1":{"start":{"line":2,"column":25},"end":{"line":2,"column":67}},"2":{"start":{"line":3,"column":36},"end":{"line":3,"column":66}},"3":{"start":{"line":5,"column":0},"end":{"line":5,"column":37}},"4":{"start":{"line":6,"column":0},"end":{"line":6,"column":43}},"5":{"start":{"line":7,"column":0},"end":{"line":7,"column":46}},"6":{"start":{"line":9,"column":0},"end":{"line":9,"column":68}},"7":{"start":{"line":10,"column":0},"end":{"line":10,"column":46}},"8":{"start":{"line":11,"column":0},"end":{"line":11,"column":60}},"9":{"start":{"line":12,"column":0},"end":{"line":12,"column":64}},"10":{"start":{"line":14,"column":0},"end":{"line":14,"column":25}}},"fnMap":{},"branchMap":{},"s":{"0":3,"1":3,"2":3,"3":3,"4":3,"5":3,"6":3,"7":3,"8":3,"9":3,"10":3},"f":{},"b":{},"_coverageSchema":"1a1c01bbd47fc00a2c39e90264f33305004495a9","hash":"d5d81b4d398165e3e42fb0a56cc30f66fdde36e0"}
,"/home/asra/hacktiv8/phase3/Final-Project-H8/SayangiKotamu/server/routers/user.js": {"path":"/home/asra/hacktiv8/phase3/Final-Project-H8/SayangiKotamu/server/routers/user.js","statementMap":{"0":{"start":{"line":1,"column":16},"end":{"line":1,"column":43}},"1":{"start":{"line":2,"column":23},"end":{"line":2,"column":63}},"2":{"start":{"line":4,"column":0},"end":{"line":4,"column":51}},"3":{"start":{"line":5,"column":0},"end":{"line":5,"column":45}},"4":{"start":{"line":6,"column":0},"end":{"line":6,"column":52}},"5":{"start":{"line":7,"column":0},"end":{"line":7,"column":69}},"6":{"start":{"line":9,"column":0},"end":{"line":9,"column":25}}},"fnMap":{},"branchMap":{},"s":{"0":3,"1":3,"2":3,"3":3,"4":3,"5":3,"6":3},"f":{},"b":{},"_coverageSchema":"1a1c01bbd47fc00a2c39e90264f33305004495a9","hash":"9d127243ba1f958059183a2843e6e686d24d45e3"}
,"/home/asra/hacktiv8/phase3/Final-Project-H8/SayangiKotamu/server/routers/dinas/announcment.js": {"path":"/home/asra/hacktiv8/phase3/Final-Project-H8/SayangiKotamu/server/routers/dinas/announcment.js","statementMap":{"0":{"start":{"line":1,"column":15},"end":{"line":1,"column":42}},"1":{"start":{"line":2,"column":30},"end":{"line":2,"column":80}},"2":{"start":{"line":4,"column":0},"end":{"line":4,"column":46}},"3":{"start":{"line":6,"column":0},"end":{"line":6,"column":50}},"4":{"start":{"line":8,"column":0},"end":{"line":8,"column":47}},"5":{"start":{"line":10,"column":0},"end":{"line":10,"column":47}},"6":{"start":{"line":12,"column":0},"end":{"line":12,"column":52}},"7":{"start":{"line":14,"column":0},"end":{"line":14,"column":24}}},"fnMap":{},"branchMap":{},"s":{"0":3,"1":3,"2":3,"3":3,"4":3,"5":3,"6":3,"7":3},"f":{},"b":{},"_coverageSchema":"1a1c01bbd47fc00a2c39e90264f33305004495a9","hash":"509ab426044fee83ceeb469c3f311fdbf2d7a0bf"}
,"/home/asra/hacktiv8/phase3/Final-Project-H8/SayangiKotamu/server/routers/dinas/aspirations.js": {"path":"/home/asra/hacktiv8/phase3/Final-Project-H8/SayangiKotamu/server/routers/dinas/aspirations.js","statementMap":{"0":{"start":{"line":1,"column":29},"end":{"line":1,"column":78}},"1":{"start":{"line":3,"column":15},"end":{"line":3,"column":42}},"2":{"start":{"line":5,"column":0},"end":{"line":5,"column":45}},"3":{"start":{"line":7,"column":0},"end":{"line":7,"column":49}},"4":{"start":{"line":9,"column":0},"end":{"line":9,"column":24}}},"fnMap":{},"branchMap":{},"s":{"0":3,"1":3,"2":3,"3":3,"4":3},"f":{},"b":{},"_coverageSchema":"1a1c01bbd47fc00a2c39e90264f33305004495a9","hash":"806996a81d65c585d38d2d7f5bcd2cde42d06a6b"}
,"/home/asra/hacktiv8/phase3/Final-Project-H8/SayangiKotamu/server/routers/dinas/categories.js": {"path":"/home/asra/hacktiv8/phase3/Final-Project-H8/SayangiKotamu/server/routers/dinas/categories.js","statementMap":{"0":{"start":{"line":1,"column":16},"end":{"line":1,"column":43}},"1":{"start":{"line":2,"column":29},"end":{"line":2,"column":78}},"2":{"start":{"line":4,"column":0},"end":{"line":4,"column":47}},"3":{"start":{"line":5,"column":0},"end":{"line":5,"column":50}},"4":{"start":{"line":6,"column":0},"end":{"line":6,"column":54}},"5":{"start":{"line":7,"column":0},"end":{"line":7,"column":57}},"6":{"start":{"line":8,"column":0},"end":{"line":8,"column":62}},"7":{"start":{"line":10,"column":0},"end":{"line":10,"column":25}}},"fnMap":{},"branchMap":{},"s":{"0":3,"1":3,"2":3,"3":3,"4":3,"5":3,"6":3,"7":3},"f":{},"b":{},"_coverageSchema":"1a1c01bbd47fc00a2c39e90264f33305004495a9","hash":"ac3624064eb5095c4f8854026f162ff2f7ba8f5e"}
,"/home/asra/hacktiv8/phase3/Final-Project-H8/SayangiKotamu/server/routers/dinas/dinas.js": {"path":"/home/asra/hacktiv8/phase3/Final-Project-H8/SayangiKotamu/server/routers/dinas/dinas.js","statementMap":{"0":{"start":{"line":1,"column":15},"end":{"line":1,"column":42}},"1":{"start":{"line":2,"column":24},"end":{"line":2,"column":68}},"2":{"start":{"line":3,"column":27},"end":{"line":3,"column":46}},"3":{"start":{"line":4,"column":27},"end":{"line":4,"column":51}},"4":{"start":{"line":5,"column":26},"end":{"line":5,"column":49}},"5":{"start":{"line":6,"column":26},"end":{"line":6,"column":50}},"6":{"start":{"line":7,"column":22},"end":{"line":7,"column":55}},"7":{"start":{"line":9,"column":0},"end":{"line":9,"column":51}},"8":{"start":{"line":11,"column":0},"end":{"line":11,"column":45}},"9":{"start":{"line":13,"column":0},"end":{"line":13,"column":47}},"10":{"start":{"line":15,"column":0},"end":{"line":15,"column":54}},"11":{"start":{"line":16,"column":0},"end":{"line":16,"column":59}},"12":{"start":{"line":17,"column":0},"end":{"line":17,"column":56}},"13":{"start":{"line":18,"column":0},"end":{"line":18,"column":57}},"14":{"start":{"line":20,"column":0},"end":{"line":20,"column":24}}},"fnMap":{},"branchMap":{},"s":{"0":3,"1":3,"2":3,"3":3,"4":3,"5":3,"6":3,"7":3,"8":3,"9":3,"10":3,"11":3,"12":3,"13":3,"14":3},"f":{},"b":{},"_coverageSchema":"1a1c01bbd47fc00a2c39e90264f33305004495a9","hash":"87430d0ce3f7e4297d94f5a3b0835fee4557ac9f"}
,"/home/asra/hacktiv8/phase3/Final-Project-H8/SayangiKotamu/server/routers/dinas/report.js": {"path":"/home/asra/hacktiv8/phase3/Final-Project-H8/SayangiKotamu/server/routers/dinas/report.js","statementMap":{"0":{"start":{"line":1,"column":15},"end":{"line":1,"column":42}},"1":{"start":{"line":2,"column":25},"end":{"line":2,"column":70}},"2":{"start":{"line":3,"column":23},"end":{"line":3,"column":56}},"3":{"start":{"line":5,"column":0},"end":{"line":5,"column":53}},"4":{"start":{"line":7,"column":0},"end":{"line":7,"column":68}},"5":{"start":{"line":9,"column":0},"end":{"line":9,"column":64}},"6":{"start":{"line":11,"column":0},"end":{"line":11,"column":70}},"7":{"start":{"line":17,"column":0},"end":{"line":17,"column":24}}},"fnMap":{},"branchMap":{},"s":{"0":3,"1":3,"2":3,"3":3,"4":3,"5":3,"6":3,"7":3},"f":{},"b":{},"_coverageSchema":"1a1c01bbd47fc00a2c39e90264f33305004495a9","hash":"951ff99f299e176adcbdae893b975d3ab32e0652"}
}
