{"C:\\Users\\USER\\Documents\\bootcamp\\phase-3\\projek\\SayangiKotamu\\server\\app.js": {"path":"C:\\Users\\USER\\Documents\\bootcamp\\phase-3\\projek\\SayangiKotamu\\server\\app.js","statementMap":{"0":{"start":{"line":4,"column":0},"end":{"line":4,"column":27}},"1":{"start":{"line":5,"column":16},"end":{"line":5,"column":34}},"2":{"start":{"line":6,"column":16},"end":{"line":6,"column":36}},"3":{"start":{"line":7,"column":13},"end":{"line":7,"column":28}},"4":{"start":{"line":8,"column":21},"end":{"line":8,"column":58}},"5":{"start":{"line":9,"column":12},"end":{"line":9,"column":21}},"6":{"start":{"line":10,"column":0},"end":{"line":10,"column":29}},"7":{"start":{"line":12,"column":0},"end":{"line":12,"column":16}},"8":{"start":{"line":13,"column":0},"end":{"line":13,"column":48}},"9":{"start":{"line":14,"column":0},"end":{"line":14,"column":24}},"10":{"start":{"line":16,"column":0},"end":{"line":16,"column":22}},"11":{"start":{"line":17,"column":0},"end":{"line":17,"column":22}},"12":{"start":{"line":19,"column":0},"end":{"line":19,"column":21}}},"fnMap":{},"branchMap":{},"s":{"0":2,"1":2,"2":2,"3":2,"4":2,"5":2,"6":2,"7":2,"8":2,"9":2,"10":2,"11":2,"12":2},"f":{},"b":{},"_coverageSchema":"1a1c01bbd47fc00a2c39e90264f33305004495a9","hash":"d22e5298a35c795de9ef6386e79fc6f5d507b880"}
,"C:\\Users\\USER\\Documents\\bootcamp\\phase-3\\projek\\SayangiKotamu\\server\\config\\mongoose.js": {"path":"C:\\Users\\USER\\Documents\\bootcamp\\phase-3\\projek\\SayangiKotamu\\server\\config\\mongoose.js","statementMap":{"0":{"start":{"line":1,"column":24},"end":{"line":1,"column":42}},"1":{"start":{"line":2,"column":17},"end":{"line":2,"column":36}},"2":{"start":{"line":5,"column":0},"end":{"line":9,"column":1}},"3":{"start":{"line":6,"column":2},"end":{"line":6,"column":62}},"4":{"start":{"line":8,"column":2},"end":{"line":8,"column":67}}},"fnMap":{},"branchMap":{"0":{"loc":{"start":{"line":5,"column":0},"end":{"line":9,"column":1}},"type":"if","locations":[{"start":{"line":5,"column":0},"end":{"line":9,"column":1}},{"start":{"line":5,"column":0},"end":{"line":9,"column":1}}],"line":5}},"s":{"0":2,"1":2,"2":2,"3":0,"4":2},"f":{},"b":{"0":[0,2]},"_coverageSchema":"1a1c01bbd47fc00a2c39e90264f33305004495a9","hash":"605617819de6854e30b64adb929a7b774a12c9e3"}
,"C:\\Users\\USER\\Documents\\bootcamp\\phase-3\\projek\\SayangiKotamu\\server\\controllers\\announcmentController.js": {"path":"C:\\Users\\USER\\Documents\\bootcamp\\phase-3\\projek\\SayangiKotamu\\server\\controllers\\announcmentController.js","statementMap":{"0":{"start":{"line":1,"column":21},"end":{"line":1,"column":36}},"1":{"start":{"line":3,"column":20},"end":{"line":3,"column":52}},"2":{"start":{"line":4,"column":14},"end":{"line":4,"column":40}},"3":{"start":{"line":8,"column":19},"end":{"line":8,"column":27}},"4":{"start":{"line":9,"column":20},"end":{"line":14,"column":5}},"5":{"start":{"line":15,"column":4},"end":{"line":40,"column":5}},"6":{"start":{"line":16,"column":32},"end":{"line":16,"column":65}},"7":{"start":{"line":17,"column":6},"end":{"line":25,"column":8}},"8":{"start":{"line":26,"column":31},"end":{"line":28,"column":26}},"9":{"start":{"line":29,"column":6},"end":{"line":29,"column":45}},"10":{"start":{"line":31,"column":6},"end":{"line":39,"column":7}},"11":{"start":{"line":32,"column":8},"end":{"line":32,"column":18}},"12":{"start":{"line":34,"column":24},"end":{"line":34,"column":49}},"13":{"start":{"line":35,"column":27},"end":{"line":37,"column":10}},"14":{"start":{"line":36,"column":10},"end":{"line":36,"column":28}},"15":{"start":{"line":38,"column":8},"end":{"line":38,"column":54}},"16":{"start":{"line":44,"column":25},"end":{"line":44,"column":33}},"17":{"start":{"line":45,"column":4},"end":{"line":57,"column":5}},"18":{"start":{"line":46,"column":6},"end":{"line":54,"column":7}},"19":{"start":{"line":47,"column":35},"end":{"line":47,"column":59}},"20":{"start":{"line":49,"column":8},"end":{"line":49,"column":49}},"21":{"start":{"line":51,"column":35},"end":{"line":51,"column":72}},"22":{"start":{"line":53,"column":8},"end":{"line":53,"column":49}},"23":{"start":{"line":56,"column":6},"end":{"line":56,"column":16}},"24":{"start":{"line":61,"column":19},"end":{"line":61,"column":29}},"25":{"start":{"line":62,"column":4},"end":{"line":71,"column":5}},"26":{"start":{"line":63,"column":32},"end":{"line":63,"column":70}},"27":{"start":{"line":64,"column":6},"end":{"line":68,"column":7}},"28":{"start":{"line":65,"column":8},"end":{"line":65,"column":48}},"29":{"start":{"line":67,"column":8},"end":{"line":67,"column":46}},"30":{"start":{"line":70,"column":6},"end":{"line":70,"column":16}},"31":{"start":{"line":75,"column":20},"end":{"line":79,"column":5}},"32":{"start":{"line":80,"column":19},"end":{"line":80,"column":29}},"33":{"start":{"line":82,"column":4},"end":{"line":116,"column":5}},"34":{"start":{"line":83,"column":30},"end":{"line":87,"column":7}},"35":{"start":{"line":89,"column":6},"end":{"line":105,"column":7}},"36":{"start":{"line":90,"column":8},"end":{"line":101,"column":10}},"37":{"start":{"line":102,"column":8},"end":{"line":102,"column":46}},"38":{"start":{"line":104,"column":8},"end":{"line":104,"column":46}},"39":{"start":{"line":107,"column":6},"end":{"line":115,"column":7}},"40":{"start":{"line":108,"column":8},"end":{"line":108,"column":18}},"41":{"start":{"line":110,"column":24},"end":{"line":110,"column":49}},"42":{"start":{"line":111,"column":27},"end":{"line":113,"column":10}},"43":{"start":{"line":112,"column":10},"end":{"line":112,"column":28}},"44":{"start":{"line":114,"column":8},"end":{"line":114,"column":54}},"45":{"start":{"line":120,"column":19},"end":{"line":120,"column":29}},"46":{"start":{"line":121,"column":27},"end":{"line":121,"column":35}},"47":{"start":{"line":123,"column":4},"end":{"line":147,"column":5}},"48":{"start":{"line":124,"column":32},"end":{"line":126,"column":8}},"49":{"start":{"line":127,"column":6},"end":{"line":143,"column":7}},"50":{"start":{"line":128,"column":8},"end":{"line":139,"column":10}},"51":{"start":{"line":140,"column":8},"end":{"line":140,"column":48}},"52":{"start":{"line":142,"column":8},"end":{"line":142,"column":46}},"53":{"start":{"line":145,"column":6},"end":{"line":145,"column":23}},"54":{"start":{"line":146,"column":6},"end":{"line":146,"column":16}},"55":{"start":{"line":151,"column":0},"end":{"line":151,"column":39}}},"fnMap":{"0":{"name":"(anonymous_0)","decl":{"start":{"line":7,"column":2},"end":{"line":7,"column":3}},"loc":{"start":{"line":7,"column":38},"end":{"line":41,"column":3}},"line":7},"1":{"name":"(anonymous_1)","decl":{"start":{"line":35,"column":39},"end":{"line":35,"column":40}},"loc":{"start":{"line":35,"column":47},"end":{"line":37,"column":9}},"line":35},"2":{"name":"(anonymous_2)","decl":{"start":{"line":43,"column":2},"end":{"line":43,"column":3}},"loc":{"start":{"line":43,"column":38},"end":{"line":58,"column":3}},"line":43},"3":{"name":"(anonymous_3)","decl":{"start":{"line":60,"column":2},"end":{"line":60,"column":3}},"loc":{"start":{"line":60,"column":39},"end":{"line":72,"column":3}},"line":60},"4":{"name":"(anonymous_4)","decl":{"start":{"line":74,"column":2},"end":{"line":74,"column":3}},"loc":{"start":{"line":74,"column":36},"end":{"line":117,"column":3}},"line":74},"5":{"name":"(anonymous_5)","decl":{"start":{"line":111,"column":39},"end":{"line":111,"column":40}},"loc":{"start":{"line":111,"column":47},"end":{"line":113,"column":9}},"line":111},"6":{"name":"(anonymous_6)","decl":{"start":{"line":119,"column":2},"end":{"line":119,"column":3}},"loc":{"start":{"line":119,"column":38},"end":{"line":148,"column":3}},"line":119}},"branchMap":{"0":{"loc":{"start":{"line":31,"column":6},"end":{"line":39,"column":7}},"type":"if","locations":[{"start":{"line":31,"column":6},"end":{"line":39,"column":7}},{"start":{"line":31,"column":6},"end":{"line":39,"column":7}}],"line":31},"1":{"loc":{"start":{"line":46,"column":6},"end":{"line":54,"column":7}},"type":"if","locations":[{"start":{"line":46,"column":6},"end":{"line":54,"column":7}},{"start":{"line":46,"column":6},"end":{"line":54,"column":7}}],"line":46},"2":{"loc":{"start":{"line":64,"column":6},"end":{"line":68,"column":7}},"type":"if","locations":[{"start":{"line":64,"column":6},"end":{"line":68,"column":7}},{"start":{"line":64,"column":6},"end":{"line":68,"column":7}}],"line":64},"3":{"loc":{"start":{"line":89,"column":6},"end":{"line":105,"column":7}},"type":"if","locations":[{"start":{"line":89,"column":6},"end":{"line":105,"column":7}},{"start":{"line":89,"column":6},"end":{"line":105,"column":7}}],"line":89},"4":{"loc":{"start":{"line":107,"column":6},"end":{"line":115,"column":7}},"type":"if","locations":[{"start":{"line":107,"column":6},"end":{"line":115,"column":7}},{"start":{"line":107,"column":6},"end":{"line":115,"column":7}}],"line":107},"5":{"loc":{"start":{"line":127,"column":6},"end":{"line":143,"column":7}},"type":"if","locations":[{"start":{"line":127,"column":6},"end":{"line":143,"column":7}},{"start":{"line":127,"column":6},"end":{"line":143,"column":7}}],"line":127}},"s":{"0":2,"1":2,"2":2,"3":0,"4":0,"5":0,"6":0,"7":0,"8":0,"9":0,"10":0,"11":0,"12":0,"13":0,"14":0,"15":0,"16":0,"17":0,"18":0,"19":0,"20":0,"21":0,"22":0,"23":0,"24":0,"25":0,"26":0,"27":0,"28":0,"29":0,"30":0,"31":0,"32":0,"33":0,"34":0,"35":0,"36":0,"37":0,"38":0,"39":0,"40":0,"41":0,"42":0,"43":0,"44":0,"45":0,"46":0,"47":0,"48":0,"49":0,"50":0,"51":0,"52":0,"53":0,"54":0,"55":2},"f":{"0":0,"1":0,"2":0,"3":0,"4":0,"5":0,"6":0},"b":{"0":[0,0],"1":[0,0],"2":[0,0],"3":[0,0],"4":[0,0],"5":[0,0]},"_coverageSchema":"1a1c01bbd47fc00a2c39e90264f33305004495a9","hash":"3283d64c26e820eb56d897bf0311d04bfc59b702"}
,"C:\\Users\\USER\\Documents\\bootcamp\\phase-3\\projek\\SayangiKotamu\\server\\controllers\\aspirationController.js": {"path":"C:\\Users\\USER\\Documents\\bootcamp\\phase-3\\projek\\SayangiKotamu\\server\\controllers\\aspirationController.js","statementMap":{"0":{"start":{"line":1,"column":19},"end":{"line":1,"column":50}},"1":{"start":{"line":2,"column":14},"end":{"line":2,"column":40}},"2":{"start":{"line":3,"column":13},"end":{"line":3,"column":38}},"3":{"start":{"line":8,"column":25},"end":{"line":8,"column":33}},"4":{"start":{"line":9,"column":4},"end":{"line":9,"column":26}},"5":{"start":{"line":11,"column":4},"end":{"line":29,"column":5}},"6":{"start":{"line":12,"column":6},"end":{"line":18,"column":7}},"7":{"start":{"line":13,"column":31},"end":{"line":13,"column":67}},"8":{"start":{"line":14,"column":8},"end":{"line":14,"column":45}},"9":{"start":{"line":16,"column":31},"end":{"line":16,"column":66}},"10":{"start":{"line":17,"column":8},"end":{"line":17,"column":45}},"11":{"start":{"line":20,"column":6},"end":{"line":28,"column":7}},"12":{"start":{"line":21,"column":8},"end":{"line":21,"column":18}},"13":{"start":{"line":23,"column":24},"end":{"line":23,"column":49}},"14":{"start":{"line":24,"column":27},"end":{"line":26,"column":10}},"15":{"start":{"line":25,"column":10},"end":{"line":25,"column":28}},"16":{"start":{"line":27,"column":8},"end":{"line":27,"column":54}},"17":{"start":{"line":33,"column":19},"end":{"line":33,"column":29}},"18":{"start":{"line":35,"column":4},"end":{"line":48,"column":5}},"19":{"start":{"line":36,"column":28},"end":{"line":36,"column":65}},"20":{"start":{"line":37,"column":6},"end":{"line":37,"column":42}},"21":{"start":{"line":39,"column":6},"end":{"line":47,"column":7}},"22":{"start":{"line":40,"column":8},"end":{"line":40,"column":18}},"23":{"start":{"line":42,"column":24},"end":{"line":42,"column":49}},"24":{"start":{"line":43,"column":27},"end":{"line":45,"column":10}},"25":{"start":{"line":44,"column":10},"end":{"line":44,"column":28}},"26":{"start":{"line":46,"column":8},"end":{"line":46,"column":54}},"27":{"start":{"line":52,"column":19},"end":{"line":52,"column":27}},"28":{"start":{"line":54,"column":20},"end":{"line":59,"column":5}},"29":{"start":{"line":60,"column":4},"end":{"line":96,"column":5}},"30":{"start":{"line":61,"column":20},"end":{"line":61,"column":64}},"31":{"start":{"line":62,"column":6},"end":{"line":62,"column":28}},"32":{"start":{"line":63,"column":31},"end":{"line":63,"column":63}},"33":{"start":{"line":64,"column":6},"end":{"line":72,"column":8}},"34":{"start":{"line":73,"column":6},"end":{"line":81,"column":8}},"35":{"start":{"line":82,"column":30},"end":{"line":84,"column":8}},"36":{"start":{"line":85,"column":6},"end":{"line":85,"column":44}},"37":{"start":{"line":87,"column":6},"end":{"line":95,"column":7}},"38":{"start":{"line":88,"column":8},"end":{"line":88,"column":18}},"39":{"start":{"line":90,"column":24},"end":{"line":90,"column":49}},"40":{"start":{"line":91,"column":27},"end":{"line":93,"column":10}},"41":{"start":{"line":92,"column":10},"end":{"line":92,"column":28}},"42":{"start":{"line":94,"column":8},"end":{"line":94,"column":54}},"43":{"start":{"line":102,"column":0},"end":{"line":102,"column":38}}},"fnMap":{"0":{"name":"(anonymous_0)","decl":{"start":{"line":7,"column":2},"end":{"line":7,"column":3}},"loc":{"start":{"line":7,"column":38},"end":{"line":30,"column":3}},"line":7},"1":{"name":"(anonymous_1)","decl":{"start":{"line":24,"column":39},"end":{"line":24,"column":40}},"loc":{"start":{"line":24,"column":47},"end":{"line":26,"column":9}},"line":24},"2":{"name":"(anonymous_2)","decl":{"start":{"line":32,"column":2},"end":{"line":32,"column":3}},"loc":{"start":{"line":32,"column":39},"end":{"line":49,"column":3}},"line":32},"3":{"name":"(anonymous_3)","decl":{"start":{"line":43,"column":39},"end":{"line":43,"column":40}},"loc":{"start":{"line":43,"column":47},"end":{"line":45,"column":9}},"line":43},"4":{"name":"(anonymous_4)","decl":{"start":{"line":51,"column":2},"end":{"line":51,"column":3}},"loc":{"start":{"line":51,"column":38},"end":{"line":97,"column":3}},"line":51},"5":{"name":"(anonymous_5)","decl":{"start":{"line":91,"column":39},"end":{"line":91,"column":40}},"loc":{"start":{"line":91,"column":47},"end":{"line":93,"column":9}},"line":91}},"branchMap":{"0":{"loc":{"start":{"line":12,"column":6},"end":{"line":18,"column":7}},"type":"if","locations":[{"start":{"line":12,"column":6},"end":{"line":18,"column":7}},{"start":{"line":12,"column":6},"end":{"line":18,"column":7}}],"line":12},"1":{"loc":{"start":{"line":20,"column":6},"end":{"line":28,"column":7}},"type":"if","locations":[{"start":{"line":20,"column":6},"end":{"line":28,"column":7}},{"start":{"line":20,"column":6},"end":{"line":28,"column":7}}],"line":20},"2":{"loc":{"start":{"line":39,"column":6},"end":{"line":47,"column":7}},"type":"if","locations":[{"start":{"line":39,"column":6},"end":{"line":47,"column":7}},{"start":{"line":39,"column":6},"end":{"line":47,"column":7}}],"line":39},"3":{"loc":{"start":{"line":87,"column":6},"end":{"line":95,"column":7}},"type":"if","locations":[{"start":{"line":87,"column":6},"end":{"line":95,"column":7}},{"start":{"line":87,"column":6},"end":{"line":95,"column":7}}],"line":87}},"s":{"0":2,"1":2,"2":2,"3":0,"4":0,"5":0,"6":0,"7":0,"8":0,"9":0,"10":0,"11":0,"12":0,"13":0,"14":0,"15":0,"16":0,"17":0,"18":0,"19":0,"20":0,"21":0,"22":0,"23":0,"24":0,"25":0,"26":0,"27":0,"28":0,"29":0,"30":0,"31":0,"32":0,"33":0,"34":0,"35":0,"36":0,"37":0,"38":0,"39":0,"40":0,"41":0,"42":0,"43":2},"f":{"0":0,"1":0,"2":0,"3":0,"4":0,"5":0},"b":{"0":[0,0],"1":[0,0],"2":[0,0],"3":[0,0]},"_coverageSchema":"1a1c01bbd47fc00a2c39e90264f33305004495a9","hash":"8b5370f0857c146daf2c7bb60edddb309b8ba1f2"}
,"C:\\Users\\USER\\Documents\\bootcamp\\phase-3\\projek\\SayangiKotamu\\server\\controllers\\categoriesController.js": {"path":"C:\\Users\\USER\\Documents\\bootcamp\\phase-3\\projek\\SayangiKotamu\\server\\controllers\\categoriesController.js","statementMap":{"0":{"start":{"line":1,"column":19},"end":{"line":1,"column":50}},"1":{"start":{"line":5,"column":4},"end":{"line":11,"column":5}},"2":{"start":{"line":6,"column":17},"end":{"line":6,"column":40}},"3":{"start":{"line":7,"column":6},"end":{"line":7,"column":33}},"4":{"start":{"line":9,"column":6},"end":{"line":9,"column":23}},"5":{"start":{"line":10,"column":6},"end":{"line":10,"column":16}},"6":{"start":{"line":14,"column":21},"end":{"line":14,"column":29}},"7":{"start":{"line":16,"column":17},"end":{"line":16,"column":53}},"8":{"start":{"line":17,"column":4},"end":{"line":34,"column":5}},"9":{"start":{"line":18,"column":26},"end":{"line":21,"column":7}},"10":{"start":{"line":22,"column":17},"end":{"line":22,"column":55}},"11":{"start":{"line":23,"column":6},"end":{"line":23,"column":64}},"12":{"start":{"line":25,"column":6},"end":{"line":33,"column":7}},"13":{"start":{"line":26,"column":8},"end":{"line":26,"column":18}},"14":{"start":{"line":28,"column":24},"end":{"line":28,"column":49}},"15":{"start":{"line":29,"column":27},"end":{"line":31,"column":10}},"16":{"start":{"line":30,"column":10},"end":{"line":30,"column":28}},"17":{"start":{"line":32,"column":8},"end":{"line":32,"column":54}},"18":{"start":{"line":37,"column":19},"end":{"line":37,"column":29}},"19":{"start":{"line":38,"column":4},"end":{"line":50,"column":5}},"20":{"start":{"line":39,"column":28},"end":{"line":39,"column":65}},"21":{"start":{"line":40,"column":6},"end":{"line":47,"column":7}},"22":{"start":{"line":41,"column":8},"end":{"line":41,"column":44}},"23":{"start":{"line":43,"column":8},"end":{"line":46,"column":11}},"24":{"start":{"line":49,"column":6},"end":{"line":49,"column":16}},"25":{"start":{"line":53,"column":21},"end":{"line":53,"column":29}},"26":{"start":{"line":55,"column":17},"end":{"line":55,"column":53}},"27":{"start":{"line":56,"column":4},"end":{"line":76,"column":5}},"28":{"start":{"line":57,"column":29},"end":{"line":60,"column":7}},"29":{"start":{"line":61,"column":17},"end":{"line":65,"column":7}},"30":{"start":{"line":66,"column":6},"end":{"line":73,"column":7}},"31":{"start":{"line":67,"column":8},"end":{"line":67,"column":35}},"32":{"start":{"line":69,"column":8},"end":{"line":72,"column":11}},"33":{"start":{"line":75,"column":6},"end":{"line":75,"column":23}},"34":{"start":{"line":79,"column":4},"end":{"line":91,"column":5}},"35":{"start":{"line":80,"column":17},"end":{"line":80,"column":74}},"36":{"start":{"line":81,"column":6},"end":{"line":88,"column":7}},"37":{"start":{"line":82,"column":8},"end":{"line":82,"column":35}},"38":{"start":{"line":84,"column":8},"end":{"line":87,"column":11}},"39":{"start":{"line":90,"column":6},"end":{"line":90,"column":16}},"40":{"start":{"line":94,"column":0},"end":{"line":94,"column":38}}},"fnMap":{"0":{"name":"(anonymous_0)","decl":{"start":{"line":4,"column":2},"end":{"line":4,"column":3}},"loc":{"start":{"line":4,"column":39},"end":{"line":12,"column":3}},"line":4},"1":{"name":"(anonymous_1)","decl":{"start":{"line":13,"column":2},"end":{"line":13,"column":3}},"loc":{"start":{"line":13,"column":45},"end":{"line":35,"column":3}},"line":13},"2":{"name":"(anonymous_2)","decl":{"start":{"line":29,"column":39},"end":{"line":29,"column":40}},"loc":{"start":{"line":29,"column":47},"end":{"line":31,"column":9}},"line":29},"3":{"name":"(anonymous_3)","decl":{"start":{"line":36,"column":2},"end":{"line":36,"column":3}},"loc":{"start":{"line":36,"column":39},"end":{"line":51,"column":3}},"line":36},"4":{"name":"(anonymous_4)","decl":{"start":{"line":52,"column":2},"end":{"line":52,"column":3}},"loc":{"start":{"line":52,"column":46},"end":{"line":77,"column":3}},"line":52},"5":{"name":"(anonymous_5)","decl":{"start":{"line":78,"column":2},"end":{"line":78,"column":3}},"loc":{"start":{"line":78,"column":48},"end":{"line":92,"column":3}},"line":78}},"branchMap":{"0":{"loc":{"start":{"line":25,"column":6},"end":{"line":33,"column":7}},"type":"if","locations":[{"start":{"line":25,"column":6},"end":{"line":33,"column":7}},{"start":{"line":25,"column":6},"end":{"line":33,"column":7}}],"line":25},"1":{"loc":{"start":{"line":40,"column":6},"end":{"line":47,"column":7}},"type":"if","locations":[{"start":{"line":40,"column":6},"end":{"line":47,"column":7}},{"start":{"line":40,"column":6},"end":{"line":47,"column":7}}],"line":40},"2":{"loc":{"start":{"line":66,"column":6},"end":{"line":73,"column":7}},"type":"if","locations":[{"start":{"line":66,"column":6},"end":{"line":73,"column":7}},{"start":{"line":66,"column":6},"end":{"line":73,"column":7}}],"line":66},"3":{"loc":{"start":{"line":81,"column":6},"end":{"line":88,"column":7}},"type":"if","locations":[{"start":{"line":81,"column":6},"end":{"line":88,"column":7}},{"start":{"line":81,"column":6},"end":{"line":88,"column":7}}],"line":81}},"s":{"0":2,"1":0,"2":0,"3":0,"4":0,"5":0,"6":0,"7":0,"8":0,"9":0,"10":0,"11":0,"12":0,"13":0,"14":0,"15":0,"16":0,"17":0,"18":0,"19":0,"20":0,"21":0,"22":0,"23":0,"24":0,"25":0,"26":0,"27":0,"28":0,"29":0,"30":0,"31":0,"32":0,"33":0,"34":0,"35":0,"36":0,"37":0,"38":0,"39":0,"40":2},"f":{"0":0,"1":0,"2":0,"3":0,"4":0,"5":0},"b":{"0":[0,0],"1":[0,0],"2":[0,0],"3":[0,0]},"_coverageSchema":"1a1c01bbd47fc00a2c39e90264f33305004495a9","hash":"f5d1c588dea3f1394c20d5a84efd121de7a648e7"}
,"C:\\Users\\USER\\Documents\\bootcamp\\phase-3\\projek\\SayangiKotamu\\server\\controllers\\dinasController.js": {"path":"C:\\Users\\USER\\Documents\\bootcamp\\phase-3\\projek\\SayangiKotamu\\server\\controllers\\dinasController.js","statementMap":{"0":{"start":{"line":1,"column":14},"end":{"line":1,"column":40}},"1":{"start":{"line":2,"column":20},"end":{"line":2,"column":45}},"2":{"start":{"line":3,"column":28},"end":{"line":3,"column":56}},"3":{"start":{"line":7,"column":20},"end":{"line":12,"column":5}},"4":{"start":{"line":14,"column":4},"end":{"line":33,"column":5}},"5":{"start":{"line":15,"column":25},"end":{"line":15,"column":70}},"6":{"start":{"line":16,"column":6},"end":{"line":22,"column":7}},"7":{"start":{"line":17,"column":8},"end":{"line":17,"column":44}},"8":{"start":{"line":19,"column":28},"end":{"line":19,"column":55}},"9":{"start":{"line":20,"column":27},"end":{"line":20,"column":72}},"10":{"start":{"line":21,"column":8},"end":{"line":21,"column":41}},"11":{"start":{"line":24,"column":6},"end":{"line":32,"column":7}},"12":{"start":{"line":25,"column":8},"end":{"line":25,"column":18}},"13":{"start":{"line":27,"column":24},"end":{"line":27,"column":49}},"14":{"start":{"line":28,"column":27},"end":{"line":30,"column":10}},"15":{"start":{"line":29,"column":10},"end":{"line":29,"column":28}},"16":{"start":{"line":31,"column":8},"end":{"line":31,"column":54}},"17":{"start":{"line":37,"column":20},"end":{"line":40,"column":5}},"18":{"start":{"line":41,"column":4},"end":{"line":71,"column":5}},"19":{"start":{"line":42,"column":25},"end":{"line":44,"column":7}},"20":{"start":{"line":45,"column":6},"end":{"line":65,"column":7}},"21":{"start":{"line":46,"column":33},"end":{"line":49,"column":9}},"22":{"start":{"line":50,"column":8},"end":{"line":62,"column":9}},"23":{"start":{"line":51,"column":30},"end":{"line":54,"column":12}},"24":{"start":{"line":55,"column":10},"end":{"line":59,"column":13}},"25":{"start":{"line":61,"column":10},"end":{"line":61,"column":47}},"26":{"start":{"line":64,"column":8},"end":{"line":64,"column":45}},"27":{"start":{"line":67,"column":6},"end":{"line":69,"column":7}},"28":{"start":{"line":68,"column":8},"end":{"line":68,"column":18}},"29":{"start":{"line":70,"column":6},"end":{"line":70,"column":23}},"30":{"start":{"line":75,"column":4},"end":{"line":80,"column":5}},"31":{"start":{"line":76,"column":17},"end":{"line":76,"column":35}},"32":{"start":{"line":77,"column":6},"end":{"line":77,"column":33}},"33":{"start":{"line":79,"column":6},"end":{"line":79,"column":17}},"34":{"start":{"line":84,"column":0},"end":{"line":84,"column":33}}},"fnMap":{"0":{"name":"(anonymous_0)","decl":{"start":{"line":6,"column":2},"end":{"line":6,"column":3}},"loc":{"start":{"line":6,"column":40},"end":{"line":34,"column":3}},"line":6},"1":{"name":"(anonymous_1)","decl":{"start":{"line":28,"column":39},"end":{"line":28,"column":40}},"loc":{"start":{"line":28,"column":47},"end":{"line":30,"column":9}},"line":28},"2":{"name":"(anonymous_2)","decl":{"start":{"line":36,"column":2},"end":{"line":36,"column":3}},"loc":{"start":{"line":36,"column":37},"end":{"line":72,"column":3}},"line":36},"3":{"name":"(anonymous_3)","decl":{"start":{"line":74,"column":2},"end":{"line":74,"column":3}},"loc":{"start":{"line":74,"column":45},"end":{"line":81,"column":3}},"line":74}},"branchMap":{"0":{"loc":{"start":{"line":11,"column":12},"end":{"line":11,"column":36}},"type":"binary-expr","locations":[{"start":{"line":11,"column":12},"end":{"line":11,"column":25}},{"start":{"line":11,"column":29},"end":{"line":11,"column":36}}],"line":11},"1":{"loc":{"start":{"line":16,"column":6},"end":{"line":22,"column":7}},"type":"if","locations":[{"start":{"line":16,"column":6},"end":{"line":22,"column":7}},{"start":{"line":16,"column":6},"end":{"line":22,"column":7}}],"line":16},"2":{"loc":{"start":{"line":24,"column":6},"end":{"line":32,"column":7}},"type":"if","locations":[{"start":{"line":24,"column":6},"end":{"line":32,"column":7}},{"start":{"line":24,"column":6},"end":{"line":32,"column":7}}],"line":24},"3":{"loc":{"start":{"line":45,"column":6},"end":{"line":65,"column":7}},"type":"if","locations":[{"start":{"line":45,"column":6},"end":{"line":65,"column":7}},{"start":{"line":45,"column":6},"end":{"line":65,"column":7}}],"line":45},"4":{"loc":{"start":{"line":50,"column":8},"end":{"line":62,"column":9}},"type":"if","locations":[{"start":{"line":50,"column":8},"end":{"line":62,"column":9}},{"start":{"line":50,"column":8},"end":{"line":62,"column":9}}],"line":50},"5":{"loc":{"start":{"line":67,"column":6},"end":{"line":69,"column":7}},"type":"if","locations":[{"start":{"line":67,"column":6},"end":{"line":69,"column":7}},{"start":{"line":67,"column":6},"end":{"line":69,"column":7}}],"line":67}},"s":{"0":2,"1":2,"2":2,"3":0,"4":0,"5":0,"6":0,"7":0,"8":0,"9":0,"10":0,"11":0,"12":0,"13":0,"14":0,"15":0,"16":0,"17":3,"18":3,"19":3,"20":3,"21":0,"22":0,"23":0,"24":0,"25":0,"26":3,"27":3,"28":3,"29":3,"30":0,"31":0,"32":0,"33":0,"34":2},"f":{"0":0,"1":0,"2":3,"3":0},"b":{"0":[0,0],"1":[0,0],"2":[0,0],"3":[0,3],"4":[0,0],"5":[3,0]},"_coverageSchema":"1a1c01bbd47fc00a2c39e90264f33305004495a9","hash":"434a37687f742f07494d58dd6039d351962e5950"}
,"C:\\Users\\USER\\Documents\\bootcamp\\phase-3\\projek\\SayangiKotamu\\server\\controllers\\notificationController.js": {"path":"C:\\Users\\USER\\Documents\\bootcamp\\phase-3\\projek\\SayangiKotamu\\server\\controllers\\notificationController.js","statementMap":{"0":{"start":{"line":1,"column":21},"end":{"line":1,"column":54}},"1":{"start":{"line":5,"column":19},"end":{"line":5,"column":27}},"2":{"start":{"line":6,"column":4},"end":{"line":12,"column":5}},"3":{"start":{"line":7,"column":31},"end":{"line":7,"column":68}},"4":{"start":{"line":8,"column":6},"end":{"line":8,"column":45}},"5":{"start":{"line":10,"column":6},"end":{"line":10,"column":23}},"6":{"start":{"line":11,"column":6},"end":{"line":11,"column":16}},"7":{"start":{"line":16,"column":0},"end":{"line":16,"column":40}}},"fnMap":{"0":{"name":"(anonymous_0)","decl":{"start":{"line":4,"column":2},"end":{"line":4,"column":3}},"loc":{"start":{"line":4,"column":38},"end":{"line":13,"column":3}},"line":4}},"branchMap":{},"s":{"0":2,"1":0,"2":0,"3":0,"4":0,"5":0,"6":0,"7":2},"f":{"0":0},"b":{},"_coverageSchema":"1a1c01bbd47fc00a2c39e90264f33305004495a9","hash":"4d056e20d0f510d4d29dc3931e52108db4644199"}
,"C:\\Users\\USER\\Documents\\bootcamp\\phase-3\\projek\\SayangiKotamu\\server\\controllers\\reportController.js": {"path":"C:\\Users\\USER\\Documents\\bootcamp\\phase-3\\projek\\SayangiKotamu\\server\\controllers\\reportController.js","statementMap":{"0":{"start":{"line":1,"column":21},"end":{"line":1,"column":36}},"1":{"start":{"line":3,"column":19},"end":{"line":3,"column":50}},"2":{"start":{"line":4,"column":15},"end":{"line":4,"column":42}},"3":{"start":{"line":5,"column":14},"end":{"line":5,"column":40}},"4":{"start":{"line":6,"column":13},"end":{"line":6,"column":38}},"5":{"start":{"line":11,"column":4},"end":{"line":11,"column":26}},"6":{"start":{"line":12,"column":4},"end":{"line":17,"column":5}},"7":{"start":{"line":13,"column":17},"end":{"line":13,"column":36}},"8":{"start":{"line":14,"column":6},"end":{"line":14,"column":33}},"9":{"start":{"line":16,"column":6},"end":{"line":16,"column":18}},"10":{"start":{"line":21,"column":4},"end":{"line":33,"column":5}},"11":{"start":{"line":22,"column":19},"end":{"line":22,"column":71}},"12":{"start":{"line":23,"column":6},"end":{"line":30,"column":7}},"13":{"start":{"line":24,"column":8},"end":{"line":24,"column":35}},"14":{"start":{"line":26,"column":8},"end":{"line":29,"column":11}},"15":{"start":{"line":32,"column":6},"end":{"line":32,"column":34}},"16":{"start":{"line":36,"column":4},"end":{"line":94,"column":5}},"17":{"start":{"line":37,"column":22},"end":{"line":49,"column":7}},"18":{"start":{"line":50,"column":23},"end":{"line":50,"column":75}},"19":{"start":{"line":51,"column":6},"end":{"line":51,"column":38}},"20":{"start":{"line":52,"column":18},"end":{"line":52,"column":62}},"21":{"start":{"line":53,"column":6},"end":{"line":53,"column":30}},"22":{"start":{"line":54,"column":17},"end":{"line":54,"column":47}},"23":{"start":{"line":56,"column":6},"end":{"line":64,"column":8}},"24":{"start":{"line":65,"column":6},"end":{"line":73,"column":8}},"25":{"start":{"line":74,"column":6},"end":{"line":82,"column":8}},"26":{"start":{"line":83,"column":6},"end":{"line":83,"column":60}},"27":{"start":{"line":85,"column":6},"end":{"line":93,"column":7}},"28":{"start":{"line":86,"column":8},"end":{"line":86,"column":20}},"29":{"start":{"line":88,"column":24},"end":{"line":88,"column":51}},"30":{"start":{"line":89,"column":27},"end":{"line":91,"column":10}},"31":{"start":{"line":90,"column":10},"end":{"line":90,"column":28}},"32":{"start":{"line":92,"column":8},"end":{"line":92,"column":54}},"33":{"start":{"line":98,"column":4},"end":{"line":149,"column":5}},"34":{"start":{"line":99,"column":17},"end":{"line":99,"column":61}},"35":{"start":{"line":100,"column":6},"end":{"line":145,"column":7}},"36":{"start":{"line":101,"column":22},"end":{"line":101,"column":37}},"37":{"start":{"line":102,"column":19},"end":{"line":105,"column":9}},"38":{"start":{"line":106,"column":8},"end":{"line":116,"column":10}},"39":{"start":{"line":117,"column":8},"end":{"line":127,"column":10}},"40":{"start":{"line":128,"column":8},"end":{"line":138,"column":10}},"41":{"start":{"line":139,"column":8},"end":{"line":139,"column":35}},"42":{"start":{"line":141,"column":8},"end":{"line":144,"column":11}},"43":{"start":{"line":147,"column":6},"end":{"line":147,"column":25}},"44":{"start":{"line":148,"column":6},"end":{"line":148,"column":18}},"45":{"start":{"line":153,"column":4},"end":{"line":204,"column":5}},"46":{"start":{"line":154,"column":17},"end":{"line":154,"column":61}},"47":{"start":{"line":155,"column":6},"end":{"line":200,"column":7}},"48":{"start":{"line":156,"column":22},"end":{"line":156,"column":39}},"49":{"start":{"line":157,"column":19},"end":{"line":160,"column":9}},"50":{"start":{"line":161,"column":8},"end":{"line":171,"column":10}},"51":{"start":{"line":172,"column":8},"end":{"line":182,"column":10}},"52":{"start":{"line":183,"column":8},"end":{"line":193,"column":10}},"53":{"start":{"line":194,"column":8},"end":{"line":194,"column":35}},"54":{"start":{"line":196,"column":8},"end":{"line":199,"column":11}},"55":{"start":{"line":202,"column":6},"end":{"line":202,"column":25}},"56":{"start":{"line":203,"column":6},"end":{"line":203,"column":18}},"57":{"start":{"line":209,"column":32},"end":{"line":209,"column":40}},"58":{"start":{"line":210,"column":33},"end":{"line":210,"column":42}},"59":{"start":{"line":211,"column":4},"end":{"line":224,"column":5}},"60":{"start":{"line":212,"column":6},"end":{"line":221,"column":7}},"61":{"start":{"line":213,"column":27},"end":{"line":213,"column":67}},"62":{"start":{"line":214,"column":8},"end":{"line":214,"column":41}},"63":{"start":{"line":215,"column":13},"end":{"line":221,"column":7}},"64":{"start":{"line":216,"column":27},"end":{"line":216,"column":69}},"65":{"start":{"line":217,"column":8},"end":{"line":217,"column":41}},"66":{"start":{"line":219,"column":27},"end":{"line":219,"column":59}},"67":{"start":{"line":220,"column":8},"end":{"line":220,"column":41}},"68":{"start":{"line":223,"column":6},"end":{"line":223,"column":16}},"69":{"start":{"line":228,"column":19},"end":{"line":228,"column":29}},"70":{"start":{"line":229,"column":4},"end":{"line":238,"column":5}},"71":{"start":{"line":230,"column":26},"end":{"line":230,"column":59}},"72":{"start":{"line":231,"column":6},"end":{"line":235,"column":7}},"73":{"start":{"line":232,"column":8},"end":{"line":232,"column":42}},"74":{"start":{"line":234,"column":8},"end":{"line":234,"column":41}},"75":{"start":{"line":237,"column":6},"end":{"line":237,"column":16}},"76":{"start":{"line":242,"column":19},"end":{"line":242,"column":29}},"77":{"start":{"line":243,"column":23},"end":{"line":243,"column":27}},"78":{"start":{"line":244,"column":4},"end":{"line":246,"column":5}},"79":{"start":{"line":245,"column":6},"end":{"line":245,"column":32}},"80":{"start":{"line":247,"column":20},"end":{"line":251,"column":5}},"81":{"start":{"line":252,"column":4},"end":{"line":305,"column":5}},"82":{"start":{"line":253,"column":26},"end":{"line":253,"column":59}},"83":{"start":{"line":254,"column":6},"end":{"line":302,"column":7}},"84":{"start":{"line":255,"column":8},"end":{"line":255,"column":40}},"85":{"start":{"line":256,"column":8},"end":{"line":256,"column":42}},"86":{"start":{"line":257,"column":8},"end":{"line":259,"column":11}},"87":{"start":{"line":260,"column":30},"end":{"line":260,"column":63}},"88":{"start":{"line":262,"column":8},"end":{"line":273,"column":10}},"89":{"start":{"line":274,"column":8},"end":{"line":285,"column":10}},"90":{"start":{"line":286,"column":8},"end":{"line":297,"column":10}},"91":{"start":{"line":299,"column":8},"end":{"line":299,"column":44}},"92":{"start":{"line":301,"column":8},"end":{"line":301,"column":41}},"93":{"start":{"line":304,"column":6},"end":{"line":304,"column":16}},"94":{"start":{"line":309,"column":19},"end":{"line":309,"column":29}},"95":{"start":{"line":310,"column":4},"end":{"line":356,"column":5}},"96":{"start":{"line":311,"column":26},"end":{"line":311,"column":68}},"97":{"start":{"line":312,"column":6},"end":{"line":352,"column":7}},"98":{"start":{"line":313,"column":8},"end":{"line":324,"column":10}},"99":{"start":{"line":325,"column":8},"end":{"line":336,"column":10}},"100":{"start":{"line":337,"column":8},"end":{"line":348,"column":10}},"101":{"start":{"line":349,"column":8},"end":{"line":349,"column":42}},"102":{"start":{"line":351,"column":8},"end":{"line":351,"column":41}},"103":{"start":{"line":354,"column":6},"end":{"line":354,"column":16}},"104":{"start":{"line":355,"column":6},"end":{"line":355,"column":23}},"105":{"start":{"line":360,"column":0},"end":{"line":360,"column":34}}},"fnMap":{"0":{"name":"(anonymous_0)","decl":{"start":{"line":10,"column":2},"end":{"line":10,"column":3}},"loc":{"start":{"line":10,"column":39},"end":{"line":18,"column":3}},"line":10},"1":{"name":"(anonymous_1)","decl":{"start":{"line":20,"column":2},"end":{"line":20,"column":3}},"loc":{"start":{"line":20,"column":46},"end":{"line":34,"column":3}},"line":20},"2":{"name":"(anonymous_2)","decl":{"start":{"line":35,"column":2},"end":{"line":35,"column":3}},"loc":{"start":{"line":35,"column":41},"end":{"line":95,"column":3}},"line":35},"3":{"name":"(anonymous_3)","decl":{"start":{"line":89,"column":39},"end":{"line":89,"column":40}},"loc":{"start":{"line":89,"column":47},"end":{"line":91,"column":9}},"line":89},"4":{"name":"(anonymous_4)","decl":{"start":{"line":96,"column":2},"end":{"line":96,"column":3}},"loc":{"start":{"line":96,"column":48},"end":{"line":150,"column":3}},"line":96},"5":{"name":"(anonymous_5)","decl":{"start":{"line":151,"column":2},"end":{"line":151,"column":3}},"loc":{"start":{"line":151,"column":50},"end":{"line":205,"column":3}},"line":151},"6":{"name":"(anonymous_6)","decl":{"start":{"line":208,"column":2},"end":{"line":208,"column":3}},"loc":{"start":{"line":208,"column":50},"end":{"line":225,"column":3}},"line":208},"7":{"name":"(anonymous_7)","decl":{"start":{"line":227,"column":2},"end":{"line":227,"column":3}},"loc":{"start":{"line":227,"column":50},"end":{"line":239,"column":3}},"line":227},"8":{"name":"(anonymous_8)","decl":{"start":{"line":241,"column":2},"end":{"line":241,"column":3}},"loc":{"start":{"line":241,"column":44},"end":{"line":306,"column":3}},"line":241},"9":{"name":"(anonymous_9)","decl":{"start":{"line":308,"column":2},"end":{"line":308,"column":3}},"loc":{"start":{"line":308,"column":49},"end":{"line":357,"column":3}},"line":308}},"branchMap":{"0":{"loc":{"start":{"line":23,"column":6},"end":{"line":30,"column":7}},"type":"if","locations":[{"start":{"line":23,"column":6},"end":{"line":30,"column":7}},{"start":{"line":23,"column":6},"end":{"line":30,"column":7}}],"line":23},"1":{"loc":{"start":{"line":85,"column":6},"end":{"line":93,"column":7}},"type":"if","locations":[{"start":{"line":85,"column":6},"end":{"line":93,"column":7}},{"start":{"line":85,"column":6},"end":{"line":93,"column":7}}],"line":85},"2":{"loc":{"start":{"line":100,"column":6},"end":{"line":145,"column":7}},"type":"if","locations":[{"start":{"line":100,"column":6},"end":{"line":145,"column":7}},{"start":{"line":100,"column":6},"end":{"line":145,"column":7}}],"line":100},"3":{"loc":{"start":{"line":155,"column":6},"end":{"line":200,"column":7}},"type":"if","locations":[{"start":{"line":155,"column":6},"end":{"line":200,"column":7}},{"start":{"line":155,"column":6},"end":{"line":200,"column":7}}],"line":155},"4":{"loc":{"start":{"line":212,"column":6},"end":{"line":221,"column":7}},"type":"if","locations":[{"start":{"line":212,"column":6},"end":{"line":221,"column":7}},{"start":{"line":212,"column":6},"end":{"line":221,"column":7}}],"line":212},"5":{"loc":{"start":{"line":215,"column":13},"end":{"line":221,"column":7}},"type":"if","locations":[{"start":{"line":215,"column":13},"end":{"line":221,"column":7}},{"start":{"line":215,"column":13},"end":{"line":221,"column":7}}],"line":215},"6":{"loc":{"start":{"line":231,"column":6},"end":{"line":235,"column":7}},"type":"if","locations":[{"start":{"line":231,"column":6},"end":{"line":235,"column":7}},{"start":{"line":231,"column":6},"end":{"line":235,"column":7}}],"line":231},"7":{"loc":{"start":{"line":244,"column":4},"end":{"line":246,"column":5}},"type":"if","locations":[{"start":{"line":244,"column":4},"end":{"line":246,"column":5}},{"start":{"line":244,"column":4},"end":{"line":246,"column":5}}],"line":244},"8":{"loc":{"start":{"line":254,"column":6},"end":{"line":302,"column":7}},"type":"if","locations":[{"start":{"line":254,"column":6},"end":{"line":302,"column":7}},{"start":{"line":254,"column":6},"end":{"line":302,"column":7}}],"line":254},"9":{"loc":{"start":{"line":312,"column":6},"end":{"line":352,"column":7}},"type":"if","locations":[{"start":{"line":312,"column":6},"end":{"line":352,"column":7}},{"start":{"line":312,"column":6},"end":{"line":352,"column":7}}],"line":312}},"s":{"0":2,"1":2,"2":2,"3":2,"4":2,"5":0,"6":0,"7":0,"8":0,"9":0,"10":0,"11":0,"12":0,"13":0,"14":0,"15":0,"16":0,"17":0,"18":0,"19":0,"20":0,"21":0,"22":0,"23":0,"24":0,"25":0,"26":0,"27":0,"28":0,"29":0,"30":0,"31":0,"32":0,"33":0,"34":0,"35":0,"36":0,"37":0,"38":0,"39":0,"40":0,"41":0,"42":0,"43":0,"44":0,"45":0,"46":0,"47":0,"48":0,"49":0,"50":0,"51":0,"52":0,"53":0,"54":0,"55":0,"56":0,"57":0,"58":0,"59":0,"60":0,"61":0,"62":0,"63":0,"64":0,"65":0,"66":0,"67":0,"68":0,"69":0,"70":0,"71":0,"72":0,"73":0,"74":0,"75":0,"76":0,"77":0,"78":0,"79":0,"80":0,"81":0,"82":0,"83":0,"84":0,"85":0,"86":0,"87":0,"88":0,"89":0,"90":0,"91":0,"92":0,"93":0,"94":0,"95":0,"96":0,"97":0,"98":0,"99":0,"100":0,"101":0,"102":0,"103":0,"104":0,"105":2},"f":{"0":0,"1":0,"2":0,"3":0,"4":0,"5":0,"6":0,"7":0,"8":0,"9":0},"b":{"0":[0,0],"1":[0,0],"2":[0,0],"3":[0,0],"4":[0,0],"5":[0,0],"6":[0,0],"7":[0,0],"8":[0,0],"9":[0,0]},"_coverageSchema":"1a1c01bbd47fc00a2c39e90264f33305004495a9","hash":"5ced7f0bca15a80a06abf1c3e919062c29383b8d"}
,"C:\\Users\\USER\\Documents\\bootcamp\\phase-3\\projek\\SayangiKotamu\\server\\controllers\\userController.js": {"path":"C:\\Users\\USER\\Documents\\bootcamp\\phase-3\\projek\\SayangiKotamu\\server\\controllers\\userController.js","statementMap":{"0":{"start":{"line":1,"column":13},"end":{"line":1,"column":38}},"1":{"start":{"line":3,"column":44},"end":{"line":3,"column":69}},"2":{"start":{"line":4,"column":28},"end":{"line":4,"column":56}},"3":{"start":{"line":5,"column":25},"end":{"line":5,"column":55}},"4":{"start":{"line":9,"column":4},"end":{"line":48,"column":5}},"5":{"start":{"line":10,"column":20},"end":{"line":19,"column":7}},"6":{"start":{"line":20,"column":25},"end":{"line":20,"column":69}},"7":{"start":{"line":21,"column":23},"end":{"line":21,"column":63}},"8":{"start":{"line":22,"column":6},"end":{"line":31,"column":7}},"9":{"start":{"line":23,"column":8},"end":{"line":23,"column":42}},"10":{"start":{"line":25,"column":8},"end":{"line":30,"column":9}},"11":{"start":{"line":26,"column":10},"end":{"line":26,"column":44}},"12":{"start":{"line":28,"column":21},"end":{"line":28,"column":47}},"13":{"start":{"line":29,"column":10},"end":{"line":29,"column":69}},"14":{"start":{"line":33,"column":6},"end":{"line":47,"column":7}},"15":{"start":{"line":34,"column":8},"end":{"line":37,"column":11}},"16":{"start":{"line":39,"column":24},"end":{"line":39,"column":49}},"17":{"start":{"line":40,"column":27},"end":{"line":42,"column":10}},"18":{"start":{"line":41,"column":10},"end":{"line":41,"column":28}},"19":{"start":{"line":43,"column":8},"end":{"line":46,"column":11}},"20":{"start":{"line":51,"column":4},"end":{"line":74,"column":5}},"21":{"start":{"line":52,"column":19},"end":{"line":52,"column":64}},"22":{"start":{"line":53,"column":6},"end":{"line":71,"column":7}},"23":{"start":{"line":54,"column":8},"end":{"line":68,"column":9}},"24":{"start":{"line":55,"column":10},"end":{"line":65,"column":11}},"25":{"start":{"line":56,"column":26},"end":{"line":59,"column":13}},"26":{"start":{"line":60,"column":31},"end":{"line":60,"column":47}},"27":{"start":{"line":62,"column":12},"end":{"line":62,"column":51}},"28":{"start":{"line":64,"column":12},"end":{"line":64,"column":49}},"29":{"start":{"line":67,"column":10},"end":{"line":67,"column":44}},"30":{"start":{"line":70,"column":8},"end":{"line":70,"column":45}},"31":{"start":{"line":73,"column":6},"end":{"line":73,"column":16}},"32":{"start":{"line":77,"column":18},"end":{"line":77,"column":22}},"33":{"start":{"line":78,"column":25},"end":{"line":78,"column":33}},"34":{"start":{"line":79,"column":19},"end":{"line":79,"column":65}},"35":{"start":{"line":80,"column":4},"end":{"line":116,"column":9}},"36":{"start":{"line":86,"column":8},"end":{"line":86,"column":36}},"37":{"start":{"line":87,"column":8},"end":{"line":87,"column":41}},"38":{"start":{"line":90,"column":8},"end":{"line":103,"column":9}},"39":{"start":{"line":91,"column":10},"end":{"line":91,"column":43}},"40":{"start":{"line":93,"column":27},"end":{"line":93,"column":39}},"41":{"start":{"line":94,"column":24},"end":{"line":94,"column":37}},"42":{"start":{"line":95,"column":23},"end":{"line":95,"column":32}},"43":{"start":{"line":97,"column":27},"end":{"line":97,"column":74}},"44":{"start":{"line":98,"column":10},"end":{"line":102,"column":13}},"45":{"start":{"line":106,"column":22},"end":{"line":110,"column":9}},"46":{"start":{"line":111,"column":27},"end":{"line":111,"column":43}},"47":{"start":{"line":112,"column":8},"end":{"line":112,"column":47}},"48":{"start":{"line":115,"column":8},"end":{"line":115,"column":18}},"49":{"start":{"line":120,"column":22},"end":{"line":120,"column":32}},"50":{"start":{"line":121,"column":4},"end":{"line":146,"column":5}},"51":{"start":{"line":122,"column":28},"end":{"line":122,"column":63}},"52":{"start":{"line":123,"column":6},"end":{"line":142,"column":7}},"53":{"start":{"line":124,"column":30},"end":{"line":126,"column":10}},"54":{"start":{"line":127,"column":8},"end":{"line":139,"column":9}},"55":{"start":{"line":128,"column":10},"end":{"line":136,"column":11}},"56":{"start":{"line":129,"column":33},"end":{"line":132,"column":13}},"57":{"start":{"line":133,"column":12},"end":{"line":133,"column":79}},"58":{"start":{"line":135,"column":12},"end":{"line":135,"column":43}},"59":{"start":{"line":138,"column":10},"end":{"line":138,"column":46}},"60":{"start":{"line":141,"column":8},"end":{"line":141,"column":44}},"61":{"start":{"line":144,"column":6},"end":{"line":144,"column":16}},"62":{"start":{"line":145,"column":6},"end":{"line":145,"column":23}},"63":{"start":{"line":149,"column":0},"end":{"line":149,"column":32}}},"fnMap":{"0":{"name":"(anonymous_0)","decl":{"start":{"line":8,"column":2},"end":{"line":8,"column":3}},"loc":{"start":{"line":8,"column":40},"end":{"line":49,"column":3}},"line":8},"1":{"name":"(anonymous_1)","decl":{"start":{"line":40,"column":39},"end":{"line":40,"column":40}},"loc":{"start":{"line":40,"column":47},"end":{"line":42,"column":9}},"line":40},"2":{"name":"(anonymous_2)","decl":{"start":{"line":50,"column":2},"end":{"line":50,"column":3}},"loc":{"start":{"line":50,"column":37},"end":{"line":75,"column":3}},"line":50},"3":{"name":"(anonymous_3)","decl":{"start":{"line":76,"column":2},"end":{"line":76,"column":3}},"loc":{"start":{"line":76,"column":37},"end":{"line":117,"column":3}},"line":76},"4":{"name":"(anonymous_4)","decl":{"start":{"line":85,"column":12},"end":{"line":85,"column":13}},"loc":{"start":{"line":85,"column":22},"end":{"line":88,"column":7}},"line":85},"5":{"name":"(anonymous_5)","decl":{"start":{"line":89,"column":12},"end":{"line":89,"column":13}},"loc":{"start":{"line":89,"column":22},"end":{"line":104,"column":7}},"line":89},"6":{"name":"(anonymous_6)","decl":{"start":{"line":105,"column":12},"end":{"line":105,"column":13}},"loc":{"start":{"line":105,"column":22},"end":{"line":113,"column":7}},"line":105},"7":{"name":"(anonymous_7)","decl":{"start":{"line":114,"column":13},"end":{"line":114,"column":14}},"loc":{"start":{"line":114,"column":22},"end":{"line":116,"column":7}},"line":114},"8":{"name":"(anonymous_8)","decl":{"start":{"line":119,"column":2},"end":{"line":119,"column":3}},"loc":{"start":{"line":119,"column":45},"end":{"line":147,"column":3}},"line":119}},"branchMap":{"0":{"loc":{"start":{"line":22,"column":6},"end":{"line":31,"column":7}},"type":"if","locations":[{"start":{"line":22,"column":6},"end":{"line":31,"column":7}},{"start":{"line":22,"column":6},"end":{"line":31,"column":7}}],"line":22},"1":{"loc":{"start":{"line":25,"column":8},"end":{"line":30,"column":9}},"type":"if","locations":[{"start":{"line":25,"column":8},"end":{"line":30,"column":9}},{"start":{"line":25,"column":8},"end":{"line":30,"column":9}}],"line":25},"2":{"loc":{"start":{"line":33,"column":6},"end":{"line":47,"column":7}},"type":"if","locations":[{"start":{"line":33,"column":6},"end":{"line":47,"column":7}},{"start":{"line":33,"column":6},"end":{"line":47,"column":7}}],"line":33},"3":{"loc":{"start":{"line":53,"column":6},"end":{"line":71,"column":7}},"type":"if","locations":[{"start":{"line":53,"column":6},"end":{"line":71,"column":7}},{"start":{"line":53,"column":6},"end":{"line":71,"column":7}}],"line":53},"4":{"loc":{"start":{"line":54,"column":8},"end":{"line":68,"column":9}},"type":"if","locations":[{"start":{"line":54,"column":8},"end":{"line":68,"column":9}},{"start":{"line":54,"column":8},"end":{"line":68,"column":9}}],"line":54},"5":{"loc":{"start":{"line":55,"column":10},"end":{"line":65,"column":11}},"type":"if","locations":[{"start":{"line":55,"column":10},"end":{"line":65,"column":11}},{"start":{"line":55,"column":10},"end":{"line":65,"column":11}}],"line":55},"6":{"loc":{"start":{"line":90,"column":8},"end":{"line":103,"column":9}},"type":"if","locations":[{"start":{"line":90,"column":8},"end":{"line":103,"column":9}},{"start":{"line":90,"column":8},"end":{"line":103,"column":9}}],"line":90},"7":{"loc":{"start":{"line":123,"column":6},"end":{"line":142,"column":7}},"type":"if","locations":[{"start":{"line":123,"column":6},"end":{"line":142,"column":7}},{"start":{"line":123,"column":6},"end":{"line":142,"column":7}}],"line":123},"8":{"loc":{"start":{"line":127,"column":8},"end":{"line":139,"column":9}},"type":"if","locations":[{"start":{"line":127,"column":8},"end":{"line":139,"column":9}},{"start":{"line":127,"column":8},"end":{"line":139,"column":9}}],"line":127},"9":{"loc":{"start":{"line":128,"column":10},"end":{"line":136,"column":11}},"type":"if","locations":[{"start":{"line":128,"column":10},"end":{"line":136,"column":11}},{"start":{"line":128,"column":10},"end":{"line":136,"column":11}}],"line":128}},"s":{"0":2,"1":2,"2":2,"3":2,"4":7,"5":7,"6":7,"7":7,"8":7,"9":0,"10":7,"11":0,"12":7,"13":0,"14":7,"15":0,"16":7,"17":7,"18":19,"19":7,"20":3,"21":3,"22":3,"23":0,"24":0,"25":0,"26":0,"27":0,"28":0,"29":0,"30":3,"31":3,"32":0,"33":0,"34":0,"35":0,"36":0,"37":0,"38":0,"39":0,"40":0,"41":0,"42":0,"43":0,"44":0,"45":0,"46":0,"47":0,"48":0,"49":0,"50":0,"51":0,"52":0,"53":0,"54":0,"55":0,"56":0,"57":0,"58":0,"59":0,"60":0,"61":0,"62":0,"63":2},"f":{"0":7,"1":19,"2":3,"3":0,"4":0,"5":0,"6":0,"7":0,"8":0},"b":{"0":[0,7],"1":[0,7],"2":[0,7],"3":[0,3],"4":[0,0],"5":[0,0],"6":[0,0],"7":[0,0],"8":[0,0],"9":[0,0]},"_coverageSchema":"1a1c01bbd47fc00a2c39e90264f33305004495a9","hash":"f86640f68b05a092e9bc6cef0bbb0edb7a0774b9"}
,"C:\\Users\\USER\\Documents\\bootcamp\\phase-3\\projek\\SayangiKotamu\\server\\helpers\\bcrypt.js": {"path":"C:\\Users\\USER\\Documents\\bootcamp\\phase-3\\projek\\SayangiKotamu\\server\\helpers\\bcrypt.js","statementMap":{"0":{"start":{"line":1,"column":15},"end":{"line":1,"column":34}},"1":{"start":{"line":4,"column":2},"end":{"line":4,"column":52}},"2":{"start":{"line":7,"column":2},"end":{"line":7,"column":59}},"3":{"start":{"line":10,"column":0},"end":{"line":10,"column":51}}},"fnMap":{"0":{"name":"comparePassword","decl":{"start":{"line":3,"column":9},"end":{"line":3,"column":24}},"loc":{"start":{"line":3,"column":49},"end":{"line":5,"column":1}},"line":3},"1":{"name":"hashPassword","decl":{"start":{"line":6,"column":9},"end":{"line":6,"column":21}},"loc":{"start":{"line":6,"column":32},"end":{"line":8,"column":1}},"line":6}},"branchMap":{},"s":{"0":2,"1":0,"2":0,"3":2},"f":{"0":0,"1":0},"b":{},"_coverageSchema":"1a1c01bbd47fc00a2c39e90264f33305004495a9","hash":"5218d3deb1eac4961096b1194f08cc23b78c8c4d"}
,"C:\\Users\\USER\\Documents\\bootcamp\\phase-3\\projek\\SayangiKotamu\\server\\helpers\\jwt.js": {"path":"C:\\Users\\USER\\Documents\\bootcamp\\phase-3\\projek\\SayangiKotamu\\server\\helpers\\jwt.js","statementMap":{"0":{"start":{"line":1,"column":12},"end":{"line":1,"column":35}},"1":{"start":{"line":3,"column":16},"end":{"line":6,"column":1}},"2":{"start":{"line":4,"column":20},"end":{"line":4,"column":61}},"3":{"start":{"line":5,"column":2},"end":{"line":5,"column":21}},"4":{"start":{"line":8,"column":18},"end":{"line":11,"column":1}},"5":{"start":{"line":9,"column":18},"end":{"line":9,"column":66}},"6":{"start":{"line":10,"column":2},"end":{"line":10,"column":17}},"7":{"start":{"line":13,"column":29},"end":{"line":18,"column":1}},"8":{"start":{"line":14,"column":20},"end":{"line":16,"column":4}},"9":{"start":{"line":17,"column":2},"end":{"line":17,"column":21}},"10":{"start":{"line":20,"column":31},"end":{"line":23,"column":1}},"11":{"start":{"line":21,"column":18},"end":{"line":21,"column":74}},"12":{"start":{"line":22,"column":2},"end":{"line":22,"column":17}},"13":{"start":{"line":25,"column":0},"end":{"line":30,"column":2}}},"fnMap":{"0":{"name":"(anonymous_0)","decl":{"start":{"line":3,"column":16},"end":{"line":3,"column":17}},"loc":{"start":{"line":3,"column":29},"end":{"line":6,"column":1}},"line":3},"1":{"name":"(anonymous_1)","decl":{"start":{"line":8,"column":18},"end":{"line":8,"column":19}},"loc":{"start":{"line":8,"column":36},"end":{"line":11,"column":1}},"line":8},"2":{"name":"(anonymous_2)","decl":{"start":{"line":13,"column":29},"end":{"line":13,"column":30}},"loc":{"start":{"line":13,"column":42},"end":{"line":18,"column":1}},"line":13},"3":{"name":"(anonymous_3)","decl":{"start":{"line":20,"column":31},"end":{"line":20,"column":32}},"loc":{"start":{"line":20,"column":49},"end":{"line":23,"column":1}},"line":20}},"branchMap":{},"s":{"0":2,"1":2,"2":0,"3":0,"4":2,"5":0,"6":0,"7":2,"8":0,"9":0,"10":2,"11":0,"12":0,"13":2},"f":{"0":0,"1":0,"2":0,"3":0},"b":{},"_coverageSchema":"1a1c01bbd47fc00a2c39e90264f33305004495a9","hash":"70b2973c507794ba0b6cc2da19cad55c662ad6ef"}
,"C:\\Users\\USER\\Documents\\bootcamp\\phase-3\\projek\\SayangiKotamu\\server\\middlewares\\auth.js": {"path":"C:\\Users\\USER\\Documents\\bootcamp\\phase-3\\projek\\SayangiKotamu\\server\\middlewares\\auth.js","statementMap":{"0":{"start":{"line":1,"column":22},"end":{"line":1,"column":47}},"1":{"start":{"line":2,"column":14},"end":{"line":2,"column":40}},"2":{"start":{"line":3,"column":15},"end":{"line":3,"column":42}},"3":{"start":{"line":4,"column":13},"end":{"line":4,"column":38}},"4":{"start":{"line":7,"column":40},"end":{"line":7,"column":51}},"5":{"start":{"line":9,"column":2},"end":{"line":31,"column":3}},"6":{"start":{"line":10,"column":4},"end":{"line":28,"column":5}},"7":{"start":{"line":11,"column":33},"end":{"line":11,"column":55}},"8":{"start":{"line":12,"column":25},"end":{"line":14,"column":8}},"9":{"start":{"line":16,"column":6},"end":{"line":25,"column":7}},"10":{"start":{"line":17,"column":8},"end":{"line":21,"column":10}},"11":{"start":{"line":22,"column":8},"end":{"line":22,"column":15}},"12":{"start":{"line":24,"column":8},"end":{"line":24,"column":40}},"13":{"start":{"line":27,"column":6},"end":{"line":27,"column":38}},"14":{"start":{"line":30,"column":4},"end":{"line":30,"column":14}},"15":{"start":{"line":35,"column":27},"end":{"line":35,"column":38}},"16":{"start":{"line":36,"column":2},"end":{"line":57,"column":3}},"17":{"start":{"line":37,"column":4},"end":{"line":54,"column":5}},"18":{"start":{"line":38,"column":22},"end":{"line":38,"column":45}},"19":{"start":{"line":39,"column":25},"end":{"line":41,"column":8}},"20":{"start":{"line":42,"column":6},"end":{"line":51,"column":7}},"21":{"start":{"line":43,"column":8},"end":{"line":47,"column":10}},"22":{"start":{"line":48,"column":8},"end":{"line":48,"column":15}},"23":{"start":{"line":50,"column":8},"end":{"line":50,"column":40}},"24":{"start":{"line":53,"column":6},"end":{"line":53,"column":38}},"25":{"start":{"line":56,"column":4},"end":{"line":56,"column":16}},"26":{"start":{"line":61,"column":38},"end":{"line":61,"column":46}},"27":{"start":{"line":63,"column":2},"end":{"line":77,"column":3}},"28":{"start":{"line":64,"column":22},"end":{"line":64,"column":58}},"29":{"start":{"line":66,"column":4},"end":{"line":74,"column":5}},"30":{"start":{"line":67,"column":6},"end":{"line":67,"column":38}},"31":{"start":{"line":69,"column":6},"end":{"line":73,"column":7}},"32":{"start":{"line":70,"column":8},"end":{"line":70,"column":42}},"33":{"start":{"line":72,"column":8},"end":{"line":72,"column":15}},"34":{"start":{"line":76,"column":4},"end":{"line":76,"column":14}},"35":{"start":{"line":82,"column":17},"end":{"line":82,"column":27}},"36":{"start":{"line":83,"column":38},"end":{"line":83,"column":46}},"37":{"start":{"line":84,"column":2},"end":{"line":96,"column":3}},"38":{"start":{"line":85,"column":24},"end":{"line":85,"column":58}},"39":{"start":{"line":86,"column":4},"end":{"line":93,"column":5}},"40":{"start":{"line":87,"column":6},"end":{"line":90,"column":7}},"41":{"start":{"line":89,"column":8},"end":{"line":89,"column":41}},"42":{"start":{"line":92,"column":6},"end":{"line":92,"column":39}},"43":{"start":{"line":95,"column":4},"end":{"line":95,"column":14}},"44":{"start":{"line":99,"column":0},"end":{"line":99,"column":68}}},"fnMap":{"0":{"name":"dinasAuth","decl":{"start":{"line":6,"column":15},"end":{"line":6,"column":24}},"loc":{"start":{"line":6,"column":41},"end":{"line":32,"column":1}},"line":6},"1":{"name":"Userauth","decl":{"start":{"line":34,"column":15},"end":{"line":34,"column":23}},"loc":{"start":{"line":34,"column":40},"end":{"line":58,"column":1}},"line":34},"2":{"name":"authEmailUser","decl":{"start":{"line":60,"column":15},"end":{"line":60,"column":28}},"loc":{"start":{"line":60,"column":45},"end":{"line":78,"column":1}},"line":60},"3":{"name":"authZDinas","decl":{"start":{"line":81,"column":15},"end":{"line":81,"column":25}},"loc":{"start":{"line":81,"column":42},"end":{"line":97,"column":1}},"line":81}},"branchMap":{"0":{"loc":{"start":{"line":10,"column":4},"end":{"line":28,"column":5}},"type":"if","locations":[{"start":{"line":10,"column":4},"end":{"line":28,"column":5}},{"start":{"line":10,"column":4},"end":{"line":28,"column":5}}],"line":10},"1":{"loc":{"start":{"line":16,"column":6},"end":{"line":25,"column":7}},"type":"if","locations":[{"start":{"line":16,"column":6},"end":{"line":25,"column":7}},{"start":{"line":16,"column":6},"end":{"line":25,"column":7}}],"line":16},"2":{"loc":{"start":{"line":37,"column":4},"end":{"line":54,"column":5}},"type":"if","locations":[{"start":{"line":37,"column":4},"end":{"line":54,"column":5}},{"start":{"line":37,"column":4},"end":{"line":54,"column":5}}],"line":37},"3":{"loc":{"start":{"line":42,"column":6},"end":{"line":51,"column":7}},"type":"if","locations":[{"start":{"line":42,"column":6},"end":{"line":51,"column":7}},{"start":{"line":42,"column":6},"end":{"line":51,"column":7}}],"line":42},"4":{"loc":{"start":{"line":66,"column":4},"end":{"line":74,"column":5}},"type":"if","locations":[{"start":{"line":66,"column":4},"end":{"line":74,"column":5}},{"start":{"line":66,"column":4},"end":{"line":74,"column":5}}],"line":66},"5":{"loc":{"start":{"line":69,"column":6},"end":{"line":73,"column":7}},"type":"if","locations":[{"start":{"line":69,"column":6},"end":{"line":73,"column":7}},{"start":{"line":69,"column":6},"end":{"line":73,"column":7}}],"line":69},"6":{"loc":{"start":{"line":86,"column":4},"end":{"line":93,"column":5}},"type":"if","locations":[{"start":{"line":86,"column":4},"end":{"line":93,"column":5}},{"start":{"line":86,"column":4},"end":{"line":93,"column":5}}],"line":86},"7":{"loc":{"start":{"line":87,"column":6},"end":{"line":90,"column":7}},"type":"if","locations":[{"start":{"line":87,"column":6},"end":{"line":90,"column":7}},{"start":{"line":87,"column":6},"end":{"line":90,"column":7}}],"line":87}},"s":{"0":2,"1":2,"2":2,"3":2,"4":0,"5":0,"6":0,"7":0,"8":0,"9":0,"10":0,"11":0,"12":0,"13":0,"14":0,"15":0,"16":0,"17":0,"18":0,"19":0,"20":0,"21":0,"22":0,"23":0,"24":0,"25":0,"26":0,"27":0,"28":0,"29":0,"30":0,"31":0,"32":0,"33":0,"34":0,"35":0,"36":0,"37":0,"38":0,"39":0,"40":0,"41":0,"42":0,"43":0,"44":2},"f":{"0":0,"1":0,"2":0,"3":0},"b":{"0":[0,0],"1":[0,0],"2":[0,0],"3":[0,0],"4":[0,0],"5":[0,0],"6":[0,0],"7":[0,0]},"_coverageSchema":"1a1c01bbd47fc00a2c39e90264f33305004495a9","hash":"c492fc2bd6066e5dfc5e669e6fe77ad92cc261e8"}
,"C:\\Users\\USER\\Documents\\bootcamp\\phase-3\\projek\\SayangiKotamu\\server\\middlewares\\errorHandler.js": {"path":"C:\\Users\\USER\\Documents\\bootcamp\\phase-3\\projek\\SayangiKotamu\\server\\middlewares\\errorHandler.js","statementMap":{"0":{"start":{"line":2,"column":2},"end":{"line":2,"column":24}},"1":{"start":{"line":3,"column":2},"end":{"line":60,"column":3}},"2":{"start":{"line":5,"column":6},"end":{"line":5,"column":71}},"3":{"start":{"line":6,"column":6},"end":{"line":6,"column":12}},"4":{"start":{"line":8,"column":6},"end":{"line":8,"column":69}},"5":{"start":{"line":9,"column":6},"end":{"line":9,"column":12}},"6":{"start":{"line":11,"column":6},"end":{"line":11,"column":62}},"7":{"start":{"line":12,"column":6},"end":{"line":12,"column":12}},"8":{"start":{"line":14,"column":6},"end":{"line":14,"column":72}},"9":{"start":{"line":15,"column":6},"end":{"line":15,"column":12}},"10":{"start":{"line":17,"column":6},"end":{"line":17,"column":60}},"11":{"start":{"line":18,"column":6},"end":{"line":18,"column":12}},"12":{"start":{"line":20,"column":6},"end":{"line":20,"column":65}},"13":{"start":{"line":21,"column":6},"end":{"line":21,"column":12}},"14":{"start":{"line":23,"column":6},"end":{"line":23,"column":73}},"15":{"start":{"line":24,"column":6},"end":{"line":24,"column":12}},"16":{"start":{"line":26,"column":6},"end":{"line":26,"column":80}},"17":{"start":{"line":27,"column":6},"end":{"line":27,"column":12}},"18":{"start":{"line":29,"column":6},"end":{"line":29,"column":64}},"19":{"start":{"line":30,"column":6},"end":{"line":30,"column":12}},"20":{"start":{"line":32,"column":6},"end":{"line":32,"column":77}},"21":{"start":{"line":33,"column":6},"end":{"line":33,"column":12}},"22":{"start":{"line":35,"column":6},"end":{"line":39,"column":11}},"23":{"start":{"line":40,"column":6},"end":{"line":40,"column":12}},"24":{"start":{"line":44,"column":6},"end":{"line":44,"column":69}},"25":{"start":{"line":45,"column":6},"end":{"line":45,"column":12}},"26":{"start":{"line":47,"column":6},"end":{"line":47,"column":53}},"27":{"start":{"line":48,"column":6},"end":{"line":48,"column":12}},"28":{"start":{"line":50,"column":6},"end":{"line":50,"column":53}},"29":{"start":{"line":51,"column":6},"end":{"line":51,"column":12}},"30":{"start":{"line":53,"column":6},"end":{"line":53,"column":53}},"31":{"start":{"line":54,"column":6},"end":{"line":54,"column":12}},"32":{"start":{"line":56,"column":6},"end":{"line":56,"column":53}},"33":{"start":{"line":57,"column":6},"end":{"line":57,"column":12}},"34":{"start":{"line":59,"column":6},"end":{"line":59,"column":65}},"35":{"start":{"line":62,"column":0},"end":{"line":62,"column":30}}},"fnMap":{"0":{"name":"errorHandler","decl":{"start":{"line":1,"column":9},"end":{"line":1,"column":21}},"loc":{"start":{"line":1,"column":43},"end":{"line":61,"column":1}},"line":1}},"branchMap":{"0":{"loc":{"start":{"line":3,"column":2},"end":{"line":60,"column":3}},"type":"switch","locations":[{"start":{"line":4,"column":4},"end":{"line":6,"column":12}},{"start":{"line":7,"column":4},"end":{"line":9,"column":12}},{"start":{"line":10,"column":4},"end":{"line":12,"column":12}},{"start":{"line":13,"column":4},"end":{"line":15,"column":12}},{"start":{"line":16,"column":4},"end":{"line":18,"column":12}},{"start":{"line":19,"column":4},"end":{"line":21,"column":12}},{"start":{"line":22,"column":4},"end":{"line":24,"column":12}},{"start":{"line":25,"column":4},"end":{"line":27,"column":12}},{"start":{"line":28,"column":4},"end":{"line":30,"column":12}},{"start":{"line":31,"column":4},"end":{"line":33,"column":12}},{"start":{"line":34,"column":4},"end":{"line":40,"column":12}},{"start":{"line":43,"column":4},"end":{"line":45,"column":12}},{"start":{"line":46,"column":4},"end":{"line":48,"column":12}},{"start":{"line":49,"column":4},"end":{"line":51,"column":12}},{"start":{"line":52,"column":4},"end":{"line":54,"column":12}},{"start":{"line":55,"column":4},"end":{"line":57,"column":12}},{"start":{"line":58,"column":4},"end":{"line":59,"column":65}}],"line":3}},"s":{"0":13,"1":13,"2":0,"3":0,"4":6,"5":6,"6":0,"7":0,"8":0,"9":0,"10":0,"11":0,"12":0,"13":0,"14":0,"15":0,"16":0,"17":0,"18":0,"19":0,"20":0,"21":0,"22":0,"23":0,"24":0,"25":0,"26":0,"27":0,"28":7,"29":7,"30":0,"31":0,"32":0,"33":0,"34":0,"35":2},"f":{"0":13},"b":{"0":[0,6,0,0,0,0,0,0,0,0,0,0,0,7,0,0,0]},"_coverageSchema":"1a1c01bbd47fc00a2c39e90264f33305004495a9","hash":"0268df35feb3dc8416ab9ecc7605b266a6cf9a2e"}
,"C:\\Users\\USER\\Documents\\bootcamp\\phase-3\\projek\\SayangiKotamu\\server\\models\\announcment.js": {"path":"C:\\Users\\USER\\Documents\\bootcamp\\phase-3\\projek\\SayangiKotamu\\server\\models\\announcment.js","statementMap":{"0":{"start":{"line":1,"column":17},"end":{"line":1,"column":36}},"1":{"start":{"line":2,"column":18},"end":{"line":2,"column":38}},"2":{"start":{"line":4,"column":26},"end":{"line":20,"column":2}},"3":{"start":{"line":22,"column":20},"end":{"line":22,"column":68}},"4":{"start":{"line":24,"column":0},"end":{"line":24,"column":29}}},"fnMap":{},"branchMap":{},"s":{"0":2,"1":2,"2":2,"3":2,"4":2},"f":{},"b":{},"_coverageSchema":"1a1c01bbd47fc00a2c39e90264f33305004495a9","hash":"fd297a6d531fc0aa69c59c606e68c96243afe98e"}
,"C:\\Users\\USER\\Documents\\bootcamp\\phase-3\\projek\\SayangiKotamu\\server\\models\\aspiration.js": {"path":"C:\\Users\\USER\\Documents\\bootcamp\\phase-3\\projek\\SayangiKotamu\\server\\models\\aspiration.js","statementMap":{"0":{"start":{"line":1,"column":17},"end":{"line":1,"column":36}},"1":{"start":{"line":2,"column":18},"end":{"line":2,"column":38}},"2":{"start":{"line":4,"column":25},"end":{"line":25,"column":2}},"3":{"start":{"line":27,"column":19},"end":{"line":27,"column":65}},"4":{"start":{"line":29,"column":0},"end":{"line":29,"column":28}}},"fnMap":{},"branchMap":{},"s":{"0":2,"1":2,"2":2,"3":2,"4":2},"f":{},"b":{},"_coverageSchema":"1a1c01bbd47fc00a2c39e90264f33305004495a9","hash":"915ef351f99bcab649849c729f9746206562c2e5"}
,"C:\\Users\\USER\\Documents\\bootcamp\\phase-3\\projek\\SayangiKotamu\\server\\models\\categories.js": {"path":"C:\\Users\\USER\\Documents\\bootcamp\\phase-3\\projek\\SayangiKotamu\\server\\models\\categories.js","statementMap":{"0":{"start":{"line":1,"column":17},"end":{"line":1,"column":36}},"1":{"start":{"line":3,"column":25},"end":{"line":12,"column":2}},"2":{"start":{"line":14,"column":19},"end":{"line":14,"column":65}},"3":{"start":{"line":15,"column":0},"end":{"line":15,"column":28}}},"fnMap":{},"branchMap":{},"s":{"0":2,"1":2,"2":2,"3":2},"f":{},"b":{},"_coverageSchema":"1a1c01bbd47fc00a2c39e90264f33305004495a9","hash":"f0010c54cbf9bc1734a08377831d5b4e7c9d73ed"}
,"C:\\Users\\USER\\Documents\\bootcamp\\phase-3\\projek\\SayangiKotamu\\server\\models\\dinas.js": {"path":"C:\\Users\\USER\\Documents\\bootcamp\\phase-3\\projek\\SayangiKotamu\\server\\models\\dinas.js","statementMap":{"0":{"start":{"line":1,"column":17},"end":{"line":1,"column":36}},"1":{"start":{"line":2,"column":18},"end":{"line":2,"column":38}},"2":{"start":{"line":3,"column":21},"end":{"line":3,"column":40}},"3":{"start":{"line":5,"column":20},"end":{"line":40,"column":2}},"4":{"start":{"line":15,"column":6},"end":{"line":17,"column":7}},"5":{"start":{"line":16,"column":8},"end":{"line":16,"column":44}},"6":{"start":{"line":43,"column":0},"end":{"line":57,"column":3}},"7":{"start":{"line":44,"column":16},"end":{"line":44,"column":20}},"8":{"start":{"line":46,"column":21},"end":{"line":48,"column":4}},"9":{"start":{"line":47,"column":4},"end":{"line":47,"column":53}},"10":{"start":{"line":50,"column":14},"end":{"line":50,"column":45}},"11":{"start":{"line":51,"column":2},"end":{"line":51,"column":18}},"12":{"start":{"line":53,"column":22},"end":{"line":53,"column":46}},"13":{"start":{"line":54,"column":2},"end":{"line":54,"column":31}},"14":{"start":{"line":56,"column":2},"end":{"line":56,"column":9}},"15":{"start":{"line":59,"column":0},"end":{"line":61,"column":3}},"16":{"start":{"line":60,"column":59},"end":{"line":60,"column":63}},"17":{"start":{"line":63,"column":14},"end":{"line":63,"column":50}},"18":{"start":{"line":65,"column":0},"end":{"line":65,"column":23}}},"fnMap":{"0":{"name":"(anonymous_0)","decl":{"start":{"line":14,"column":4},"end":{"line":14,"column":5}},"loc":{"start":{"line":14,"column":20},"end":{"line":18,"column":5}},"line":14},"1":{"name":"(anonymous_1)","decl":{"start":{"line":43,"column":24},"end":{"line":43,"column":25}},"loc":{"start":{"line":43,"column":46},"end":{"line":57,"column":1}},"line":43},"2":{"name":"(anonymous_2)","decl":{"start":{"line":46,"column":47},"end":{"line":46,"column":48}},"loc":{"start":{"line":46,"column":55},"end":{"line":48,"column":3}},"line":46},"3":{"name":"(anonymous_3)","decl":{"start":{"line":60,"column":13},"end":{"line":60,"column":14}},"loc":{"start":{"line":60,"column":59},"end":{"line":60,"column":63}},"line":60}},"branchMap":{"0":{"loc":{"start":{"line":15,"column":6},"end":{"line":17,"column":7}},"type":"if","locations":[{"start":{"line":15,"column":6},"end":{"line":17,"column":7}},{"start":{"line":15,"column":6},"end":{"line":17,"column":7}}],"line":15}},"s":{"0":2,"1":2,"2":2,"3":2,"4":1,"5":0,"6":2,"7":1,"8":1,"9":2,"10":1,"11":1,"12":1,"13":1,"14":1,"15":2,"16":0,"17":2,"18":2},"f":{"0":1,"1":1,"2":2,"3":0},"b":{"0":[0,1]},"_coverageSchema":"1a1c01bbd47fc00a2c39e90264f33305004495a9","hash":"2588ed18ac6a62f592894aa1a6ea9f0044958aa9"}
,"C:\\Users\\USER\\Documents\\bootcamp\\phase-3\\projek\\SayangiKotamu\\server\\models\\notification.js": {"path":"C:\\Users\\USER\\Documents\\bootcamp\\phase-3\\projek\\SayangiKotamu\\server\\models\\notification.js","statementMap":{"0":{"start":{"line":1,"column":17},"end":{"line":1,"column":36}},"1":{"start":{"line":3,"column":27},"end":{"line":13,"column":2}},"2":{"start":{"line":15,"column":21},"end":{"line":15,"column":71}},"3":{"start":{"line":17,"column":0},"end":{"line":17,"column":30}}},"fnMap":{},"branchMap":{},"s":{"0":2,"1":2,"2":2,"3":2},"f":{},"b":{},"_coverageSchema":"1a1c01bbd47fc00a2c39e90264f33305004495a9","hash":"fc60abea99e74d27c7f72177ae2614672fe22225"}
,"C:\\Users\\USER\\Documents\\bootcamp\\phase-3\\projek\\SayangiKotamu\\server\\models\\report.js": {"path":"C:\\Users\\USER\\Documents\\bootcamp\\phase-3\\projek\\SayangiKotamu\\server\\models\\report.js","statementMap":{"0":{"start":{"line":1,"column":17},"end":{"line":1,"column":36}},"1":{"start":{"line":2,"column":18},"end":{"line":2,"column":38}},"2":{"start":{"line":3,"column":21},"end":{"line":3,"column":54}},"3":{"start":{"line":4,"column":14},"end":{"line":4,"column":40}},"4":{"start":{"line":6,"column":21},"end":{"line":57,"column":2}},"5":{"start":{"line":60,"column":0},"end":{"line":82,"column":3}},"6":{"start":{"line":61,"column":2},"end":{"line":79,"column":3}},"7":{"start":{"line":62,"column":26},"end":{"line":62,"column":42}},"8":{"start":{"line":64,"column":23},"end":{"line":66,"column":29}},"9":{"start":{"line":69,"column":6},"end":{"line":71,"column":35}},"10":{"start":{"line":73,"column":20},"end":{"line":77,"column":5}},"11":{"start":{"line":78,"column":4},"end":{"line":78,"column":39}},"12":{"start":{"line":81,"column":2},"end":{"line":81,"column":9}},"13":{"start":{"line":84,"column":15},"end":{"line":84,"column":53}},"14":{"start":{"line":86,"column":0},"end":{"line":86,"column":24}}},"fnMap":{"0":{"name":"(anonymous_0)","decl":{"start":{"line":60,"column":30},"end":{"line":60,"column":31}},"loc":{"start":{"line":60,"column":52},"end":{"line":82,"column":1}},"line":60}},"branchMap":{"0":{"loc":{"start":{"line":61,"column":2},"end":{"line":79,"column":3}},"type":"if","locations":[{"start":{"line":61,"column":2},"end":{"line":79,"column":3}},{"start":{"line":61,"column":2},"end":{"line":79,"column":3}}],"line":61},"1":{"loc":{"start":{"line":69,"column":6},"end":{"line":71,"column":35}},"type":"cond-expr","locations":[{"start":{"line":70,"column":10},"end":{"line":70,"column":28}},{"start":{"line":71,"column":10},"end":{"line":71,"column":35}}],"line":69}},"s":{"0":2,"1":2,"2":2,"3":2,"4":2,"5":2,"6":0,"7":0,"8":0,"9":0,"10":0,"11":0,"12":0,"13":2,"14":2},"f":{"0":0},"b":{"0":[0,0],"1":[0,0]},"_coverageSchema":"1a1c01bbd47fc00a2c39e90264f33305004495a9","hash":"04561ea6311e66d7e26d646479484580636524df"}
,"C:\\Users\\USER\\Documents\\bootcamp\\phase-3\\projek\\SayangiKotamu\\server\\models\\user.js": {"path":"C:\\Users\\USER\\Documents\\bootcamp\\phase-3\\projek\\SayangiKotamu\\server\\models\\user.js","statementMap":{"0":{"start":{"line":1,"column":12},"end":{"line":1,"column":35}},"1":{"start":{"line":2,"column":19},"end":{"line":2,"column":40}},"2":{"start":{"line":3,"column":21},"end":{"line":3,"column":36}},"3":{"start":{"line":4,"column":17},"end":{"line":4,"column":36}},"4":{"start":{"line":5,"column":18},"end":{"line":5,"column":38}},"5":{"start":{"line":6,"column":25},"end":{"line":6,"column":53}},"6":{"start":{"line":7,"column":33},"end":{"line":7,"column":58}},"7":{"start":{"line":9,"column":19},"end":{"line":49,"column":2}},"8":{"start":{"line":19,"column":6},"end":{"line":21,"column":7}},"9":{"start":{"line":20,"column":8},"end":{"line":20,"column":44}},"10":{"start":{"line":51,"column":0},"end":{"line":89,"column":3}},"11":{"start":{"line":52,"column":15},"end":{"line":52,"column":19}},"12":{"start":{"line":53,"column":2},"end":{"line":53,"column":50}},"13":{"start":{"line":53,"column":36},"end":{"line":53,"column":50}},"14":{"start":{"line":54,"column":2},"end":{"line":54,"column":46}},"15":{"start":{"line":57,"column":21},"end":{"line":61,"column":4}},"16":{"start":{"line":63,"column":2},"end":{"line":63,"column":39}},"17":{"start":{"line":65,"column":20},"end":{"line":71,"column":4}},"18":{"start":{"line":73,"column":20},"end":{"line":78,"column":3}},"19":{"start":{"line":80,"column":2},"end":{"line":87,"column":5}},"20":{"start":{"line":82,"column":4},"end":{"line":86,"column":5}},"21":{"start":{"line":83,"column":6},"end":{"line":83,"column":27}},"22":{"start":{"line":85,"column":6},"end":{"line":85,"column":32}},"23":{"start":{"line":88,"column":2},"end":{"line":88,"column":9}},"24":{"start":{"line":91,"column":13},"end":{"line":91,"column":47}},"25":{"start":{"line":92,"column":0},"end":{"line":92,"column":22}}},"fnMap":{"0":{"name":"(anonymous_0)","decl":{"start":{"line":18,"column":4},"end":{"line":18,"column":5}},"loc":{"start":{"line":18,"column":20},"end":{"line":22,"column":5}},"line":18},"1":{"name":"(anonymous_1)","decl":{"start":{"line":51,"column":23},"end":{"line":51,"column":24}},"loc":{"start":{"line":51,"column":39},"end":{"line":89,"column":1}},"line":51},"2":{"name":"(anonymous_2)","decl":{"start":{"line":80,"column":36},"end":{"line":80,"column":37}},"loc":{"start":{"line":80,"column":57},"end":{"line":87,"column":3}},"line":80}},"branchMap":{"0":{"loc":{"start":{"line":19,"column":6},"end":{"line":21,"column":7}},"type":"if","locations":[{"start":{"line":19,"column":6},"end":{"line":21,"column":7}},{"start":{"line":19,"column":6},"end":{"line":21,"column":7}}],"line":19},"1":{"loc":{"start":{"line":53,"column":2},"end":{"line":53,"column":50}},"type":"if","locations":[{"start":{"line":53,"column":2},"end":{"line":53,"column":50}},{"start":{"line":53,"column":2},"end":{"line":53,"column":50}}],"line":53},"2":{"loc":{"start":{"line":82,"column":4},"end":{"line":86,"column":5}},"type":"if","locations":[{"start":{"line":82,"column":4},"end":{"line":86,"column":5}},{"start":{"line":82,"column":4},"end":{"line":86,"column":5}}],"line":82}},"s":{"0":2,"1":2,"2":2,"3":2,"4":2,"5":2,"6":2,"7":2,"8":5,"9":1,"10":2,"11":0,"12":0,"13":0,"14":0,"15":0,"16":0,"17":0,"18":0,"19":0,"20":0,"21":0,"22":0,"23":0,"24":2,"25":2},"f":{"0":5,"1":0,"2":0},"b":{"0":[1,4],"1":[0,0],"2":[0,0]},"_coverageSchema":"1a1c01bbd47fc00a2c39e90264f33305004495a9","hash":"129d1d96e6eeea40680eb97332ddb22913196d0e"}
,"C:\\Users\\USER\\Documents\\bootcamp\\phase-3\\projek\\SayangiKotamu\\server\\routers\\announcment.js": {"path":"C:\\Users\\USER\\Documents\\bootcamp\\phase-3\\projek\\SayangiKotamu\\server\\routers\\announcment.js","statementMap":{"0":{"start":{"line":1,"column":15},"end":{"line":1,"column":42}},"1":{"start":{"line":2,"column":30},"end":{"line":2,"column":77}},"2":{"start":{"line":3,"column":36},"end":{"line":3,"column":66}},"3":{"start":{"line":5,"column":0},"end":{"line":5,"column":36}},"4":{"start":{"line":7,"column":0},"end":{"line":7,"column":46}},"5":{"start":{"line":8,"column":0},"end":{"line":8,"column":24}}},"fnMap":{},"branchMap":{},"s":{"0":2,"1":2,"2":2,"3":2,"4":2,"5":2},"f":{},"b":{},"_coverageSchema":"1a1c01bbd47fc00a2c39e90264f33305004495a9","hash":"a3aec25fc0c182a38f836166b6866d433b86e298"}
,"C:\\Users\\USER\\Documents\\bootcamp\\phase-3\\projek\\SayangiKotamu\\server\\routers\\aspiration.js": {"path":"C:\\Users\\USER\\Documents\\bootcamp\\phase-3\\projek\\SayangiKotamu\\server\\routers\\aspiration.js","statementMap":{"0":{"start":{"line":1,"column":15},"end":{"line":1,"column":42}},"1":{"start":{"line":2,"column":29},"end":{"line":2,"column":75}},"2":{"start":{"line":3,"column":36},"end":{"line":3,"column":66}},"3":{"start":{"line":5,"column":0},"end":{"line":5,"column":36}},"4":{"start":{"line":7,"column":0},"end":{"line":7,"column":45}},"5":{"start":{"line":9,"column":0},"end":{"line":9,"column":49}},"6":{"start":{"line":11,"column":0},"end":{"line":11,"column":52}},"7":{"start":{"line":13,"column":0},"end":{"line":13,"column":24}}},"fnMap":{},"branchMap":{},"s":{"0":2,"1":2,"2":2,"3":2,"4":2,"5":2,"6":2,"7":2},"f":{},"b":{},"_coverageSchema":"1a1c01bbd47fc00a2c39e90264f33305004495a9","hash":"7d9e60ad2cf728f727a79a59efdd41b67c186624"}
,"C:\\Users\\USER\\Documents\\bootcamp\\phase-3\\projek\\SayangiKotamu\\server\\routers\\index.js": {"path":"C:\\Users\\USER\\Documents\\bootcamp\\phase-3\\projek\\SayangiKotamu\\server\\routers\\index.js","statementMap":{"0":{"start":{"line":1,"column":16},"end":{"line":1,"column":43}},"1":{"start":{"line":2,"column":20},"end":{"line":2,"column":37}},"2":{"start":{"line":3,"column":26},"end":{"line":3,"column":49}},"3":{"start":{"line":4,"column":21},"end":{"line":4,"column":45}},"4":{"start":{"line":5,"column":26},"end":{"line":5,"column":49}},"5":{"start":{"line":6,"column":29},"end":{"line":6,"column":55}},"6":{"start":{"line":7,"column":27},"end":{"line":7,"column":51}},"7":{"start":{"line":9,"column":0},"end":{"line":9,"column":30}},"8":{"start":{"line":10,"column":0},"end":{"line":10,"column":46}},"9":{"start":{"line":11,"column":0},"end":{"line":11,"column":36}},"10":{"start":{"line":12,"column":0},"end":{"line":12,"column":47}},"11":{"start":{"line":13,"column":0},"end":{"line":13,"column":52}},"12":{"start":{"line":14,"column":0},"end":{"line":14,"column":49}},"13":{"start":{"line":16,"column":0},"end":{"line":16,"column":25}}},"fnMap":{},"branchMap":{},"s":{"0":2,"1":2,"2":2,"3":2,"4":2,"5":2,"6":2,"7":2,"8":2,"9":2,"10":2,"11":2,"12":2,"13":2},"f":{},"b":{},"_coverageSchema":"1a1c01bbd47fc00a2c39e90264f33305004495a9","hash":"863e02322674b0169cb917f17c1ec8ab8490a26c"}
,"C:\\Users\\USER\\Documents\\bootcamp\\phase-3\\projek\\SayangiKotamu\\server\\routers\\notifications.js": {"path":"C:\\Users\\USER\\Documents\\bootcamp\\phase-3\\projek\\SayangiKotamu\\server\\routers\\notifications.js","statementMap":{"0":{"start":{"line":1,"column":15},"end":{"line":1,"column":42}},"1":{"start":{"line":2,"column":31},"end":{"line":2,"column":79}},"2":{"start":{"line":3,"column":36},"end":{"line":3,"column":66}},"3":{"start":{"line":5,"column":0},"end":{"line":5,"column":36}},"4":{"start":{"line":6,"column":0},"end":{"line":6,"column":47}},"5":{"start":{"line":8,"column":0},"end":{"line":8,"column":24}}},"fnMap":{},"branchMap":{},"s":{"0":2,"1":2,"2":2,"3":2,"4":2,"5":2},"f":{},"b":{},"_coverageSchema":"1a1c01bbd47fc00a2c39e90264f33305004495a9","hash":"41de935bb69e206d168c861785ac83320101894e"}
,"C:\\Users\\USER\\Documents\\bootcamp\\phase-3\\projek\\SayangiKotamu\\server\\routers\\reportUser.js": {"path":"C:\\Users\\USER\\Documents\\bootcamp\\phase-3\\projek\\SayangiKotamu\\server\\routers\\reportUser.js","statementMap":{"0":{"start":{"line":1,"column":16},"end":{"line":1,"column":43}},"1":{"start":{"line":2,"column":25},"end":{"line":2,"column":67}},"2":{"start":{"line":3,"column":36},"end":{"line":3,"column":66}},"3":{"start":{"line":5,"column":0},"end":{"line":5,"column":37}},"4":{"start":{"line":6,"column":0},"end":{"line":6,"column":43}},"5":{"start":{"line":7,"column":0},"end":{"line":7,"column":59}},"6":{"start":{"line":8,"column":0},"end":{"line":8,"column":46}},"7":{"start":{"line":9,"column":0},"end":{"line":9,"column":60}},"8":{"start":{"line":10,"column":0},"end":{"line":10,"column":64}},"9":{"start":{"line":12,"column":0},"end":{"line":12,"column":25}}},"fnMap":{},"branchMap":{},"s":{"0":2,"1":2,"2":2,"3":2,"4":2,"5":2,"6":2,"7":2,"8":2,"9":2},"f":{},"b":{},"_coverageSchema":"1a1c01bbd47fc00a2c39e90264f33305004495a9","hash":"82e08021ede559c12d4370ed4f7735cad2497e80"}
,"C:\\Users\\USER\\Documents\\bootcamp\\phase-3\\projek\\SayangiKotamu\\server\\routers\\user.js": {"path":"C:\\Users\\USER\\Documents\\bootcamp\\phase-3\\projek\\SayangiKotamu\\server\\routers\\user.js","statementMap":{"0":{"start":{"line":1,"column":16},"end":{"line":1,"column":43}},"1":{"start":{"line":2,"column":23},"end":{"line":2,"column":63}},"2":{"start":{"line":4,"column":0},"end":{"line":4,"column":51}},"3":{"start":{"line":5,"column":0},"end":{"line":5,"column":45}},"4":{"start":{"line":6,"column":0},"end":{"line":6,"column":52}},"5":{"start":{"line":7,"column":0},"end":{"line":7,"column":69}},"6":{"start":{"line":9,"column":0},"end":{"line":9,"column":25}}},"fnMap":{},"branchMap":{},"s":{"0":2,"1":2,"2":2,"3":2,"4":2,"5":2,"6":2},"f":{},"b":{},"_coverageSchema":"1a1c01bbd47fc00a2c39e90264f33305004495a9","hash":"6b840da1b5e59038236f43bab4001f2b721f5cfb"}
,"C:\\Users\\USER\\Documents\\bootcamp\\phase-3\\projek\\SayangiKotamu\\server\\routers\\dinas\\announcment.js": {"path":"C:\\Users\\USER\\Documents\\bootcamp\\phase-3\\projek\\SayangiKotamu\\server\\routers\\dinas\\announcment.js","statementMap":{"0":{"start":{"line":1,"column":15},"end":{"line":1,"column":42}},"1":{"start":{"line":2,"column":30},"end":{"line":2,"column":80}},"2":{"start":{"line":4,"column":0},"end":{"line":4,"column":46}},"3":{"start":{"line":6,"column":0},"end":{"line":6,"column":50}},"4":{"start":{"line":8,"column":0},"end":{"line":8,"column":47}},"5":{"start":{"line":10,"column":0},"end":{"line":10,"column":47}},"6":{"start":{"line":12,"column":0},"end":{"line":12,"column":52}},"7":{"start":{"line":14,"column":0},"end":{"line":14,"column":24}}},"fnMap":{},"branchMap":{},"s":{"0":2,"1":2,"2":2,"3":2,"4":2,"5":2,"6":2,"7":2},"f":{},"b":{},"_coverageSchema":"1a1c01bbd47fc00a2c39e90264f33305004495a9","hash":"18e8e957e6ddea2eee6c577f245a2adc73d4b998"}
,"C:\\Users\\USER\\Documents\\bootcamp\\phase-3\\projek\\SayangiKotamu\\server\\routers\\dinas\\aspirations.js": {"path":"C:\\Users\\USER\\Documents\\bootcamp\\phase-3\\projek\\SayangiKotamu\\server\\routers\\dinas\\aspirations.js","statementMap":{"0":{"start":{"line":1,"column":29},"end":{"line":1,"column":78}},"1":{"start":{"line":3,"column":15},"end":{"line":3,"column":42}},"2":{"start":{"line":5,"column":0},"end":{"line":5,"column":45}},"3":{"start":{"line":7,"column":0},"end":{"line":7,"column":49}},"4":{"start":{"line":9,"column":0},"end":{"line":9,"column":24}}},"fnMap":{},"branchMap":{},"s":{"0":2,"1":2,"2":2,"3":2,"4":2},"f":{},"b":{},"_coverageSchema":"1a1c01bbd47fc00a2c39e90264f33305004495a9","hash":"c1763fe2ee8dbdffb072985c968b0ceabdab8db4"}
,"C:\\Users\\USER\\Documents\\bootcamp\\phase-3\\projek\\SayangiKotamu\\server\\routers\\dinas\\categories.js": {"path":"C:\\Users\\USER\\Documents\\bootcamp\\phase-3\\projek\\SayangiKotamu\\server\\routers\\dinas\\categories.js","statementMap":{"0":{"start":{"line":1,"column":16},"end":{"line":1,"column":43}},"1":{"start":{"line":2,"column":29},"end":{"line":2,"column":78}},"2":{"start":{"line":4,"column":0},"end":{"line":4,"column":47}},"3":{"start":{"line":5,"column":0},"end":{"line":5,"column":50}},"4":{"start":{"line":6,"column":0},"end":{"line":6,"column":54}},"5":{"start":{"line":7,"column":0},"end":{"line":7,"column":57}},"6":{"start":{"line":8,"column":0},"end":{"line":8,"column":62}},"7":{"start":{"line":10,"column":0},"end":{"line":10,"column":25}}},"fnMap":{},"branchMap":{},"s":{"0":2,"1":2,"2":2,"3":2,"4":2,"5":2,"6":2,"7":2},"f":{},"b":{},"_coverageSchema":"1a1c01bbd47fc00a2c39e90264f33305004495a9","hash":"8e2f4d414743f8a559dead83ad041a50e1f260ba"}
,"C:\\Users\\USER\\Documents\\bootcamp\\phase-3\\projek\\SayangiKotamu\\server\\routers\\dinas\\dinas.js": {"path":"C:\\Users\\USER\\Documents\\bootcamp\\phase-3\\projek\\SayangiKotamu\\server\\routers\\dinas\\dinas.js","statementMap":{"0":{"start":{"line":1,"column":15},"end":{"line":1,"column":42}},"1":{"start":{"line":2,"column":24},"end":{"line":2,"column":68}},"2":{"start":{"line":3,"column":27},"end":{"line":3,"column":46}},"3":{"start":{"line":4,"column":27},"end":{"line":4,"column":51}},"4":{"start":{"line":5,"column":26},"end":{"line":5,"column":49}},"5":{"start":{"line":6,"column":26},"end":{"line":6,"column":50}},"6":{"start":{"line":7,"column":22},"end":{"line":7,"column":55}},"7":{"start":{"line":9,"column":0},"end":{"line":9,"column":51}},"8":{"start":{"line":11,"column":0},"end":{"line":11,"column":45}},"9":{"start":{"line":13,"column":0},"end":{"line":13,"column":47}},"10":{"start":{"line":15,"column":0},"end":{"line":15,"column":54}},"11":{"start":{"line":16,"column":0},"end":{"line":16,"column":59}},"12":{"start":{"line":17,"column":0},"end":{"line":17,"column":56}},"13":{"start":{"line":18,"column":0},"end":{"line":18,"column":57}},"14":{"start":{"line":20,"column":0},"end":{"line":20,"column":24}}},"fnMap":{},"branchMap":{},"s":{"0":2,"1":2,"2":2,"3":2,"4":2,"5":2,"6":2,"7":2,"8":2,"9":2,"10":2,"11":2,"12":2,"13":2,"14":2},"f":{},"b":{},"_coverageSchema":"1a1c01bbd47fc00a2c39e90264f33305004495a9","hash":"e4ae28dc69ca1cae9cd39fafee45a6a2da2a8bc6"}
,"C:\\Users\\USER\\Documents\\bootcamp\\phase-3\\projek\\SayangiKotamu\\server\\routers\\dinas\\report.js": {"path":"C:\\Users\\USER\\Documents\\bootcamp\\phase-3\\projek\\SayangiKotamu\\server\\routers\\dinas\\report.js","statementMap":{"0":{"start":{"line":1,"column":15},"end":{"line":1,"column":42}},"1":{"start":{"line":2,"column":25},"end":{"line":2,"column":70}},"2":{"start":{"line":3,"column":23},"end":{"line":3,"column":56}},"3":{"start":{"line":5,"column":0},"end":{"line":5,"column":53}},"4":{"start":{"line":7,"column":0},"end":{"line":7,"column":68}},"5":{"start":{"line":9,"column":0},"end":{"line":9,"column":64}},"6":{"start":{"line":11,"column":0},"end":{"line":11,"column":70}},"7":{"start":{"line":17,"column":0},"end":{"line":17,"column":24}}},"fnMap":{},"branchMap":{},"s":{"0":2,"1":2,"2":2,"3":2,"4":2,"5":2,"6":2,"7":2},"f":{},"b":{},"_coverageSchema":"1a1c01bbd47fc00a2c39e90264f33305004495a9","hash":"b842c3294687ca8b701d0fce1c860c4d5b971f7f"}
}
