TN:
SF:app.js
FNF:0
FNH:0
DA:4,3
DA:5,3
DA:6,3
DA:7,3
DA:8,3
DA:9,3
DA:10,3
DA:12,3
DA:13,3
DA:14,3
DA:16,3
DA:17,3
DA:19,3
LF:13
LH:13
BRF:0
BRH:0
end_of_record
TN:
SF:config/mongoose.js
FN:10,(anonymous_0)
FNF:1
FNH:1
FNDA:3,(anonymous_0)
DA:1,3
DA:4,3
DA:5,0
DA:7,3
DA:10,3
DA:11,3
DA:12,0
DA:14,3
LF:8
LH:6
BRDA:4,0,0,0
BRDA:4,0,1,3
BRDA:11,1,0,0
BRDA:11,1,1,3
BRF:4
BRH:2
end_of_record
TN:
SF:controllers/announcmentController.js
FN:7,(anonymous_0)
FN:35,(anonymous_1)
FN:43,(anonymous_2)
FN:62,(anonymous_3)
FN:78,(anonymous_4)
FN:115,(anonymous_5)
FN:123,(anonymous_6)
FNF:7
FNH:0
FNDA:0,(anonymous_0)
FNDA:0,(anonymous_1)
FNDA:0,(anonymous_2)
FNDA:0,(anonymous_3)
FNDA:0,(anonymous_4)
FNDA:0,(anonymous_5)
FNDA:0,(anonymous_6)
DA:1,3
DA:3,3
DA:4,3
DA:8,0
DA:9,0
DA:15,0
DA:16,0
DA:17,0
DA:26,0
DA:29,0
DA:31,0
DA:32,0
DA:34,0
DA:35,0
DA:36,0
DA:38,0
DA:44,0
DA:45,0
DA:46,0
DA:47,0
DA:49,0
DA:51,0
DA:55,0
DA:58,0
DA:63,0
DA:64,0
DA:65,0
DA:68,0
DA:69,0
DA:71,0
DA:74,0
DA:79,0
DA:84,0
DA:86,0
DA:87,0
DA:93,0
DA:94,0
DA:106,0
DA:108,0
DA:111,0
DA:112,0
DA:114,0
DA:115,0
DA:116,0
DA:118,0
DA:124,0
DA:125,0
DA:127,0
DA:128,0
DA:131,0
DA:132,0
DA:144,0
DA:146,0
DA:149,0
DA:150,0
DA:155,3
LF:56
LH:4
BRDA:31,0,0,0
BRDA:31,0,1,0
BRDA:46,1,0,0
BRDA:46,1,1,0
BRDA:68,2,0,0
BRDA:68,2,1,0
BRDA:93,3,0,0
BRDA:93,3,1,0
BRDA:111,4,0,0
BRDA:111,4,1,0
BRDA:131,5,0,0
BRDA:131,5,1,0
BRF:12
BRH:0
end_of_record
TN:
SF:controllers/aspirationController.js
FN:7,(anonymous_0)
FN:24,(anonymous_1)
FN:32,(anonymous_2)
FN:43,(anonymous_3)
FN:51,(anonymous_4)
FN:91,(anonymous_5)
FNF:6
FNH:0
FNDA:0,(anonymous_0)
FNDA:0,(anonymous_1)
FNDA:0,(anonymous_2)
FNDA:0,(anonymous_3)
FNDA:0,(anonymous_4)
FNDA:0,(anonymous_5)
DA:1,3
DA:2,3
DA:3,3
DA:8,0
DA:9,0
DA:11,0
DA:12,0
DA:13,0
DA:14,0
DA:16,0
DA:17,0
DA:20,0
DA:21,0
DA:23,0
DA:24,0
DA:25,0
DA:27,0
DA:33,0
DA:35,0
DA:36,0
DA:37,0
DA:39,0
DA:40,0
DA:42,0
DA:43,0
DA:44,0
DA:46,0
DA:52,0
DA:54,0
DA:60,0
DA:61,0
DA:62,0
DA:63,0
DA:64,0
DA:73,0
DA:82,0
DA:85,0
DA:87,0
DA:88,0
DA:90,0
DA:91,0
DA:92,0
DA:94,0
DA:102,3
LF:44
LH:4
BRDA:12,0,0,0
BRDA:12,0,1,0
BRDA:20,1,0,0
BRDA:20,1,1,0
BRDA:39,2,0,0
BRDA:39,2,1,0
BRDA:87,3,0,0
BRDA:87,3,1,0
BRF:8
BRH:0
end_of_record
TN:
SF:controllers/categoriesController.js
FN:4,(anonymous_0)
FN:13,(anonymous_1)
FN:29,(anonymous_2)
FN:36,(anonymous_3)
FN:52,(anonymous_4)
FN:78,(anonymous_5)
FNF:6
FNH:0
FNDA:0,(anonymous_0)
FNDA:0,(anonymous_1)
FNDA:0,(anonymous_2)
FNDA:0,(anonymous_3)
FNDA:0,(anonymous_4)
FNDA:0,(anonymous_5)
DA:1,3
DA:5,0
DA:6,0
DA:7,0
DA:9,0
DA:10,0
DA:14,0
DA:16,0
DA:17,0
DA:18,0
DA:22,0
DA:23,0
DA:25,0
DA:26,0
DA:28,0
DA:29,0
DA:30,0
DA:32,0
DA:37,0
DA:38,0
DA:39,0
DA:40,0
DA:41,0
DA:43,0
DA:49,0
DA:53,0
DA:55,0
DA:56,0
DA:57,0
DA:61,0
DA:66,0
DA:67,0
DA:69,0
DA:75,0
DA:79,0
DA:80,0
DA:81,0
DA:82,0
DA:84,0
DA:90,0
DA:94,3
LF:41
LH:2
BRDA:25,0,0,0
BRDA:25,0,1,0
BRDA:40,1,0,0
BRDA:40,1,1,0
BRDA:66,2,0,0
BRDA:66,2,1,0
BRDA:81,3,0,0
BRDA:81,3,1,0
BRF:8
BRH:0
end_of_record
TN:
SF:controllers/dinasController.js
FN:6,(anonymous_0)
FN:28,(anonymous_1)
FN:36,(anonymous_2)
FN:74,(anonymous_3)
FNF:4
FNH:4
FNDA:5,(anonymous_0)
FNDA:4,(anonymous_1)
FNDA:13,(anonymous_2)
FNDA:1,(anonymous_3)
DA:1,3
DA:2,3
DA:3,3
DA:7,5
DA:14,5
DA:15,5
DA:16,5
DA:17,0
DA:19,5
DA:20,1
DA:21,1
DA:24,4
DA:25,0
DA:27,4
DA:28,4
DA:29,4
DA:31,4
DA:37,13
DA:41,13
DA:42,13
DA:45,13
DA:46,12
DA:50,12
DA:51,11
DA:55,11
DA:61,1
DA:64,1
DA:67,2
DA:68,2
DA:70,2
DA:75,1
DA:76,1
DA:77,1
DA:79,0
DA:84,3
LF:35
LH:32
BRDA:11,0,0,5
BRDA:11,0,1,5
BRDA:16,1,0,0
BRDA:16,1,1,5
BRDA:24,2,0,0
BRDA:24,2,1,4
BRDA:45,3,0,12
BRDA:45,3,1,1
BRDA:50,4,0,11
BRDA:50,4,1,1
BRDA:67,5,0,2
BRDA:67,5,1,0
BRF:12
BRH:9
end_of_record
TN:
SF:controllers/notificationController.js
FN:4,(anonymous_0)
FNF:1
FNH:0
FNDA:0,(anonymous_0)
DA:1,3
DA:5,0
DA:6,0
DA:7,0
DA:8,0
DA:10,0
DA:11,0
DA:16,3
LF:8
LH:2
BRF:0
BRH:0
end_of_record
TN:
SF:controllers/reportController.js
FN:10,(anonymous_0)
FN:23,(anonymous_1)
FN:40,(anonymous_2)
FN:58,(anonymous_3)
FN:112,(anonymous_4)
FN:119,(anonymous_5)
FN:174,(anonymous_6)
FN:231,(anonymous_7)
FN:259,(anonymous_8)
FN:276,(anonymous_9)
FN:343,(anonymous_10)
FNF:11
FNH:11
FNDA:1,(anonymous_0)
FNDA:2,(anonymous_1)
FNDA:1,(anonymous_2)
FNDA:5,(anonymous_3)
FNDA:4,(anonymous_4)
FNDA:2,(anonymous_5)
FNDA:2,(anonymous_6)
FNDA:1,(anonymous_7)
FNDA:1,(anonymous_8)
FNDA:1,(anonymous_9)
FNDA:1,(anonymous_10)
DA:1,3
DA:3,3
DA:4,3
DA:5,3
DA:6,3
DA:11,1
DA:12,1
DA:13,1
DA:17,1
DA:19,0
DA:24,2
DA:25,2
DA:26,2
DA:30,2
DA:31,1
DA:33,1
DA:36,1
DA:41,1
DA:42,1
DA:46,1
DA:47,1
DA:49,0
DA:55,0
DA:59,5
DA:60,5
DA:73,5
DA:74,5
DA:75,5
DA:76,5
DA:77,5
DA:79,1
DA:88,1
DA:97,1
DA:106,1
DA:108,4
DA:109,0
DA:111,4
DA:112,4
DA:113,4
DA:115,4
DA:121,2
DA:122,2
DA:123,2
DA:124,1
DA:125,1
DA:129,1
DA:140,1
DA:151,1
DA:162,1
DA:164,1
DA:170,0
DA:171,0
DA:176,2
DA:177,2
DA:178,2
DA:179,1
DA:180,1
DA:184,1
DA:195,1
DA:206,1
DA:217,1
DA:219,1
DA:225,0
DA:226,0
DA:232,1
DA:233,1
DA:234,1
DA:235,1
DA:236,0
DA:240,0
DA:241,1
DA:242,0
DA:246,0
DA:248,1
DA:252,1
DA:255,0
DA:260,1
DA:261,1
DA:262,1
DA:266,1
DA:267,1
DA:269,0
DA:272,0
DA:277,1
DA:278,1
DA:279,1
DA:280,0
DA:282,1
DA:287,1
DA:288,1
DA:289,1
DA:290,1
DA:291,1
DA:292,1
DA:295,1
DA:297,1
DA:309,1
DA:321,1
DA:334,1
DA:336,0
DA:339,0
DA:344,1
DA:345,1
DA:346,1
DA:347,1
DA:348,1
DA:360,1
DA:372,1
DA:384,1
DA:386,0
DA:389,0
DA:390,0
DA:395,3
LF:113
LH:92
BRDA:30,0,0,1
BRDA:30,0,1,1
BRDA:46,1,0,1
BRDA:46,1,1,0
BRDA:108,2,0,0
BRDA:108,2,1,4
BRDA:123,3,0,1
BRDA:123,3,1,1
BRDA:178,4,0,1
BRDA:178,4,1,1
BRDA:235,5,0,0
BRDA:235,5,1,1
BRDA:241,6,0,0
BRDA:241,6,1,1
BRDA:266,7,0,1
BRDA:266,7,1,0
BRDA:279,8,0,0
BRDA:279,8,1,1
BRDA:289,9,0,1
BRDA:289,9,1,0
BRDA:347,10,0,1
BRDA:347,10,1,0
BRF:22
BRH:14
end_of_record
TN:
SF:controllers/userController.js
FN:8,(anonymous_0)
FN:39,(anonymous_1)
FN:49,(anonymous_2)
FN:75,(anonymous_3)
FN:84,(anonymous_4)
FN:88,(anonymous_5)
FN:104,(anonymous_6)
FN:113,(anonymous_7)
FN:118,(anonymous_8)
FNF:9
FNH:3
FNDA:8,(anonymous_0)
FNDA:6,(anonymous_1)
FNDA:16,(anonymous_2)
FNDA:0,(anonymous_3)
FNDA:0,(anonymous_4)
FNDA:0,(anonymous_5)
FNDA:0,(anonymous_6)
FNDA:0,(anonymous_7)
FNDA:0,(anonymous_8)
DA:1,3
DA:3,3
DA:4,3
DA:5,3
DA:9,8
DA:10,8
DA:19,8
DA:20,8
DA:21,8
DA:22,1
DA:24,7
DA:25,1
DA:27,6
DA:28,1
DA:32,7
DA:33,2
DA:38,5
DA:39,5
DA:40,6
DA:42,5
DA:50,16
DA:51,16
DA:52,16
DA:53,15
DA:54,15
DA:55,14
DA:59,14
DA:61,14
DA:63,1
DA:66,0
DA:69,1
DA:72,2
DA:76,0
DA:77,0
DA:78,0
DA:79,0
DA:85,0
DA:86,0
DA:89,0
DA:90,0
DA:92,0
DA:93,0
DA:94,0
DA:96,0
DA:97,0
DA:105,0
DA:110,0
DA:111,0
DA:114,0
DA:119,0
DA:120,0
DA:121,0
DA:122,0
DA:123,0
DA:126,0
DA:127,0
DA:128,0
DA:132,0
DA:134,0
DA:137,0
DA:140,0
DA:143,0
DA:144,0
DA:148,3
LF:64
LH:32
BRDA:21,0,0,1
BRDA:21,0,1,7
BRDA:24,1,0,1
BRDA:24,1,1,6
BRDA:32,2,0,2
BRDA:32,2,1,5
BRDA:52,3,0,15
BRDA:52,3,1,1
BRDA:53,4,0,15
BRDA:53,4,1,0
BRDA:54,5,0,14
BRDA:54,5,1,1
BRDA:89,6,0,0
BRDA:89,6,1,0
BRDA:122,7,0,0
BRDA:122,7,1,0
BRDA:126,8,0,0
BRDA:126,8,1,0
BRDA:127,9,0,0
BRDA:127,9,1,0
BRF:20
BRH:11
end_of_record
TN:
SF:helpers/bcrypt.js
FN:3,comparePassword
FN:6,hashPassword
FNF:2
FNH:2
FNDA:27,comparePassword
FNDA:4,hashPassword
DA:1,3
DA:4,27
DA:7,4
DA:10,3
LF:4
LH:4
BRF:0
BRH:0
end_of_record
TN:
SF:helpers/jwt.js
FN:3,(anonymous_0)
FN:8,(anonymous_1)
FN:13,(anonymous_2)
FN:20,(anonymous_3)
FNF:4
FNH:3
FNDA:25,(anonymous_0)
FNDA:23,(anonymous_1)
FNDA:4,(anonymous_2)
FNDA:0,(anonymous_3)
DA:1,3
DA:3,3
DA:4,25
DA:5,25
DA:8,3
DA:9,23
DA:10,23
DA:13,3
DA:14,4
DA:17,4
DA:20,3
DA:21,0
DA:22,0
DA:25,3
LF:14
LH:12
BRF:0
BRH:0
end_of_record
TN:
SF:middlewares/auth.js
FN:6,dinasAuth
FN:34,Userauth
FN:60,authEmailUser
FN:81,authZDinas
FNF:4
FNH:4
FNDA:10,dinasAuth
FNDA:13,Userauth
FNDA:13,authEmailUser
FNDA:9,authZDinas
DA:1,3
DA:2,3
DA:3,3
DA:4,3
DA:7,10
DA:9,10
DA:10,10
DA:11,10
DA:12,10
DA:16,10
DA:17,10
DA:22,10
DA:24,0
DA:27,0
DA:30,0
DA:35,13
DA:36,13
DA:37,13
DA:38,13
DA:39,13
DA:42,13
DA:43,13
DA:48,13
DA:50,0
DA:53,0
DA:56,0
DA:61,13
DA:63,13
DA:64,13
DA:66,13
DA:67,0
DA:69,13
DA:70,0
DA:72,13
DA:76,0
DA:82,9
DA:83,9
DA:84,9
DA:85,9
DA:86,9
DA:87,5
DA:88,3
DA:90,2
DA:93,4
DA:96,6
DA:100,3
LF:46
LH:37
BRDA:10,0,0,10
BRDA:10,0,1,0
BRDA:16,1,0,10
BRDA:16,1,1,0
BRDA:37,2,0,13
BRDA:37,2,1,0
BRDA:42,3,0,13
BRDA:42,3,1,0
BRDA:66,4,0,0
BRDA:66,4,1,13
BRDA:69,5,0,0
BRDA:69,5,1,13
BRDA:86,6,0,5
BRDA:86,6,1,4
BRDA:87,7,0,3
BRDA:87,7,1,2
BRF:16
BRH:10
end_of_record
TN:
SF:middlewares/errorHandler.js
FN:1,errorHandler
FNF:1
FNH:1
FNDA:20,errorHandler
DA:2,20
DA:3,20
DA:5,0
DA:6,0
DA:8,4
DA:9,4
DA:11,0
DA:12,0
DA:14,0
DA:15,0
DA:17,5
DA:18,5
DA:20,0
DA:21,0
DA:23,0
DA:24,0
DA:26,0
DA:27,0
DA:29,0
DA:30,0
DA:32,2
DA:33,2
DA:35,0
DA:38,0
DA:42,1
DA:43,1
DA:45,1
DA:46,1
DA:48,5
DA:49,5
DA:51,0
DA:52,0
DA:54,2
DA:55,2
DA:57,0
DA:60,3
LF:36
LH:17
BRDA:3,0,0,0
BRDA:3,0,1,4
BRDA:3,0,2,0
BRDA:3,0,3,0
BRDA:3,0,4,5
BRDA:3,0,5,0
BRDA:3,0,6,0
BRDA:3,0,7,0
BRDA:3,0,8,0
BRDA:3,0,9,2
BRDA:3,0,10,0
BRDA:3,0,11,1
BRDA:3,0,12,1
BRDA:3,0,13,5
BRDA:3,0,14,0
BRDA:3,0,15,2
BRDA:3,0,16,0
BRF:17
BRH:7
end_of_record
TN:
SF:models/announcment.js
FNF:0
FNH:0
DA:1,3
DA:2,3
DA:4,3
DA:22,3
DA:24,3
LF:5
LH:5
BRF:0
BRH:0
end_of_record
TN:
SF:models/aspiration.js
FNF:0
FNH:0
DA:1,3
DA:2,3
DA:4,3
DA:27,3
DA:29,3
LF:5
LH:5
BRF:0
BRH:0
end_of_record
TN:
SF:models/categories.js
FNF:0
FNH:0
DA:1,3
DA:3,3
DA:14,3
DA:15,3
LF:4
LH:4
BRF:0
BRH:0
end_of_record
TN:
SF:models/dinas.js
FN:14,(anonymous_0)
FN:43,(anonymous_1)
FN:46,(anonymous_2)
FN:60,(anonymous_3)
FNF:4
FNH:4
FNDA:7,(anonymous_0)
FNDA:4,(anonymous_1)
FNDA:8,(anonymous_2)
FNDA:15,(anonymous_3)
DA:1,3
DA:2,3
DA:3,3
DA:5,3
DA:15,7
DA:16,1
DA:43,3
DA:44,4
DA:46,4
DA:47,8
DA:50,4
DA:51,4
DA:53,4
DA:54,4
DA:56,4
DA:59,3
DA:60,15
DA:63,3
DA:65,3
LF:19
LH:19
BRDA:15,0,0,1
BRDA:15,0,1,6
BRF:2
BRH:2
end_of_record
TN:
SF:models/notification.js
FNF:0
FNH:0
DA:1,3
DA:3,3
DA:15,3
DA:17,3
LF:4
LH:4
BRF:0
BRH:0
end_of_record
TN:
SF:models/report.js
FN:60,(anonymous_0)
FNF:1
FNH:1
FNDA:3,(anonymous_0)
DA:1,3
DA:2,3
DA:3,3
DA:4,3
DA:6,3
DA:60,3
DA:61,3
DA:62,1
DA:64,1
DA:69,1
DA:73,1
DA:78,1
DA:81,3
DA:84,3
DA:86,3
LF:15
LH:15
BRDA:61,0,0,1
BRDA:61,0,1,2
BRDA:69,1,0,1
BRDA:69,1,1,0
BRF:4
BRH:3
end_of_record
TN:
SF:models/user.js
FN:18,(anonymous_0)
FN:51,(anonymous_1)
FN:80,(anonymous_2)
FNF:3
FNH:3
FNDA:6,(anonymous_0)
FNDA:4,(anonymous_1)
FNDA:2,(anonymous_2)
DA:1,3
DA:2,3
DA:3,3
DA:4,3
DA:5,3
DA:6,3
DA:7,3
DA:9,3
DA:19,6
DA:20,1
DA:51,3
DA:52,4
DA:53,4
DA:54,4
DA:57,4
DA:63,4
DA:65,4
DA:73,4
DA:80,4
DA:82,2
DA:83,0
DA:85,2
DA:88,4
DA:91,3
DA:92,3
LF:25
LH:24
BRDA:19,0,0,1
BRDA:19,0,1,5
BRDA:53,1,0,0
BRDA:53,1,1,4
BRDA:82,2,0,0
BRDA:82,2,1,2
BRF:6
BRH:4
end_of_record
TN:
SF:routers/announcment.js
FNF:0
FNH:0
DA:1,3
DA:2,3
DA:3,3
DA:5,3
DA:7,3
DA:8,3
DA:10,3
LF:7
LH:7
BRF:0
BRH:0
end_of_record
TN:
SF:routers/aspiration.js
FNF:0
FNH:0
DA:1,3
DA:2,3
DA:3,3
DA:5,3
DA:7,3
DA:9,3
DA:11,3
DA:13,3
LF:8
LH:8
BRF:0
BRH:0
end_of_record
TN:
SF:routers/categories.js
FNF:0
FNH:0
DA:1,3
DA:2,3
DA:3,3
DA:5,3
DA:6,3
DA:8,3
LF:6
LH:6
BRF:0
BRH:0
end_of_record
TN:
SF:routers/index.js
FNF:0
FNH:0
DA:1,3
DA:2,3
DA:3,3
DA:4,3
DA:5,3
DA:6,3
DA:7,3
DA:8,3
DA:10,3
DA:11,3
DA:12,3
DA:13,3
DA:14,3
DA:15,3
DA:16,3
DA:18,3
LF:16
LH:16
BRF:0
BRH:0
end_of_record
TN:
SF:routers/notifications.js
FNF:0
FNH:0
DA:1,3
DA:2,3
DA:3,3
DA:5,3
DA:6,3
DA:8,3
LF:6
LH:6
BRF:0
BRH:0
end_of_record
TN:
SF:routers/reportUser.js
FNF:0
FNH:0
DA:1,3
DA:2,3
DA:3,3
DA:5,3
DA:6,3
DA:7,3
DA:9,3
DA:10,3
DA:11,3
DA:12,3
DA:14,3
LF:11
LH:11
BRF:0
BRH:0
end_of_record
TN:
SF:routers/user.js
FNF:0
FNH:0
DA:1,3
DA:2,3
DA:4,3
DA:5,3
DA:6,3
DA:7,3
DA:9,3
LF:7
LH:7
BRF:0
BRH:0
end_of_record
TN:
SF:routers/dinas/announcment.js
FNF:0
FNH:0
DA:1,3
DA:2,3
DA:4,3
DA:6,3
DA:8,3
DA:10,3
DA:12,3
DA:14,3
LF:8
LH:8
BRF:0
BRH:0
end_of_record
TN:
SF:routers/dinas/aspirations.js
FNF:0
FNH:0
DA:1,3
DA:3,3
DA:5,3
DA:7,3
DA:9,3
LF:5
LH:5
BRF:0
BRH:0
end_of_record
TN:
SF:routers/dinas/categories.js
FNF:0
FNH:0
DA:1,3
DA:2,3
DA:4,3
DA:5,3
DA:6,3
DA:7,3
DA:8,3
DA:10,3
LF:8
LH:8
BRF:0
BRH:0
end_of_record
TN:
SF:routers/dinas/dinas.js
FNF:0
FNH:0
DA:1,3
DA:2,3
DA:3,3
DA:4,3
DA:5,3
DA:6,3
DA:7,3
DA:9,3
DA:11,3
DA:13,3
DA:15,3
DA:16,3
DA:17,3
DA:18,3
DA:20,3
LF:15
LH:15
BRF:0
BRH:0
end_of_record
TN:
SF:routers/dinas/report.js
FNF:0
FNH:0
DA:1,3
DA:2,3
DA:3,3
DA:5,3
DA:7,3
DA:9,3
DA:11,3
DA:17,3
LF:8
LH:8
BRF:0
BRH:0
end_of_record
